Mplus VERSION 8.1
MUTHEN & MUTHEN
06/10/2018   6:36 PM

INPUT INSTRUCTIONS

  TITLE: this is an example of a linear growth
  model for a continuous outcome at four
  time points with the intercept and slope
  growth factors regressed on two timeinvariant
  covariates

  DATA: FILE IS CMEP.csv;

  VARIABLE: !NAMES ARE y1-y4 x1 x2;
            NAMES ARE ID CMEP0 CMEP1 CMEP2 Tx age_yr_0 sex_0;
            USEVAR ARE CMEP0 CMEP1 CMEP2 Tx age_yr_0 sex_0;
            MISSING = ALL (-999);

  MODEL: i s | CMEP0@0 CMEP1@1 CMEP2@2 ;
         i s ON Tx age_yr_0 sex_0;
         CMEP2@0;
         Tx WITH age_yr_0 @0;
         Tx WITH sex_0 @0;

  OUTPUT:
  TECH1 TECH2 TECH4;
  MODINDICES;



INPUT READING TERMINATED NORMALLY



this is an example of a linear growth
model for a continuous outcome at four
time points with the intercept and slope
growth factors regressed on two timeinvariant
covariates

SUMMARY OF ANALYSIS

Number of groups                                                 1
Number of observations                                         176

Number of dependent variables                                    3
Number of independent variables                                  3
Number of continuous latent variables                            2

Observed dependent variables

  Continuous
   CMEP0       CMEP1       CMEP2

Observed independent variables
   TX          AGE_YR_0    SEX_0

Continuous latent variables
   I           S


Estimator                                                       ML
Information matrix                                        OBSERVED
Maximum number of iterations                                  1000
Convergence criterion                                    0.500D-04
Maximum number of steepest descent iterations                   20
Maximum number of iterations for H1                           2000
Convergence criterion for H1                             0.100D-03

Input data file(s)
  CMEP.csv

Input data format  FREE


SUMMARY OF DATA

     Number of missing data patterns             6


COVARIANCE COVERAGE OF DATA

Minimum covariance coverage value   0.100


     PROPORTION OF DATA PRESENT


           Covariance Coverage
              CMEP0         CMEP1         CMEP2         TX            AGE_YR_0
              ________      ________      ________      ________      ________
 CMEP0          0.994
 CMEP1          0.875         0.881
 CMEP2          0.801         0.767         0.807
 TX             0.994         0.881         0.807         1.000
 AGE_YR_0       0.989         0.881         0.807         0.994         0.994
 SEX_0          0.989         0.881         0.807         0.994         0.994


           Covariance Coverage
              SEX_0
              ________
 SEX_0          0.994



UNIVARIATE SAMPLE STATISTICS


     UNIVARIATE HIGHER-ORDER MOMENT DESCRIPTIVE STATISTICS

         Variable/         Mean/     Skewness/   Minimum/ % with                Percentiles
        Sample Size      Variance    Kurtosis    Maximum  Min/Max      20%/60%    40%/80%    Median

     CMEP0                21.303      -0.401      10.000    0.57%      18.000     20.000     21.000
             175.000      14.405      -0.628      27.000    6.86%      23.000     25.000
     CMEP1                24.252      -0.189      10.000    0.65%      20.000     23.000     24.000
             155.000      23.788       0.000      37.000    0.65%      26.000     28.000
     CMEP2                24.641      -0.172      14.000    1.41%      21.000     24.000     24.000
             142.000      20.948      -0.371      34.000    1.41%      26.000     29.000
     TX                    0.506      -0.023       0.000   49.43%       0.000      0.000      1.000
             176.000       0.250      -1.999       1.000   50.57%       1.000      1.000
     AGE_YR_0             14.783      -0.285      10.000    1.14%      13.000     15.000     15.000
             175.000       3.359      -0.431      18.000    6.29%      15.000     16.000
     SEX_0                 0.589      -0.360       0.000   41.14%       0.000      0.000      1.000
             175.000       0.242      -1.870       1.000   58.86%       1.000      1.000


THE MODEL ESTIMATION TERMINATED NORMALLY

     THE STANDARD ERRORS OF THE MODEL PARAMETER ESTIMATES MAY NOT BE
     TRUSTWORTHY FOR SOME PARAMETERS DUE TO A NON-POSITIVE DEFINITE
     FIRST-ORDER DERIVATIVE PRODUCT MATRIX.  THIS MAY BE DUE TO THE STARTING
     VALUES BUT MAY ALSO BE AN INDICATION OF MODEL NONIDENTIFICATION.  THE
     CONDITION NUMBER IS      -0.113D-19.  PROBLEM INVOLVING THE FOLLOWING PARAMETER:
     Parameter 17, TX




MODEL FIT INFORMATION

Number of Free Parameters                       20

Loglikelihood

          H0 Value                       -1895.022
          H1 Value                       -1883.418

Information Criteria

          Akaike (AIC)                    3830.044
          Bayesian (BIC)                  3893.454
          Sample-Size Adjusted BIC        3830.119
            (n* = (n + 2) / 24)

Chi-Square Test of Model Fit

          Value                             23.209
          Degrees of Freedom                     7
          P-Value                           0.0016

RMSEA (Root Mean Square Error Of Approximation)

          Estimate                           0.115
          90 Percent C.I.                    0.065  0.168
          Probability RMSEA <= .05           0.019

CFI/TLI

          CFI                                0.899
          TLI                                0.827

Chi-Square Test of Model Fit for the Baseline Model

          Value                            172.964
          Degrees of Freedom                    12
          P-Value                           0.0000

SRMR (Standardized Root Mean Square Residual)

          Value                              0.033



MODEL RESULTS

                                                    Two-Tailed
                    Estimate       S.E.  Est./S.E.    P-Value

 I        |
    CMEP0              1.000      0.000    999.000    999.000
    CMEP1              1.000      0.000    999.000    999.000
    CMEP2              1.000      0.000    999.000    999.000

 S        |
    CMEP0              0.000      0.000    999.000    999.000
    CMEP1              1.000      0.000    999.000    999.000
    CMEP2              2.000      0.000    999.000    999.000

 I        ON
    TX                -0.218      0.557     -0.391      0.696
    AGE_YR_0          -0.432      0.152     -2.836      0.005
    SEX_0             -0.247      0.566     -0.435      0.663

 S        ON
    TX                 0.881      0.333      2.644      0.008
    AGE_YR_0           0.192      0.093      2.067      0.039
    SEX_0              0.632      0.336      1.879      0.060

 S        WITH
    I                  1.070      1.025      1.044      0.296

 TX       WITH
    AGE_YR_0           0.000      0.000    999.000    999.000
    SEX_0              0.000      0.000    999.000    999.000

 SEX_0    WITH
    AGE_YR_0          -0.084      0.068     -1.221      0.222

 Means
    TX                 0.506      0.038     13.418      0.000
    AGE_YR_0          14.785      0.139    106.732      0.000
    SEX_0              0.589      0.037     15.823      0.000

 Intercepts
    CMEP0              0.000      0.000    999.000    999.000
    CMEP1              0.000      0.000    999.000    999.000
    CMEP2              0.000      0.000    999.000    999.000
    I                 28.253      2.350     12.020      0.000
    S                 -2.116      1.428     -1.482      0.138

 Variances
    TX                 0.250      0.027      9.381      0.000
    AGE_YR_0           3.359      0.359      9.353      0.000
    SEX_0              0.242      0.026      9.354      0.000

 Residual Variances
    CMEP0              7.747      2.110      3.671      0.000
    CMEP1             11.175      1.424      7.846      0.000
    CMEP2              0.000      0.000    999.000    999.000
    I                  6.578      2.087      3.151      0.002
    S                  2.332      0.645      3.614      0.000


QUALITY OF NUMERICAL RESULTS

     Condition Number for the Information Matrix              0.528E-04
       (ratio of smallest to largest eigenvalue)


MODEL MODIFICATION INDICES

NOTE:  Modification indices for direct effects of observed dependent variables
regressed on covariates may not be included.  To include these, request
MODINDICES (ALL).

Minimum M.I. value for printing the modification index    10.000

                                   M.I.     E.P.C.  Std E.P.C.  StdYX E.P.C.

BY Statements

I        BY CMEP0                 16.712    -0.111     -0.297       -0.077
I        BY CMEP1                 16.712     0.055      0.148        0.031
I        BY CMEP2                 16.712    -0.111     -0.297       -0.065
S        BY CMEP0                 14.690    -1.080     -1.783       -0.461
S        BY CMEP1                 14.690     0.540      0.892        0.188
S        BY CMEP2                 14.690    -1.080     -1.783       -0.389

Means/Intercepts/Thresholds

[ CMEP0    ]                      15.705    -2.326     -2.326       -0.601
[ CMEP1    ]                      15.705     1.163      1.163        0.245
[ CMEP2    ]                      15.706    -2.326     -2.326       -0.507


TECHNICAL 1 OUTPUT


     PARAMETER SPECIFICATION


           NU
              CMEP0         CMEP1         CMEP2         TX            AGE_YR_0
              ________      ________      ________      ________      ________
                  0             0             0             0             0


           NU
              SEX_0
              ________
                  0


           LAMBDA
              I             S             TX            AGE_YR_0      SEX_0
              ________      ________      ________      ________      ________
 CMEP0              0             0             0             0             0
 CMEP1              0             0             0             0             0
 CMEP2              0             0             0             0             0
 TX                 0             0             0             0             0
 AGE_YR_0           0             0             0             0             0
 SEX_0              0             0             0             0             0


           THETA
              CMEP0         CMEP1         CMEP2         TX            AGE_YR_0
              ________      ________      ________      ________      ________
 CMEP0              1
 CMEP1              0             2
 CMEP2              0             0             0
 TX                 0             0             0             0
 AGE_YR_0           0             0             0             0             0
 SEX_0              0             0             0             0             0


           THETA
              SEX_0
              ________
 SEX_0              0


           ALPHA
              I             S             TX            AGE_YR_0      SEX_0
              ________      ________      ________      ________      ________
                  3             4             5             6             7


           BETA
              I             S             TX            AGE_YR_0      SEX_0
              ________      ________      ________      ________      ________
 I                  0             0             8             9            10
 S                  0             0            11            12            13
 TX                 0             0             0             0             0
 AGE_YR_0           0             0             0             0             0
 SEX_0              0             0             0             0             0


           PSI
              I             S             TX            AGE_YR_0      SEX_0
              ________      ________      ________      ________      ________
 I                 14
 S                 15            16
 TX                 0             0            17
 AGE_YR_0           0             0             0            18
 SEX_0              0             0             0            19            20


     STARTING VALUES


           NU
              CMEP0         CMEP1         CMEP2         TX            AGE_YR_0
              ________      ________      ________      ________      ________
                0.000         0.000         0.000         0.000         0.000


           NU
              SEX_0
              ________
                0.000


           LAMBDA
              I             S             TX            AGE_YR_0      SEX_0
              ________      ________      ________      ________      ________
 CMEP0          1.000         0.000         0.000         0.000         0.000
 CMEP1          1.000         1.000         0.000         0.000         0.000
 CMEP2          1.000         2.000         0.000         0.000         0.000
 TX             0.000         0.000         1.000         0.000         0.000
 AGE_YR_0       0.000         0.000         0.000         1.000         0.000
 SEX_0          0.000         0.000         0.000         0.000         1.000


           THETA
              CMEP0         CMEP1         CMEP2         TX            AGE_YR_0
              ________      ________      ________      ________      ________
 CMEP0          7.203
 CMEP1          0.000        11.894
 CMEP2          0.000         0.000         0.000
 TX             0.000         0.000         0.000         0.000
 AGE_YR_0       0.000         0.000         0.000         0.000         0.000
 SEX_0          0.000         0.000         0.000         0.000         0.000


           THETA
              SEX_0
              ________
 SEX_0          0.000


           ALPHA
              I             S             TX            AGE_YR_0      SEX_0
              ________      ________      ________      ________      ________
               21.612         1.864         0.506        14.783         0.589


           BETA
              I             S             TX            AGE_YR_0      SEX_0
              ________      ________      ________      ________      ________
 I              0.000         0.000         0.000         0.000         0.000
 S              0.000         0.000         0.000         0.000         0.000
 TX             0.000         0.000         0.000         0.000         0.000
 AGE_YR_0       0.000         0.000         0.000         0.000         0.000
 SEX_0          0.000         0.000         0.000         0.000         0.000


           PSI
              I             S             TX            AGE_YR_0      SEX_0
              ________      ________      ________      ________      ________
 I             14.129
 S              0.000         8.546
 TX             0.000         0.000         0.125
 AGE_YR_0       0.000         0.000         0.000         1.679
 SEX_0          0.000         0.000         0.000         0.000         0.121


TECHNICAL 2 OUTPUT


     DERIVATIVES


           Derivatives With Respect to NU
              CMEP0         CMEP1         CMEP2         TX            AGE_YR_0
              ________      ________      ________      ________      ________
                0.038        -0.077         0.038         0.859         0.077


           Derivatives With Respect to NU
              SEX_0
              ________
                0.027


           Derivatives With Respect to LAMBDA
              I             S             TX            AGE_YR_0      SEX_0
              ________      ________      ________      ________      ________
 CMEP0          0.859         0.077         0.027         0.546         0.023
 CMEP1         -1.718        -0.155        -0.055        -1.092        -0.046
 CMEP2          0.859         0.077         0.027         0.546         0.023
 TX             0.000         0.000         0.000         0.003        -0.005
 AGE_YR_0       0.003         0.000         0.000         0.000         0.000
 SEX_0          0.000         0.000         0.000         0.000         0.000


           Derivatives With Respect to THETA
              CMEP0         CMEP1         CMEP2         TX            AGE_YR_0
              ________      ________      ________      ________      ________
 CMEP0          0.000
 CMEP1          0.000         0.000
 CMEP2          0.003        -0.005         0.003
 TX             0.000         0.000         0.000         0.000
 AGE_YR_0       0.000         0.000         0.000         0.000         0.000
 SEX_0          0.000         0.000         0.000         0.000         0.000


           Derivatives With Respect to THETA
              SEX_0
              ________
 SEX_0          0.000


           Derivatives With Respect to ALPHA
              I             S             TX            AGE_YR_0      SEX_0
              ________      ________      ________      ________      ________
                0.000         0.000         0.000         0.000         0.000


           Derivatives With Respect to BETA
              I             S             TX            AGE_YR_0      SEX_0
              ________      ________      ________      ________      ________
 I              0.000         0.000         0.000         0.000         0.000
 S              0.000         0.000         0.000         0.000         0.000
 TX             0.000         0.000         0.000         0.000         0.000
 AGE_YR_0       0.000         0.000         0.000         0.004         0.000
 SEX_0          0.000         0.000         0.263         0.000         0.000


           Derivatives With Respect to PSI
              I             S             TX            AGE_YR_0      SEX_0
              ________      ________      ________      ________      ________
 I              0.000
 S              0.000         0.000
 TX             0.000         0.000         0.000
 AGE_YR_0       0.000         0.000         0.004         0.000
 SEX_0          0.000         0.000         0.263         0.000         0.000


TECHNICAL 4 OUTPUT


     ESTIMATES DERIVED FROM THE MODEL


           ESTIMATED MEANS FOR THE LATENT VARIABLES
              I             S             TX            AGE_YR_0      SEX_0
              ________      ________      ________      ________      ________
               21.612         1.545         0.506        14.785         0.589


           S.E. FOR ESTIMATED MEANS FOR THE LATENT VARIABLES
              I             S             TX            AGE_YR_0      SEX_0
              ________      ________      ________      ________      ________
                0.292         0.177         0.038         0.139         0.037


           EST./S.E. FOR ESTIMATED MEANS FOR THE LATENT VARIABLES
              I             S             TX            AGE_YR_0      SEX_0
              ________      ________      ________      ________      ________
               73.949         8.740        13.418       106.732        15.823


           TWO-TAILED P-VALUE FOR ESTIMATED MEANS FOR THE LATENT VARIABLES
              I             S             TX            AGE_YR_0      SEX_0
              ________      ________      ________      ________      ________
                0.000         0.000         0.000         0.000         0.000


           ESTIMATED COVARIANCE MATRIX FOR THE LATENT VARIABLES
              I             S             TX            AGE_YR_0      SEX_0
              ________      ________      ________      ________      ________
 I              7.213
 S              0.732         2.727
 TX            -0.054         0.220         0.250
 AGE_YR_0      -1.430         0.593         0.000         3.359
 SEX_0         -0.024         0.137         0.000        -0.084         0.242


           S.E. FOR ESTIMATED COVARIANCE MATRIX FOR THE LATENT VARIABLES
              I             S             TX            AGE_YR_0      SEX_0
              ________      ________      ________      ________      ________
 I              2.120
 S              1.058         0.690
 TX             0.139         0.087         0.027
 AGE_YR_0       0.532         0.320         0.000         0.359
 SEX_0          0.140         0.083         0.000         0.068         0.026


           EST./S.E. FOR ESTIMATED COVARIANCE MATRIX FOR THE LATENT VARIABLES
              I             S             TX            AGE_YR_0      SEX_0
              ________      ________      ________      ________      ________
 I              3.403
 S              0.692         3.953
 TX            -0.391         2.545         9.381
 AGE_YR_0      -2.688         1.851         0.000         9.353
 SEX_0         -0.169         1.642         0.000        -1.221         9.354


           TWO-TAILED P-VALUE FOR ESTIMATED COVARIANCE MATRIX FOR THE LATENT VARIABLES
              I             S             TX            AGE_YR_0      SEX_0
              ________      ________      ________      ________      ________
 I              0.001
 S              0.489         0.000
 TX             0.696         0.011         0.000
 AGE_YR_0       0.007         0.064         1.000         0.000
 SEX_0          0.866         0.101         1.000         0.222         0.000


           ESTIMATED CORRELATION MATRIX FOR THE LATENT VARIABLES
              I             S             TX            AGE_YR_0      SEX_0
              ________      ________      ________      ________      ________
 I              1.000
 S              0.165         1.000
 TX            -0.041         0.267         1.000
 AGE_YR_0      -0.291         0.196         0.000         1.000
 SEX_0         -0.018         0.169         0.000        -0.093         1.000


           S.E. FOR ESTIMATED CORRELATION MATRIX FOR THE LATENT VARIABLES
              I             S             TX            AGE_YR_0      SEX_0
              ________      ________      ________      ________      ________
 I              0.000
 S              0.272         0.000
 TX             0.103         0.098         0.000
 AGE_YR_0       0.106         0.103         0.000         0.000
 SEX_0          0.106         0.100         0.000         0.075         0.000


           EST./S.E. FOR ESTIMATED CORRELATION MATRIX FOR THE LATENT VARIABLES
              I             S             TX            AGE_YR_0      SEX_0
              ________      ________      ________      ________      ________
 I            999.000
 S              0.606       999.000
 TX            -0.393         2.730       999.000
 AGE_YR_0      -2.728         1.897         0.000       999.000
 SEX_0         -0.169         1.681         0.000        -1.237       999.000


           TWO-TAILED P-VALUE FOR ESTIMATED CORRELATION MATRIX FOR THE LATENT VARIABLES
              I             S             TX            AGE_YR_0      SEX_0
              ________      ________      ________      ________      ________
 I              0.000
 S              0.544         0.000
 TX             0.694         0.006         0.000
 AGE_YR_0       0.006         0.058         1.000         0.000
 SEX_0          0.866         0.093         1.000         0.216         0.000


DIAGRAM INFORMATION

  Use View Diagram under the Diagram menu in the Mplus Editor to view the diagram.
  If running Mplus from the Mplus Diagrammer, the diagram opens automatically.

  Diagram output
    c:\users\lu dong\dropbox\harvey_lab_research\teen_sleep\6mfu_paper\analysis\mplus\growth_model.dgm

     Beginning Time:  18:36:06
        Ending Time:  18:36:06
       Elapsed Time:  00:00:00



MUTHEN & MUTHEN
3463 Stoner Ave.
Los Angeles, CA  90066

Tel: (310) 391-9971
Fax: (310) 391-8971
Web: www.StatModel.com
Support: Support@StatModel.com

Copyright (c) 1998-2018 Muthen & Muthen
