Mplus VERSION 8.1 (Mac)
MUTHEN & MUTHEN
06/12/2018   1:33 PM

INPUT INSTRUCTIONS


    TITLE:	this is an example of a LCA with
    	continuous latent class indicators using
    	user-specified starting values without
    	random starts

    DATA:	FILE = sleep_health_6dims.csv;

    VARIABLE:	
    	NAMES ARE ID duration age sex
    		      timing quality alert	
    		      efficiency regular;
    	
    	USEVARIABLES ARE duration timing
    	 	          quality alert	
    			   efficiency regular;
    	CLASSES = c (2);
    	MISSING = ALL (-999);
    	IDVARIABLE = ID;

    ANALYSIS:	TYPE = MIXTURE;
    		!STARTS = 100 10;

    OUTPUT:	TECH1 TECH8;

    SAVEDATA:
    		FILE is class_2c.txt;
    		SAVE = cprob;
    PLOT:
    		TYPE = plot3;
    		SERIES = duration timing
    	 	         quality alert	
    			  efficiency regular(*);



*** WARNING in VARIABLE command
  Note that only the first 8 characters of variable names are used in the output.
  Shorten variable names to avoid any confusion.
*** WARNING in MODEL command
  All variables are uncorrelated with all other variables within class.
  Check that this is what is intended.
*** WARNING in PLOT command
  Note that only the first 8 characters of variable names are used in plots.
  If variable names are not unique within the first 8 characters, problems
  may occur.
*** WARNING
  Data set contains cases with missing on all variables.
  These cases were not included in the analysis.
  Number of cases with missing on all variables:  8
   4 WARNING(S) FOUND IN THE INPUT INSTRUCTIONS



this is an example of a LCA with
continuous latent class indicators using
user-specified starting values without
random starts

SUMMARY OF ANALYSIS

Number of groups                                                 1
Number of observations                                         177

Number of dependent variables                                    6
Number of independent variables                                  0
Number of continuous latent variables                            0
Number of categorical latent variables                           1

Observed dependent variables

  Continuous
   DURATION    TIMING      QUALITY     ALERT       EFFICIENCY  REGULAR

Categorical latent variables
   C

Variables with special functions

  ID variable           ID

Estimator                                                      MLR
Information matrix                                        OBSERVED
Optimization Specifications for the Quasi-Newton Algorithm for
Continuous Outcomes
  Maximum number of iterations                                 100
  Convergence criterion                                  0.100D-05
Optimization Specifications for the EM Algorithm
  Maximum number of iterations                                 500
  Convergence criteria
    Loglikelihood change                                 0.100D-06
    Relative loglikelihood change                        0.100D-06
    Derivative                                           0.100D-05
Optimization Specifications for the M step of the EM Algorithm for
Categorical Latent variables
  Number of M step iterations                                    1
  M step convergence criterion                           0.100D-05
  Basis for M step termination                           ITERATION
Optimization Specifications for the M step of the EM Algorithm for
Censored, Binary or Ordered Categorical (Ordinal), Unordered
Categorical (Nominal) and Count Outcomes
  Number of M step iterations                                    1
  M step convergence criterion                           0.100D-05
  Basis for M step termination                           ITERATION
  Maximum value for logit thresholds                            15
  Minimum value for logit thresholds                           -15
  Minimum expected cell size for chi-square              0.100D-01
Maximum number of iterations for H1                           2000
Convergence criterion for H1                             0.100D-03
Optimization algorithm                                         EMA
Random Starts Specifications
  Number of initial stage random starts                         20
  Number of final stage optimizations                            4
  Number of initial stage iterations                            10
  Initial stage convergence criterion                    0.100D+01
  Random starts scale                                    0.500D+01
  Random seed for generating random starts                       0

Input data file(s)
  sleep_health_6dims.csv
Input data format  FREE


SUMMARY OF DATA

     Number of missing data patterns             6
     Number of y missing data patterns           6
     Number of u missing data patterns           0


COVARIANCE COVERAGE OF DATA

Minimum covariance coverage value   0.100


     PROPORTION OF DATA PRESENT FOR Y


           Covariance Coverage
              DURATION      TIMING        QUALITY       ALERT         EFFICIEN
              ________      ________      ________      ________      ________
 DURATION       0.949
 TIMING         0.949         0.949
 QUALITY        0.904         0.904         0.955
 ALERT          0.932         0.932         0.955         0.983
 EFFICIEN       0.949         0.949         0.904         0.932         0.949
 REGULAR        0.904         0.904         0.864         0.887         0.904


           Covariance Coverage
              REGULAR
              ________
 REGULAR        0.904



UNIVARIATE SAMPLE STATISTICS


     UNIVARIATE HIGHER-ORDER MOMENT DESCRIPTIVE STATISTICS

         Variable/         Mean/     Skewness/   Minimum/ % with                Percentiles
        Sample Size      Variance    Kurtosis    Maximum  Min/Max      20%/60%    40%/80%    Median

     DURATION            468.158      -0.190     291.430    0.60%     414.290    455.000    475.915
             168.000    3456.687      -0.175     601.670    0.60%     486.500    517.500
     TIMING               27.426       0.847      25.880    0.60%      26.800     27.210     27.400
             168.000       0.553       1.822      30.270    0.60%      27.570     27.920
     QUALITY               1.462       0.079       0.000    4.73%       1.000      1.000      1.000
             169.000       0.426      -0.213       3.000    4.14%       2.000      2.000
     ALERT                 6.161       0.404       0.000   11.49%       2.000      5.000      6.000
             174.000      17.905      -0.488      19.000    0.57%       7.000     10.000
     EFFICIENCY           90.336      -1.873      54.740    0.60%      86.090     90.790     92.135
             168.000      45.181       4.919      99.650    0.60%      93.400     95.360
     REGULAR               1.856       0.733       0.000    0.62%       0.697      1.442      1.695
             160.000       1.534       0.288       5.860    0.62%       1.983      2.750

RANDOM STARTS RESULTS RANKED FROM THE BEST TO THE WORST LOGLIKELIHOOD VALUES

Final stage loglikelihood values at local maxima, seeds, and initial stage start numbers:

           -2549.026  253358           2
           -2549.026  462953           7
           -2549.026  127215           9
           -2549.026  93468            3



THE BEST LOGLIKELIHOOD VALUE HAS BEEN REPLICATED.  RERUN WITH AT LEAST TWICE THE
RANDOM STARTS TO CHECK THAT THE BEST LOGLIKELIHOOD IS STILL OBTAINED AND REPLICATED.


THE MODEL ESTIMATION TERMINATED NORMALLY



MODEL FIT INFORMATION

Number of Free Parameters                       19

Loglikelihood

          H0 Value                       -2549.026
          H0 Scaling Correction Factor      1.2039
            for MLR

Information Criteria

          Akaike (AIC)                    5136.053
          Bayesian (BIC)                  5196.399
          Sample-Size Adjusted BIC        5136.230
            (n* = (n + 2) / 24)



FINAL CLASS COUNTS AND PROPORTIONS FOR THE LATENT CLASSES
BASED ON THE ESTIMATED MODEL

    Latent
   Classes

       1         18.17550          0.10269
       2        158.82450          0.89731


FINAL CLASS COUNTS AND PROPORTIONS FOR THE LATENT CLASSES
BASED ON ESTIMATED POSTERIOR PROBABILITIES

    Latent
   Classes

       1         18.17551          0.10269
       2        158.82449          0.89731


FINAL CLASS COUNTS AND PROPORTIONS FOR THE LATENT CLASSES
BASED ON THEIR MOST LIKELY LATENT CLASS MEMBERSHIP

Class Counts and Proportions

    Latent
   Classes

       1               17          0.09605
       2              160          0.90395


CLASSIFICATION QUALITY

     Entropy                         0.933


Average Latent Class Probabilities for Most Likely Latent Class Membership (Row)
by Latent Class (Column)

           1        2

    1   0.950    0.050
    2   0.013    0.987


Classification Probabilities for the Most Likely Latent Class Membership (Column)
by Latent Class (Row)

           1        2

    1   0.888    0.112
    2   0.005    0.995


Logits for the Classification Probabilities for the Most Likely Latent Class Membership (Column)
by Latent Class (Row)

              1        2

    1      2.073    0.000
    2     -5.218    0.000


MODEL RESULTS

                                                    Two-Tailed
                    Estimate       S.E.  Est./S.E.    P-Value

Latent Class 1

 Means
    DURATION         391.773     13.441     29.147      0.000
    TIMING            27.592      0.222    124.163      0.000
    QUALITY            1.782      0.167     10.688      0.000
    ALERT              7.110      1.236      5.753      0.000
    EFFICIENCY        74.965      2.335     32.103      0.000
    REGULAR            1.424      0.207      6.870      0.000

 Variances
    DURATION        2794.207    306.565      9.115      0.000
    TIMING             0.549      0.081      6.749      0.000
    QUALITY            0.414      0.042      9.886      0.000
    ALERT             17.800      1.651     10.779      0.000
    EFFICIENCY        18.356      3.577      5.132      0.000
    REGULAR            1.514      0.178      8.501      0.000

Latent Class 2

 Means
    DURATION         476.831      4.520    105.505      0.000
    TIMING            27.407      0.061    451.327      0.000
    QUALITY            1.423      0.054     26.425      0.000
    ALERT              6.050      0.335     18.064      0.000
    EFFICIENCY        92.082      0.379    243.165      0.000
    REGULAR            1.901      0.106     18.018      0.000

 Variances
    DURATION        2794.207    306.565      9.115      0.000
    TIMING             0.549      0.081      6.749      0.000
    QUALITY            0.414      0.042      9.886      0.000
    ALERT             17.800      1.651     10.779      0.000
    EFFICIENCY        18.356      3.577      5.132      0.000
    REGULAR            1.514      0.178      8.501      0.000

Categorical Latent Variables

 Means
    C#1               -2.168      0.298     -7.266      0.000


QUALITY OF NUMERICAL RESULTS

     Condition Number for the Information Matrix              0.554E-04
       (ratio of smallest to largest eigenvalue)


TECHNICAL 1 OUTPUT


     PARAMETER SPECIFICATION FOR LATENT CLASS 1


           NU
              DURATION      TIMING        QUALITY       ALERT         EFFICIEN
              ________      ________      ________      ________      ________
                    1             2             3             4             5


           NU
              REGULAR
              ________
                    6


           THETA
              DURATION      TIMING        QUALITY       ALERT         EFFICIEN
              ________      ________      ________      ________      ________
 DURATION           7
 TIMING             0             8
 QUALITY            0             0             9
 ALERT              0             0             0            10
 EFFICIEN           0             0             0             0            11
 REGULAR            0             0             0             0             0


           THETA
              REGULAR
              ________
 REGULAR           12


     PARAMETER SPECIFICATION FOR LATENT CLASS 2


           NU
              DURATION      TIMING        QUALITY       ALERT         EFFICIEN
              ________      ________      ________      ________      ________
                   13            14            15            16            17


           NU
              REGULAR
              ________
                   18


           THETA
              DURATION      TIMING        QUALITY       ALERT         EFFICIEN
              ________      ________      ________      ________      ________
 DURATION           7
 TIMING             0             8
 QUALITY            0             0             9
 ALERT              0             0             0            10
 EFFICIEN           0             0             0             0            11
 REGULAR            0             0             0             0             0


           THETA
              REGULAR
              ________
 REGULAR           12


     PARAMETER SPECIFICATION FOR LATENT CLASS REGRESSION MODEL PART


           ALPHA(C)
              C#1           C#2
              ________      ________
                   19             0


     STARTING VALUES FOR LATENT CLASS 1


           NU
              DURATION      TIMING        QUALITY       ALERT         EFFICIEN
              ________      ________      ________      ________      ________
              409.365        26.683         0.809         1.929        83.615


           NU
              REGULAR
              ________
                0.618


           THETA
              DURATION      TIMING        QUALITY       ALERT         EFFICIEN
              ________      ________      ________      ________      ________
 DURATION    1728.344
 TIMING         0.000         0.276
 QUALITY        0.000         0.000         0.213
 ALERT          0.000         0.000         0.000         8.953
 EFFICIEN       0.000         0.000         0.000         0.000        22.591
 REGULAR        0.000         0.000         0.000         0.000         0.000


           THETA
              REGULAR
              ________
 REGULAR        0.767


     STARTING VALUES FOR LATENT CLASS 2


           NU
              DURATION      TIMING        QUALITY       ALERT         EFFICIEN
              ________      ________      ________      ________      ________
              526.952        28.170         2.114        10.392        97.058


           NU
              REGULAR
              ________
                3.094


           THETA
              DURATION      TIMING        QUALITY       ALERT         EFFICIEN
              ________      ________      ________      ________      ________
 DURATION    1728.344
 TIMING         0.000         0.276
 QUALITY        0.000         0.000         0.213
 ALERT          0.000         0.000         0.000         8.953
 EFFICIEN       0.000         0.000         0.000         0.000        22.591
 REGULAR        0.000         0.000         0.000         0.000         0.000


           THETA
              REGULAR
              ________
 REGULAR        0.767


     STARTING VALUES FOR LATENT CLASS REGRESSION MODEL PART


           ALPHA(C)
              C#1           C#2
              ________      ________
                0.000         0.000


TECHNICAL 8 OUTPUT


  INITIAL STAGE ITERATIONS


  TECHNICAL 8 OUTPUT FOR UNPERTURBED STARTING VALUE SET


  ITER  LOGLIKELIHOOD    ABS CHANGE   REL CHANGE      CLASS COUNTS    ALGORITHM
     1 -0.31643911D+04    0.0000000    0.0000000     91.491    85.509    EM
     2 -0.25995802D+04  564.8109040    0.1784896     94.857    82.143    EM
     3 -0.25926969D+04    6.8832961    0.0026478     97.462    79.538    EM
     4 -0.25905387D+04    2.1582228    0.0008324     99.649    77.351    EM
     5 -0.25891313D+04    1.4074212    0.0005433    101.409    75.591    EM
     6 -0.25879409D+04    1.1903563    0.0004598    102.705    74.295    EM
     7 -0.25867628D+04    1.1781526    0.0004552    103.550    73.450    EM
     8 -0.25854403D+04    1.3225060    0.0005113    104.072    72.928    EM
     9 -0.25839139D+04    1.5263854    0.0005904    104.479    72.521    EM
    10 -0.25822084D+04    1.7054640    0.0006600    104.948    72.052    EM


  TECHNICAL 8 OUTPUT FOR STARTING VALUE SET 1


  ITER  LOGLIKELIHOOD    ABS CHANGE   REL CHANGE      CLASS COUNTS    ALGORITHM
     1 -0.62618256D+04    0.0000000    0.0000000    140.978    36.022    EM
     2 -0.25941929D+04 3667.6327214    0.5857130    141.884    35.116    EM
     3 -0.25871051D+04    7.0878200    0.0027322    140.309    36.691    EM
     4 -0.25843505D+04    2.7545959    0.0010647    138.074    38.926    EM
     5 -0.25818679D+04    2.4826264    0.0009606    135.665    41.335    EM
     6 -0.25798251D+04    2.0427482    0.0007912    133.467    43.533    EM
     7 -0.25784753D+04    1.3498023    0.0005232    131.613    45.387    EM
     8 -0.25776608D+04    0.8144606    0.0003159    130.109    46.891    EM


  TECHNICAL 8 OUTPUT FOR STARTING VALUE SET 2


  ITER  LOGLIKELIHOOD    ABS CHANGE   REL CHANGE      CLASS COUNTS    ALGORITHM
     1 -0.62570850D+04    0.0000000    0.0000000      4.135   172.865    EM
     2 -0.25808812D+04 3676.2037753    0.5875266      4.426   172.574    EM
     3 -0.25713422D+04    9.5389965    0.0036960      8.338   168.662    EM
     4 -0.25582173D+04   13.1248455    0.0051043     12.453   164.547    EM
     5 -0.25517246D+04    6.4926972    0.0025380     14.982   162.018    EM
     6 -0.25498115D+04    1.9131211    0.0007497     16.514   160.486    EM
     7 -0.25492327D+04    0.5788136    0.0002270     17.338   159.662    EM


  TECHNICAL 8 OUTPUT FOR STARTING VALUE SET 3


  ITER  LOGLIKELIHOOD    ABS CHANGE   REL CHANGE      CLASS COUNTS    ALGORITHM
     1 -0.56418184D+04    0.0000000    0.0000000      6.773   170.227    EM
     2 -0.25736480D+04 3068.1703955    0.5438265     10.029   166.971    EM
     3 -0.25553648D+04   18.2831325    0.0071040     13.815   163.185    EM
     4 -0.25505088D+04    4.8560306    0.0019003     15.853   161.147    EM
     5 -0.25494348D+04    1.0739643    0.0004211     16.990   160.010    EM
     6 -0.25491309D+04    0.3038959    0.0001192     17.581   159.419    EM


  TECHNICAL 8 OUTPUT FOR STARTING VALUE SET 4


  ITER  LOGLIKELIHOOD    ABS CHANGE   REL CHANGE      CLASS COUNTS    ALGORITHM
     1 -0.59015106D+04    0.0000000    0.0000000    142.536    34.464    EM
     2 -0.25881387D+04 3313.3718248    0.5614447    141.526    35.474    EM
     3 -0.25853955D+04    2.7431953    0.0010599    140.761    36.239    EM
     4 -0.25842302D+04    1.1653599    0.0004507    139.911    37.089    EM
     5 -0.25831052D+04    1.1250129    0.0004353    139.025    37.975    EM
     6 -0.25817337D+04    1.3714385    0.0005309    138.072    38.928    EM
     7 -0.25801871D+04    1.5466636    0.0005991    136.923    40.077    EM
     8 -0.25785772D+04    1.6098683    0.0006239    135.456    41.544    EM
     9 -0.25768829D+04    1.6942911    0.0006571    133.757    43.243    EM
    10 -0.25751428D+04    1.7401538    0.0006753    132.175    44.825    EM


  TECHNICAL 8 OUTPUT FOR STARTING VALUE SET 5


  ITER  LOGLIKELIHOOD    ABS CHANGE   REL CHANGE      CLASS COUNTS    ALGORITHM
     1 -0.51452050D+04    0.0000000    0.0000000    151.868    25.132    EM
     2 -0.25872827D+04 2557.9223394    0.4971468    155.766    21.234    EM
     3 -0.25847242D+04    2.5585221    0.0009889    155.693    21.307    EM
     4 -0.25841579D+04    0.5662475    0.0002191    155.496    21.504    EM


  TECHNICAL 8 OUTPUT FOR STARTING VALUE SET 6


  ITER  LOGLIKELIHOOD    ABS CHANGE   REL CHANGE      CLASS COUNTS    ALGORITHM
     1 -0.52492064D+04    0.0000000    0.0000000     13.999   163.001    EM
     2 -0.25971904D+04 2652.0160228    0.5052223     12.182   164.818    EM
     3 -0.25938615D+04    3.3288829    0.0012817     13.653   163.347    EM
     4 -0.25924780D+04    1.3834885    0.0005334     15.789   161.211    EM
     5 -0.25914491D+04    1.0289056    0.0003969     18.241   158.759    EM
     6 -0.25906477D+04    0.8013601    0.0003092     20.848   156.152    EM


  TECHNICAL 8 OUTPUT FOR STARTING VALUE SET 7


  ITER  LOGLIKELIHOOD    ABS CHANGE   REL CHANGE      CLASS COUNTS    ALGORITHM
     1 -0.48771187D+04    0.0000000    0.0000000     13.411   163.589    EM
     2 -0.25841126D+04 2293.0060891    0.4701559     10.984   166.016    EM
     3 -0.25590548D+04   25.0578457    0.0096969     14.628   162.372    EM
     4 -0.25500894D+04    8.9653511    0.0035034     16.328   160.672    EM
     5 -0.25492916D+04    0.7978775    0.0003129     17.234   159.766    EM


  TECHNICAL 8 OUTPUT FOR STARTING VALUE SET 8


  ITER  LOGLIKELIHOOD    ABS CHANGE   REL CHANGE      CLASS COUNTS    ALGORITHM
     1 -0.50311974D+04    0.0000000    0.0000000    151.905    25.095    EM
     2 -0.25981471D+04 2433.0503102    0.4835927    155.358    21.642    EM
     3 -0.25909466D+04    7.2004309    0.0027714    155.018    21.982    EM
     4 -0.25882794D+04    2.6672007    0.0010294    153.771    23.229    EM
     5 -0.25869697D+04    1.3097713    0.0005060    152.359    24.641    EM
     6 -0.25860881D+04    0.8815246    0.0003408    151.019    25.981    EM


  TECHNICAL 8 OUTPUT FOR STARTING VALUE SET 9


  ITER  LOGLIKELIHOOD    ABS CHANGE   REL CHANGE      CLASS COUNTS    ALGORITHM
     1 -0.39812888D+04    0.0000000    0.0000000      5.344   171.656    EM
     2 -0.25765124D+04 1404.7764601    0.3528446      7.224   169.776    EM
     3 -0.25610476D+04   15.4647330    0.0060022     11.657   165.343    EM
     4 -0.25526093D+04    8.4383512    0.0032949     14.480   162.520    EM
     5 -0.25500838D+04    2.5255246    0.0009894     16.233   160.767    EM
     6 -0.25493087D+04    0.7750648    0.0003039     17.193   159.807    EM


  TECHNICAL 8 OUTPUT FOR STARTING VALUE SET 10


  ITER  LOGLIKELIHOOD    ABS CHANGE   REL CHANGE      CLASS COUNTS    ALGORITHM
     1 -0.60507411D+04    0.0000000    0.0000000    132.325    44.675    EM
     2 -0.25947376D+04 3456.0034332    0.5711703    134.128    42.872    EM
     3 -0.25906037D+04    4.1339225    0.0015932    134.886    42.114    EM
     4 -0.25891669D+04    1.4367870    0.0005546    135.095    41.905    EM
     5 -0.25882309D+04    0.9359970    0.0003615    135.022    41.978    EM


  TECHNICAL 8 OUTPUT FOR STARTING VALUE SET 11


  ITER  LOGLIKELIHOOD    ABS CHANGE   REL CHANGE      CLASS COUNTS    ALGORITHM
     1 -0.76123893D+04    0.0000000    0.0000000    157.413    19.587    EM
     2 -0.26002003D+04 5012.1889964    0.6584252    161.438    15.562    EM
     3 -0.25943513D+04    5.8489999    0.0022494    161.936    15.064    EM
     4 -0.25916888D+04    2.6625384    0.0010263    161.592    15.408    EM
     5 -0.25891263D+04    2.5624408    0.0009887    160.907    16.093    EM
     6 -0.25866916D+04    2.4347125    0.0009404    159.942    17.058    EM
     7 -0.25846704D+04    2.0212467    0.0007814    158.892    18.108    EM
     8 -0.25834187D+04    1.2516256    0.0004842    158.071    18.929    EM
     9 -0.25829154D+04    0.5033476    0.0001948    157.558    19.442    EM


  TECHNICAL 8 OUTPUT FOR STARTING VALUE SET 12


  ITER  LOGLIKELIHOOD    ABS CHANGE   REL CHANGE      CLASS COUNTS    ALGORITHM
     1 -0.54770796D+04    0.0000000    0.0000000     55.217   121.783    EM
     2 -0.26024946D+04 2874.5849678    0.5248390     53.710   123.290    EM
     3 -0.25963581D+04    6.1365779    0.0023580     52.419   124.581    EM
     4 -0.25938219D+04    2.5362022    0.0009768     50.779   126.221    EM
     5 -0.25902766D+04    3.5452214    0.0013668     48.313   128.687    EM
     6 -0.25838828D+04    6.3938772    0.0024684     44.722   132.278    EM
     7 -0.25751059D+04    8.7768565    0.0033968     40.322   136.678    EM
     8 -0.25676980D+04    7.4078789    0.0028767     35.685   141.315    EM
     9 -0.25631092D+04    4.5887745    0.0017871     31.125   145.875    EM
    10 -0.25592262D+04    3.8830170    0.0015150     26.837   150.163    EM


  TECHNICAL 8 OUTPUT FOR STARTING VALUE SET 13


  ITER  LOGLIKELIHOOD    ABS CHANGE   REL CHANGE      CLASS COUNTS    ALGORITHM
     1 -0.76261530D+04    0.0000000    0.0000000    100.879    76.121    EM
     2 -0.26031129D+04 5023.0401875    0.6586598    103.467    73.533    EM
     3 -0.25932269D+04    9.8859330    0.0037977    104.971    72.029    EM
     4 -0.25906262D+04    2.6006853    0.0010029    106.714    70.286    EM
     5 -0.25891438D+04    1.4824422    0.0005722    108.539    68.461    EM
     6 -0.25879563D+04    1.1874598    0.0004586    110.267    66.733    EM
     7 -0.25869090D+04    1.0473627    0.0004047    111.762    65.238    EM
     8 -0.25859443D+04    0.9646753    0.0003729    112.935    64.065    EM


  TECHNICAL 8 OUTPUT FOR STARTING VALUE SET 14


  ITER  LOGLIKELIHOOD    ABS CHANGE   REL CHANGE      CLASS COUNTS    ALGORITHM
     1 -0.56686746D+04    0.0000000    0.0000000     21.877   155.123    EM
     2 -0.25938795D+04 3074.7951525    0.5424187     21.089   155.911    EM
     3 -0.25908285D+04    3.0509588    0.0011762     23.273   153.727    EM
     4 -0.25897538D+04    1.0747457    0.0004148     25.849   151.151    EM
     5 -0.25890254D+04    0.7283318    0.0002812     28.597   148.403    EM


  TECHNICAL 8 OUTPUT FOR STARTING VALUE SET 15


  ITER  LOGLIKELIHOOD    ABS CHANGE   REL CHANGE      CLASS COUNTS    ALGORITHM
     1 -0.54891219D+04    0.0000000    0.0000000    127.110    49.890    EM
     2 -0.26011377D+04 2887.9841803    0.5261286    131.493    45.507    EM
     3 -0.25961840D+04    4.9537457    0.0019045    132.283    44.717    EM
     4 -0.25948830D+04    1.3009465    0.0005011    132.108    44.892    EM
     5 -0.25938968D+04    0.9862183    0.0003801    131.124    45.876    EM


  TECHNICAL 8 OUTPUT FOR STARTING VALUE SET 16


  ITER  LOGLIKELIHOOD    ABS CHANGE   REL CHANGE      CLASS COUNTS    ALGORITHM
     1 -0.54320879D+04    0.0000000    0.0000000    146.682    30.318    EM
     2 -0.25974248D+04 2834.6631213    0.5218368    147.044    29.956    EM
     3 -0.25926787D+04    4.7460924    0.0018272    144.291    32.709    EM
     4 -0.25909274D+04    1.7512589    0.0006755    140.729    36.271    EM
     5 -0.25891891D+04    1.7383425    0.0006709    136.603    40.397    EM
     6 -0.25874909D+04    1.6981665    0.0006559    132.168    44.832    EM
     7 -0.25860099D+04    1.4810853    0.0005724    127.629    49.371    EM
     8 -0.25847706D+04    1.2392091    0.0004792    123.075    53.925    EM
     9 -0.25836984D+04    1.0722469    0.0004148    118.531    58.469    EM
    10 -0.25827143D+04    0.9841123    0.0003809    113.995    63.005    EM


  TECHNICAL 8 OUTPUT FOR STARTING VALUE SET 17


  ITER  LOGLIKELIHOOD    ABS CHANGE   REL CHANGE      CLASS COUNTS    ALGORITHM
     1 -0.65684699D+04    0.0000000    0.0000000     38.960   138.040    EM
     2 -0.25920786D+04 3976.3912329    0.6053756     37.103   139.897    EM
     3 -0.25879397D+04    4.1388880    0.0015967     36.129   140.871    EM
     4 -0.25857540D+04    2.1856983    0.0008446     35.472   141.528    EM
     5 -0.25841214D+04    1.6326855    0.0006314     35.129   141.871    EM
     6 -0.25827133D+04    1.4080076    0.0005449     35.171   141.829    EM
     7 -0.25813557D+04    1.3576834    0.0005257     35.635   141.365    EM
     8 -0.25800745D+04    1.2811572    0.0004963     36.563   140.437    EM
     9 -0.25788335D+04    1.2410071    0.0004810     37.965   139.035    EM
    10 -0.25774545D+04    1.3790263    0.0005347     39.727   137.273    EM


  TECHNICAL 8 OUTPUT FOR STARTING VALUE SET 18


  ITER  LOGLIKELIHOOD    ABS CHANGE   REL CHANGE      CLASS COUNTS    ALGORITHM
     1 -0.50816666D+04    0.0000000    0.0000000    172.110     4.890    EM
     2 -0.25908967D+04 2490.7699007    0.4901482    172.472     4.528    EM
     3 -0.25880774D+04    2.8192761    0.0010881    170.986     6.014    EM
     4 -0.25855854D+04    2.4920509    0.0009629    169.755     7.245    EM
     5 -0.25848334D+04    0.7519490    0.0002908    168.849     8.151    EM


  TECHNICAL 8 OUTPUT FOR STARTING VALUE SET 19


  ITER  LOGLIKELIHOOD    ABS CHANGE   REL CHANGE      CLASS COUNTS    ALGORITHM
     1 -0.73395569D+04    0.0000000    0.0000000     97.237    79.763    EM
     2 -0.25994415D+04 4740.1154100    0.6458313     92.074    84.926    EM
     3 -0.25917103D+04    7.7312370    0.0029742     88.561    88.439    EM
     4 -0.25881351D+04    3.5751397    0.0013795     84.633    92.367    EM
     5 -0.25840242D+04    4.1108979    0.0015884     80.387    96.613    EM
     6 -0.25797530D+04    4.2712196    0.0016529     76.201   100.799    EM
     7 -0.25766205D+04    3.1324737    0.0012143     72.373   104.627    EM
     8 -0.25748509D+04    1.7696952    0.0006868     68.967   108.033    EM
     9 -0.25738835D+04    0.9673627    0.0003757     65.930   111.070    EM


  TECHNICAL 8 OUTPUT FOR STARTING VALUE SET 20


  ITER  LOGLIKELIHOOD    ABS CHANGE   REL CHANGE      CLASS COUNTS    ALGORITHM
     1 -0.80083183D+04    0.0000000    0.0000000    114.857    62.143    EM
     2 -0.25964902D+04 5411.8281483    0.6757759    117.423    59.577    EM
     3 -0.25894996D+04    6.9905314    0.0026923    118.927    58.073    EM
     4 -0.25876118D+04    1.8878791    0.0007291    120.187    56.813    EM
     5 -0.25867381D+04    0.8736247    0.0003376    121.262    55.738    EM


  FINAL STAGE ITERATIONS


  TECHNICAL 8 OUTPUT FOR STARTING VALUE SET 3


     6 -0.25491309D+04    0.3038959    0.0001192     17.581   159.419    EM
     7 -0.25490525D+04    0.0784729    0.0000308     17.879   159.121    EM
     8 -0.25490328D+04    0.0196551    0.0000077     18.027   158.973    EM
     9 -0.25490279D+04    0.0048895    0.0000019     18.102   158.898    EM
    10 -0.25490267D+04    0.0012138    0.0000005     18.139   158.861    EM
    11 -0.25490264D+04    0.0003010    0.0000001     18.157   158.843    EM
    12 -0.25490263D+04    0.0000746    0.0000000     18.166   158.834    EM
    13 -0.25490263D+04    0.0000185    0.0000000     18.171   158.829    EM
    14 -0.25490263D+04    0.0000046    0.0000000     18.173   158.827    EM
    15 -0.25490263D+04    0.0000011    0.0000000     18.174   158.826    EM
    16 -0.25490263D+04    0.0000003    0.0000000     18.175   158.825    EM
    17 -0.25490263D+04    0.0000001    0.0000000     18.175   158.825    EM
    18 -0.25490263D+04    0.0000000    0.0000000     18.175   158.825    EM


  TECHNICAL 8 OUTPUT FOR STARTING VALUE SET 2


     7 -0.25492327D+04    0.5788136    0.0002270     17.338   159.662    EM
     8 -0.25490782D+04    0.1544956    0.0000606     17.757   159.243    EM
     9 -0.25490392D+04    0.0389858    0.0000153     17.967   159.033    EM
    10 -0.25490295D+04    0.0097134    0.0000038     18.072   158.928    EM
    11 -0.25490271D+04    0.0024129    0.0000009     18.124   158.876    EM
    12 -0.25490265D+04    0.0005986    0.0000002     18.150   158.850    EM
    13 -0.25490264D+04    0.0001484    0.0000001     18.163   158.837    EM
    14 -0.25490263D+04    0.0000368    0.0000000     18.169   158.831    EM
    15 -0.25490263D+04    0.0000091    0.0000000     18.172   158.828    EM
    16 -0.25490263D+04    0.0000023    0.0000000     18.174   158.826    EM
    17 -0.25490263D+04    0.0000006    0.0000000     18.175   158.825    EM
    18 -0.25490263D+04    0.0000001    0.0000000     18.175   158.825    EM
    19 -0.25490263D+04    0.0000000    0.0000000     18.175   158.825    EM
    20 -0.25490263D+04    0.0000000    0.0000000     18.175   158.825    EM


  TECHNICAL 8 OUTPUT FOR STARTING VALUE SET 7


     5 -0.25492916D+04    0.7978775    0.0003129     17.234   159.766    EM
     6 -0.25490929D+04    0.1986992    0.0000779     17.703   159.297    EM
     7 -0.25490429D+04    0.0499992    0.0000196     17.940   159.060    EM
     8 -0.25490304D+04    0.0124441    0.0000049     18.058   158.942    EM
     9 -0.25490273D+04    0.0030906    0.0000012     18.117   158.883    EM
    10 -0.25490266D+04    0.0007668    0.0000003     18.146   158.854    EM
    11 -0.25490264D+04    0.0001901    0.0000001     18.161   158.839    EM
    12 -0.25490263D+04    0.0000471    0.0000000     18.168   158.832    EM
    13 -0.25490263D+04    0.0000117    0.0000000     18.172   158.828    EM
    14 -0.25490263D+04    0.0000029    0.0000000     18.174   158.826    EM
    15 -0.25490263D+04    0.0000007    0.0000000     18.175   158.825    EM
    16 -0.25490263D+04    0.0000002    0.0000000     18.175   158.825    EM
    17 -0.25490263D+04    0.0000000    0.0000000     18.175   158.825    EM
    18 -0.25490263D+04    0.0000000    0.0000000     18.175   158.825    EM


  TECHNICAL 8 OUTPUT FOR STARTING VALUE SET 9


     6 -0.25493087D+04    0.7750648    0.0003039     17.193   159.807    EM
     7 -0.25490977D+04    0.2109935    0.0000828     17.684   159.316    EM
     8 -0.25490441D+04    0.0536063    0.0000210     17.930   159.070    EM
     9 -0.25490307D+04    0.0133763    0.0000052     18.053   158.947    EM
    10 -0.25490274D+04    0.0033244    0.0000013     18.115   158.885    EM
    11 -0.25490266D+04    0.0008250    0.0000003     18.145   158.855    EM
    12 -0.25490264D+04    0.0002046    0.0000001     18.161   158.839    EM
    13 -0.25490263D+04    0.0000507    0.0000000     18.168   158.832    EM
    14 -0.25490263D+04    0.0000126    0.0000000     18.172   158.828    EM
    15 -0.25490263D+04    0.0000031    0.0000000     18.174   158.826    EM
    16 -0.25490263D+04    0.0000008    0.0000000     18.175   158.825    EM
    17 -0.25490263D+04    0.0000002    0.0000000     18.175   158.825    EM
    18 -0.25490263D+04    0.0000000    0.0000000     18.175   158.825    EM
    19 -0.25490263D+04    0.0000000    0.0000000     18.175   158.825    EM


PLOT INFORMATION

The following plots are available:

  Histograms (sample values)
  Scatterplots (sample values)
  Sample means
  Estimated means, medians, modes, and percentiles
  Sample and estimated means
  Observed individual values
  Estimated means and observed individual values
  Estimated overall and class-specific distributions

SAVEDATA INFORMATION


  Save file
    class_2c.txt

  Order and format of variables

    DURATION       F10.3
    TIMING         F10.3
    QUALITY        F10.3
    ALERT          F10.3
    EFFICIEN       F10.3
    REGULAR        F10.3
    CPROB1         F10.3
    CPROB2         F10.3
    C              F10.3
    ID             I4

  Save file format
    9F10.3 I4

  Save file record length    10000


     Beginning Time:  13:33:53
        Ending Time:  13:33:53
       Elapsed Time:  00:00:00



MUTHEN & MUTHEN
3463 Stoner Ave.
Los Angeles, CA  90066

Tel: (310) 391-9971
Fax: (310) 391-8971
Web: www.StatModel.com
Support: Support@StatModel.com

Copyright (c) 1998-2018 Muthen & Muthen
