Mplus VERSION 8.1
MUTHEN & MUTHEN
06/10/2018   6:31 PM

INPUT INSTRUCTIONS

  TITLE: this is an example of a linear growth
  model for a continuous outcome at four
  time points with the intercept and slope
  growth factors regressed on two timeinvariant
  covariates

  DATA: FILE IS CMEP.csv;

  VARIABLE: !NAMES ARE y1-y4 x1 x2;
            NAMES ARE ID CMEP0 CMEP1 CMEP2 Tx age_yr_0 sex_0;
            USEVAR ARE CMEP0 CMEP1 CMEP2 Tx age_yr_0 ;
            MISSING = ALL (-999);

  MODEL: i s | CMEP0@0 CMEP1@1 CMEP2@2 ;
         i s ON Tx age_yr_0 ;
         CMEP2@0;

  OUTPUT:
  TECH1 TECH2;
  MODINDICES;



*** WARNING
  Data set contains cases with missing on x-variables.
  These cases were not included in the analysis.
  Number of cases with missing on x-variables:  1
   1 WARNING(S) FOUND IN THE INPUT INSTRUCTIONS



this is an example of a linear growth
model for a continuous outcome at four
time points with the intercept and slope
growth factors regressed on two timeinvariant
covariates

SUMMARY OF ANALYSIS

Number of groups                                                 1
Number of observations                                         175

Number of dependent variables                                    3
Number of independent variables                                  2
Number of continuous latent variables                            2

Observed dependent variables

  Continuous
   CMEP0       CMEP1       CMEP2

Observed independent variables
   TX          AGE_YR_0

Continuous latent variables
   I           S


Estimator                                                       ML
Information matrix                                        OBSERVED
Maximum number of iterations                                  1000
Convergence criterion                                    0.500D-04
Maximum number of steepest descent iterations                   20
Maximum number of iterations for H1                           2000
Convergence criterion for H1                             0.100D-03

Input data file(s)
  CMEP.csv

Input data format  FREE


SUMMARY OF DATA

     Number of missing data patterns             5


COVARIANCE COVERAGE OF DATA

Minimum covariance coverage value   0.100


     PROPORTION OF DATA PRESENT


           Covariance Coverage
              CMEP0         CMEP1         CMEP2         TX            AGE_YR_0
              ________      ________      ________      ________      ________
 CMEP0          0.994
 CMEP1          0.880         0.886
 CMEP2          0.806         0.771         0.811
 TX             0.994         0.886         0.811         1.000
 AGE_YR_0       0.994         0.886         0.811         1.000         1.000



UNIVARIATE SAMPLE STATISTICS


     UNIVARIATE HIGHER-ORDER MOMENT DESCRIPTIVE STATISTICS

         Variable/         Mean/     Skewness/   Minimum/ % with                Percentiles
        Sample Size      Variance    Kurtosis    Maximum  Min/Max      20%/60%    40%/80%    Median

     CMEP0                21.328      -0.415      10.000    0.57%      18.000     20.000     21.500
             174.000      14.381      -0.605      27.000    6.90%      23.000     25.000
     CMEP1                24.252      -0.189      10.000    0.65%      20.000     23.000     24.000
             155.000      23.788       0.000      37.000    0.65%      26.000     28.000
     CMEP2                24.641      -0.172      14.000    1.41%      21.000     24.000     24.000
             142.000      20.948      -0.371      34.000    1.41%      26.000     29.000
     TX                    0.503      -0.011       0.000   49.71%       0.000      0.000      1.000
             175.000       0.250      -2.000       1.000   50.29%       1.000      1.000
     AGE_YR_0             14.783      -0.285      10.000    1.14%      13.000     15.000     15.000
             175.000       3.359      -0.431      18.000    6.29%      15.000     16.000


THE MODEL ESTIMATION TERMINATED NORMALLY



MODEL FIT INFORMATION

Number of Free Parameters                       11

Loglikelihood

          H0 Value                       -1288.307
          H1 Value                       -1277.281

Information Criteria

          Akaike (AIC)                    2598.613
          Bayesian (BIC)                  2633.426
          Sample-Size Adjusted BIC        2598.592
            (n* = (n + 2) / 24)

Chi-Square Test of Model Fit

          Value                             22.052
          Degrees of Freedom                     4
          P-Value                           0.0002

RMSEA (Root Mean Square Error Of Approximation)

          Estimate                           0.161
          90 Percent C.I.                    0.099  0.229
          Probability RMSEA <= .05           0.003

CFI/TLI

          CFI                                0.887
          TLI                                0.746

Chi-Square Test of Model Fit for the Baseline Model

          Value                            169.148
          Degrees of Freedom                     9
          P-Value                           0.0000

SRMR (Standardized Root Mean Square Residual)

          Value                              0.042



MODEL RESULTS

                                                    Two-Tailed
                    Estimate       S.E.  Est./S.E.    P-Value

 I        |
    CMEP0              1.000      0.000    999.000    999.000
    CMEP1              1.000      0.000    999.000    999.000
    CMEP2              1.000      0.000    999.000    999.000

 S        |
    CMEP0              0.000      0.000    999.000    999.000
    CMEP1              1.000      0.000    999.000    999.000
    CMEP2              2.000      0.000    999.000    999.000

 I        ON
    TX                -0.152      0.556     -0.274      0.784
    AGE_YR_0          -0.424      0.151     -2.800      0.005

 S        ON
    TX                 0.838      0.336      2.493      0.013
    AGE_YR_0           0.176      0.093      1.882      0.060

 S        WITH
    I                  1.057      1.029      1.027      0.304

 Intercepts
    CMEP0              0.000      0.000    999.000    999.000
    CMEP1              0.000      0.000    999.000    999.000
    CMEP2              0.000      0.000    999.000    999.000
    I                 27.978      2.277     12.287      0.000
    S                 -1.492      1.402     -1.064      0.287

 Residual Variances
    CMEP0              7.776      2.116      3.675      0.000
    CMEP1             11.213      1.431      7.837      0.000
    CMEP2              0.000      0.000    999.000    999.000
    I                  6.536      2.091      3.126      0.002
    S                  2.407      0.653      3.688      0.000


QUALITY OF NUMERICAL RESULTS

     Condition Number for the Information Matrix              0.504E-04
       (ratio of smallest to largest eigenvalue)


MODEL MODIFICATION INDICES

NOTE:  Modification indices for direct effects of observed dependent variables
regressed on covariates may not be included.  To include these, request
MODINDICES (ALL).

Minimum M.I. value for printing the modification index    10.000

                                   M.I.     E.P.C.  Std E.P.C.  StdYX E.P.C.

BY Statements

I        BY CMEP0                 16.458    -0.110     -0.294       -0.076
I        BY CMEP1                 16.457     0.055      0.147        0.031
I        BY CMEP2                 16.457    -0.110     -0.294       -0.064
S        BY CMEP0                 14.501    -1.088     -1.783       -0.462
S        BY CMEP1                 14.501     0.544      0.892        0.188
S        BY CMEP2                 14.501    -1.088     -1.783       -0.389

Means/Intercepts/Thresholds

[ CMEP0    ]                      15.475    -2.314     -2.314       -0.599
[ CMEP1    ]                      15.474     1.157      1.157        0.243
[ CMEP2    ]                      15.474    -2.314     -2.314       -0.505


TECHNICAL 1 OUTPUT


     PARAMETER SPECIFICATION


           NU
              CMEP0         CMEP1         CMEP2         TX            AGE_YR_0
              ________      ________      ________      ________      ________
                  0             0             0             0             0


           LAMBDA
              I             S             TX            AGE_YR_0
              ________      ________      ________      ________
 CMEP0              0             0             0             0
 CMEP1              0             0             0             0
 CMEP2              0             0             0             0
 TX                 0             0             0             0
 AGE_YR_0           0             0             0             0


           THETA
              CMEP0         CMEP1         CMEP2         TX            AGE_YR_0
              ________      ________      ________      ________      ________
 CMEP0              1
 CMEP1              0             2
 CMEP2              0             0             0
 TX                 0             0             0             0
 AGE_YR_0           0             0             0             0             0


           ALPHA
              I             S             TX            AGE_YR_0
              ________      ________      ________      ________
                  3             4             0             0


           BETA
              I             S             TX            AGE_YR_0
              ________      ________      ________      ________
 I                  0             0             5             6
 S                  0             0             7             8
 TX                 0             0             0             0
 AGE_YR_0           0             0             0             0


           PSI
              I             S             TX            AGE_YR_0
              ________      ________      ________      ________
 I                  9
 S                 10            11
 TX                 0             0             0
 AGE_YR_0           0             0             0             0


     STARTING VALUES


           NU
              CMEP0         CMEP1         CMEP2         TX            AGE_YR_0
              ________      ________      ________      ________      ________
                0.000         0.000         0.000         0.000         0.000


           LAMBDA
              I             S             TX            AGE_YR_0
              ________      ________      ________      ________
 CMEP0          1.000         0.000         0.000         0.000
 CMEP1          1.000         1.000         0.000         0.000
 CMEP2          1.000         2.000         0.000         0.000
 TX             0.000         0.000         1.000         0.000
 AGE_YR_0       0.000         0.000         0.000         1.000


           THETA
              CMEP0         CMEP1         CMEP2         TX            AGE_YR_0
              ________      ________      ________      ________      ________
 CMEP0          7.191
 CMEP1          0.000        11.894
 CMEP2          0.000         0.000         0.000
 TX             0.000         0.000         0.000         0.000
 AGE_YR_0       0.000         0.000         0.000         0.000         0.000


           ALPHA
              I             S             TX            AGE_YR_0
              ________      ________      ________      ________
               21.612         1.864         0.503        14.783


           BETA
              I             S             TX            AGE_YR_0
              ________      ________      ________      ________
 I              0.000         0.000         0.000         0.000
 S              0.000         0.000         0.000         0.000
 TX             0.000         0.000         0.000         0.000
 AGE_YR_0       0.000         0.000         0.000         0.000


           PSI
              I             S             TX            AGE_YR_0
              ________      ________      ________      ________
 I             14.129
 S              0.000         8.546
 TX             0.000         0.000         0.250
 AGE_YR_0       0.000         0.000         0.001         3.359


TECHNICAL 2 OUTPUT


     DERIVATIVES


           Derivatives With Respect to NU
              CMEP0         CMEP1         CMEP2         TX            AGE_YR_0
              ________      ________      ________      ________      ________
                0.038        -0.076         0.038         0.856         0.076


           Derivatives With Respect to LAMBDA
              I             S             TX            AGE_YR_0
              ________      ________      ________      ________
 CMEP0          0.856         0.076         0.027         0.544
 CMEP1         -1.713        -0.152        -0.054        -1.087
 CMEP2          0.856         0.076         0.027         0.544
 TX             0.000         0.000         0.000         0.003
 AGE_YR_0      -0.005         0.003         0.000         0.000


           Derivatives With Respect to THETA
              CMEP0         CMEP1         CMEP2         TX            AGE_YR_0
              ________      ________      ________      ________      ________
 CMEP0          0.000
 CMEP1          0.000         0.000
 CMEP2          0.003        -0.005         0.003
 TX             0.000         0.000         0.000         0.000
 AGE_YR_0       0.000         0.000         0.000         0.000         0.000


           Derivatives With Respect to ALPHA
              I             S             TX            AGE_YR_0
              ________      ________      ________      ________
                0.000         0.000         0.000         0.000


           Derivatives With Respect to BETA
              I             S             TX            AGE_YR_0
              ________      ________      ________      ________
 I              0.000         0.000         0.000         0.000
 S              0.000         0.000         0.000         0.000
 TX             0.000         0.000         0.000         0.000
 AGE_YR_0       0.000         0.000         0.000         0.000


           Derivatives With Respect to PSI
              I             S             TX            AGE_YR_0
              ________      ________      ________      ________
 I              0.000
 S              0.000         0.000
 TX             0.000         0.000         0.000
 AGE_YR_0       0.000         0.000         0.000         0.000


DIAGRAM INFORMATION

  Use View Diagram under the Diagram menu in the Mplus Editor to view the diagram.
  If running Mplus from the Mplus Diagrammer, the diagram opens automatically.

  Diagram output
    c:\users\lu dong\dropbox\harvey_lab_research\teen_sleep\6mfu_paper\analysis\mplus\growth_model_no_gender.dgm

     Beginning Time:  18:31:55
        Ending Time:  18:31:55
       Elapsed Time:  00:00:00



MUTHEN & MUTHEN
3463 Stoner Ave.
Los Angeles, CA  90066

Tel: (310) 391-9971
Fax: (310) 391-8971
Web: www.StatModel.com
Support: Support@StatModel.com

Copyright (c) 1998-2018 Muthen & Muthen
