Mplus VERSION 8.1
MUTHEN & MUTHEN
06/10/2018   6:38 PM

INPUT INSTRUCTIONS

  TITLE: this is an example of a linear growth
  model for a continuous outcome at four
  time points with the intercept and slope
  growth factors regressed on two timeinvariant
  covariates

  DATA: FILE IS CMEP.csv;

  VARIABLE: !NAMES ARE y1-y4 x1 x2;
            NAMES ARE ID CMEP0 CMEP1 CMEP2 Tx age_yr_0 sex_0;
            USEVAR ARE CMEP0 CMEP1 CMEP2 Tx age_yr_0 sex_0;
            MISSING = ALL (-999);

  MODEL: i s | CMEP0@0 CMEP1@1 CMEP2@2 ;
         i ON Tx age_yr_0 sex_0;
         s ON Tx age_yr_0 sex_0;
         CMEP2@0;
         !Tx WITH age_yr_0 @0;
         !Tx WITH sex_0 @0;

  OUTPUT:
  TECH1 TECH2 TECH4;
  MODINDICES;



*** WARNING
  Data set contains cases with missing on x-variables.
  These cases were not included in the analysis.
  Number of cases with missing on x-variables:  1
   1 WARNING(S) FOUND IN THE INPUT INSTRUCTIONS



this is an example of a linear growth
model for a continuous outcome at four
time points with the intercept and slope
growth factors regressed on two timeinvariant
covariates

SUMMARY OF ANALYSIS

Number of groups                                                 1
Number of observations                                         175

Number of dependent variables                                    3
Number of independent variables                                  3
Number of continuous latent variables                            2

Observed dependent variables

  Continuous
   CMEP0       CMEP1       CMEP2

Observed independent variables
   TX          AGE_YR_0    SEX_0

Continuous latent variables
   I           S


Estimator                                                       ML
Information matrix                                        OBSERVED
Maximum number of iterations                                  1000
Convergence criterion                                    0.500D-04
Maximum number of steepest descent iterations                   20
Maximum number of iterations for H1                           2000
Convergence criterion for H1                             0.100D-03

Input data file(s)
  CMEP.csv

Input data format  FREE


SUMMARY OF DATA

     Number of missing data patterns             5


COVARIANCE COVERAGE OF DATA

Minimum covariance coverage value   0.100


     PROPORTION OF DATA PRESENT


           Covariance Coverage
              CMEP0         CMEP1         CMEP2         TX            AGE_YR_0
              ________      ________      ________      ________      ________
 CMEP0          0.994
 CMEP1          0.880         0.886
 CMEP2          0.806         0.771         0.811
 TX             0.994         0.886         0.811         1.000
 AGE_YR_0       0.994         0.886         0.811         1.000         1.000
 SEX_0          0.994         0.886         0.811         1.000         1.000


           Covariance Coverage
              SEX_0
              ________
 SEX_0          1.000



UNIVARIATE SAMPLE STATISTICS


     UNIVARIATE HIGHER-ORDER MOMENT DESCRIPTIVE STATISTICS

         Variable/         Mean/     Skewness/   Minimum/ % with                Percentiles
        Sample Size      Variance    Kurtosis    Maximum  Min/Max      20%/60%    40%/80%    Median

     CMEP0                21.328      -0.415      10.000    0.57%      18.000     20.000     21.500
             174.000      14.381      -0.605      27.000    6.90%      23.000     25.000
     CMEP1                24.252      -0.189      10.000    0.65%      20.000     23.000     24.000
             155.000      23.788       0.000      37.000    0.65%      26.000     28.000
     CMEP2                24.641      -0.172      14.000    1.41%      21.000     24.000     24.000
             142.000      20.948      -0.371      34.000    1.41%      26.000     29.000
     TX                    0.503      -0.011       0.000   49.71%       0.000      0.000      1.000
             175.000       0.250      -2.000       1.000   50.29%       1.000      1.000
     AGE_YR_0             14.783      -0.285      10.000    1.14%      13.000     15.000     15.000
             175.000       3.359      -0.431      18.000    6.29%      15.000     16.000
     SEX_0                 0.589      -0.360       0.000   41.14%       0.000      0.000      1.000
             175.000       0.242      -1.870       1.000   58.86%       1.000      1.000


THE MODEL ESTIMATION TERMINATED NORMALLY



MODEL FIT INFORMATION

Number of Free Parameters                       13

Loglikelihood

          H0 Value                       -1286.547
          H1 Value                       -1275.431

Information Criteria

          Akaike (AIC)                    2599.094
          Bayesian (BIC)                  2640.236
          Sample-Size Adjusted BIC        2599.069
            (n* = (n + 2) / 24)

Chi-Square Test of Model Fit

          Value                             22.232
          Degrees of Freedom                     5
          P-Value                           0.0005

RMSEA (Root Mean Square Error Of Approximation)

          Estimate                           0.140
          90 Percent C.I.                    0.084  0.202
          Probability RMSEA <= .05           0.006

CFI/TLI

          CFI                                0.893
          TLI                                0.743

Chi-Square Test of Model Fit for the Baseline Model

          Value                            172.846
          Degrees of Freedom                    12
          P-Value                           0.0000

SRMR (Standardized Root Mean Square Residual)

          Value                              0.038



MODEL RESULTS

                                                    Two-Tailed
                    Estimate       S.E.  Est./S.E.    P-Value

 I        |
    CMEP0              1.000      0.000    999.000    999.000
    CMEP1              1.000      0.000    999.000    999.000
    CMEP2              1.000      0.000    999.000    999.000

 S        |
    CMEP0              0.000      0.000    999.000    999.000
    CMEP1              1.000      0.000    999.000    999.000
    CMEP2              2.000      0.000    999.000    999.000

 I        ON
    TX                -0.170      0.557     -0.305      0.760
    AGE_YR_0          -0.431      0.152     -2.835      0.005
    SEX_0             -0.243      0.565     -0.430      0.667

 S        ON
    TX                 0.872      0.333      2.617      0.009
    AGE_YR_0           0.192      0.093      2.066      0.039
    SEX_0              0.632      0.336      1.878      0.060

 S        WITH
    I                  1.091      1.021      1.069      0.285

 Intercepts
    CMEP0              0.000      0.000    999.000    999.000
    CMEP1              0.000      0.000    999.000    999.000
    CMEP2              0.000      0.000    999.000    999.000
    I                 28.241      2.347     12.032      0.000
    S                 -2.113      1.427     -1.480      0.139

 Residual Variances
    CMEP0              7.793      2.108      3.697      0.000
    CMEP1             11.159      1.422      7.846      0.000
    CMEP2              0.000      0.000    999.000    999.000
    I                  6.521      2.082      3.132      0.002
    S                  2.322      0.644      3.607      0.000


QUALITY OF NUMERICAL RESULTS

     Condition Number for the Information Matrix              0.528E-04
       (ratio of smallest to largest eigenvalue)


MODEL MODIFICATION INDICES

NOTE:  Modification indices for direct effects of observed dependent variables
regressed on covariates may not be included.  To include these, request
MODINDICES (ALL).

Minimum M.I. value for printing the modification index    10.000

                                   M.I.     E.P.C.  Std E.P.C.  StdYX E.P.C.

BY Statements

I        BY CMEP0                 16.545    -0.110     -0.294       -0.076
I        BY CMEP1                 16.545     0.055      0.147        0.031
I        BY CMEP2                 16.545    -0.110     -0.294       -0.064
S        BY CMEP0                 14.525    -1.079     -1.772       -0.458
S        BY CMEP1                 14.525     0.540      0.886        0.187
S        BY CMEP2                 14.526    -1.079     -1.772       -0.387

Means/Intercepts/Thresholds

[ CMEP0    ]                      15.542    -2.314     -2.314       -0.599
[ CMEP1    ]                      15.542     1.157      1.157        0.244
[ CMEP2    ]                      15.542    -2.314     -2.314       -0.505


TECHNICAL 1 OUTPUT


     PARAMETER SPECIFICATION


           NU
              CMEP0         CMEP1         CMEP2         TX            AGE_YR_0
              ________      ________      ________      ________      ________
                  0             0             0             0             0


           NU
              SEX_0
              ________
                  0


           LAMBDA
              I             S             TX            AGE_YR_0      SEX_0
              ________      ________      ________      ________      ________
 CMEP0              0             0             0             0             0
 CMEP1              0             0             0             0             0
 CMEP2              0             0             0             0             0
 TX                 0             0             0             0             0
 AGE_YR_0           0             0             0             0             0
 SEX_0              0             0             0             0             0


           THETA
              CMEP0         CMEP1         CMEP2         TX            AGE_YR_0
              ________      ________      ________      ________      ________
 CMEP0              1
 CMEP1              0             2
 CMEP2              0             0             0
 TX                 0             0             0             0
 AGE_YR_0           0             0             0             0             0
 SEX_0              0             0             0             0             0


           THETA
              SEX_0
              ________
 SEX_0              0


           ALPHA
              I             S             TX            AGE_YR_0      SEX_0
              ________      ________      ________      ________      ________
                  3             4             0             0             0


           BETA
              I             S             TX            AGE_YR_0      SEX_0
              ________      ________      ________      ________      ________
 I                  0             0             5             6             7
 S                  0             0             8             9            10
 TX                 0             0             0             0             0
 AGE_YR_0           0             0             0             0             0
 SEX_0              0             0             0             0             0


           PSI
              I             S             TX            AGE_YR_0      SEX_0
              ________      ________      ________      ________      ________
 I                 11
 S                 12            13
 TX                 0             0             0
 AGE_YR_0           0             0             0             0
 SEX_0              0             0             0             0             0


     STARTING VALUES


           NU
              CMEP0         CMEP1         CMEP2         TX            AGE_YR_0
              ________      ________      ________      ________      ________
                0.000         0.000         0.000         0.000         0.000


           NU
              SEX_0
              ________
                0.000


           LAMBDA
              I             S             TX            AGE_YR_0      SEX_0
              ________      ________      ________      ________      ________
 CMEP0          1.000         0.000         0.000         0.000         0.000
 CMEP1          1.000         1.000         0.000         0.000         0.000
 CMEP2          1.000         2.000         0.000         0.000         0.000
 TX             0.000         0.000         1.000         0.000         0.000
 AGE_YR_0       0.000         0.000         0.000         1.000         0.000
 SEX_0          0.000         0.000         0.000         0.000         1.000


           THETA
              CMEP0         CMEP1         CMEP2         TX            AGE_YR_0
              ________      ________      ________      ________      ________
 CMEP0          7.191
 CMEP1          0.000        11.894
 CMEP2          0.000         0.000         0.000
 TX             0.000         0.000         0.000         0.000
 AGE_YR_0       0.000         0.000         0.000         0.000         0.000
 SEX_0          0.000         0.000         0.000         0.000         0.000


           THETA
              SEX_0
              ________
 SEX_0          0.000


           ALPHA
              I             S             TX            AGE_YR_0      SEX_0
              ________      ________      ________      ________      ________
               21.612         1.864         0.503        14.783         0.589


           BETA
              I             S             TX            AGE_YR_0      SEX_0
              ________      ________      ________      ________      ________
 I              0.000         0.000         0.000         0.000         0.000
 S              0.000         0.000         0.000         0.000         0.000
 TX             0.000         0.000         0.000         0.000         0.000
 AGE_YR_0       0.000         0.000         0.000         0.000         0.000
 SEX_0          0.000         0.000         0.000         0.000         0.000


           PSI
              I             S             TX            AGE_YR_0      SEX_0
              ________      ________      ________      ________      ________
 I             14.129
 S              0.000         8.546
 TX             0.000         0.000         0.250
 AGE_YR_0       0.000         0.000         0.001         3.359
 SEX_0          0.000         0.000        -0.016        -0.084         0.242


TECHNICAL 2 OUTPUT


     DERIVATIVES


           Derivatives With Respect to NU
              CMEP0         CMEP1         CMEP2         TX            AGE_YR_0
              ________      ________      ________      ________      ________
                0.038        -0.077         0.038         0.861         0.077


           Derivatives With Respect to NU
              SEX_0
              ________
                0.027


           Derivatives With Respect to LAMBDA
              I             S             TX            AGE_YR_0      SEX_0
              ________      ________      ________      ________      ________
 CMEP0          0.861         0.077         0.027         0.546         0.023
 CMEP1         -1.722        -0.154        -0.055        -1.092        -0.046
 CMEP2          0.861         0.077         0.027         0.546         0.023
 TX             0.000         0.000         0.000         0.003        -0.005
 AGE_YR_0       0.003         0.000         0.000         0.000         0.000
 SEX_0          0.000         0.000         0.000         0.000         0.000


           Derivatives With Respect to THETA
              CMEP0         CMEP1         CMEP2         TX            AGE_YR_0
              ________      ________      ________      ________      ________
 CMEP0          0.000
 CMEP1          0.000         0.000
 CMEP2          0.003        -0.005         0.003
 TX             0.000         0.000         0.000         0.000
 AGE_YR_0       0.000         0.000         0.000         0.000         0.000
 SEX_0          0.000         0.000         0.000         0.000         0.000


           Derivatives With Respect to THETA
              SEX_0
              ________
 SEX_0          0.000


           Derivatives With Respect to ALPHA
              I             S             TX            AGE_YR_0      SEX_0
              ________      ________      ________      ________      ________
                0.000         0.000         0.000         0.000         0.000


           Derivatives With Respect to BETA
              I             S             TX            AGE_YR_0      SEX_0
              ________      ________      ________      ________      ________
 I              0.000         0.000         0.000         0.000         0.000
 S              0.000         0.000         0.000         0.000         0.000
 TX             0.000         0.000         0.000         0.000         0.000
 AGE_YR_0       0.000         0.000         0.000         0.000         0.000
 SEX_0          0.000         0.000         0.000         0.000         0.000


           Derivatives With Respect to PSI
              I             S             TX            AGE_YR_0      SEX_0
              ________      ________      ________      ________      ________
 I              0.000
 S              0.000         0.000
 TX             0.000         0.000         0.000
 AGE_YR_0       0.000         0.000         0.000         0.000
 SEX_0          0.000         0.000         0.000         0.000         0.000


TECHNICAL 4 OUTPUT


     ESTIMATES DERIVED FROM THE MODEL


           ESTIMATED MEANS FOR THE LATENT VARIABLES
              I             S             TX            AGE_YR_0      SEX_0
              ________      ________      ________      ________      ________
               21.638         1.537         0.503        14.783         0.589


           S.E. FOR ESTIMATED MEANS FOR THE LATENT VARIABLES
              I             S             TX            AGE_YR_0      SEX_0
              ________      ________      ________      ________      ________
                0.293         0.176         0.038         0.139         0.037


           EST./S.E. FOR ESTIMATED MEANS FOR THE LATENT VARIABLES
              I             S             TX            AGE_YR_0      SEX_0
              ________      ________      ________      ________      ________
               73.966         8.714        13.305       106.709        15.822


           TWO-TAILED P-VALUE FOR ESTIMATED MEANS FOR THE LATENT VARIABLES
              I             S             TX            AGE_YR_0      SEX_0
              ________      ________      ________      ________      ________
                0.000         0.000         0.000         0.000         0.000


           ESTIMATED COVARIANCE MATRIX FOR THE LATENT VARIABLES
              I             S             TX            AGE_YR_0      SEX_0
              ________      ________      ________      ________      ________
 I              7.149
 S              0.770         2.695
 TX            -0.039         0.208         0.250
 AGE_YR_0      -1.428         0.593         0.001         3.359
 SEX_0         -0.020         0.123        -0.016        -0.084         0.242


           S.E. FOR ESTIMATED COVARIANCE MATRIX FOR THE LATENT VARIABLES
              I             S             TX            AGE_YR_0      SEX_0
              ________      ________      ________      ________      ________
 I              2.114
 S              1.052         0.685
 TX             0.142         0.088         0.027
 AGE_YR_0       0.531         0.325         0.069         0.359
 SEX_0          0.139         0.085         0.019         0.068         0.026


           EST./S.E. FOR ESTIMATED COVARIANCE MATRIX FOR THE LATENT VARIABLES
              I             S             TX            AGE_YR_0      SEX_0
              ________      ________      ________      ________      ________
 I              3.382
 S              0.733         3.937
 TX            -0.274         2.371         9.354
 AGE_YR_0      -2.689         1.823         0.009         9.354
 SEX_0         -0.144         1.453        -0.857        -1.221         9.354


           TWO-TAILED P-VALUE FOR ESTIMATED COVARIANCE MATRIX FOR THE LATENT VARIABLES
              I             S             TX            AGE_YR_0      SEX_0
              ________      ________      ________      ________      ________
 I              0.001
 S              0.464         0.000
 TX             0.784         0.018         0.000
 AGE_YR_0       0.007         0.068         0.993         0.000
 SEX_0          0.885         0.146         0.392         0.222         0.000


           ESTIMATED CORRELATION MATRIX FOR THE LATENT VARIABLES
              I             S             TX            AGE_YR_0      SEX_0
              ________      ________      ________      ________      ________
 I              1.000
 S              0.176         1.000
 TX            -0.029         0.253         1.000
 AGE_YR_0      -0.291         0.197         0.001         1.000
 SEX_0         -0.015         0.152        -0.065        -0.093         1.000


           S.E. FOR ESTIMATED CORRELATION MATRIX FOR THE LATENT VARIABLES
              I             S             TX            AGE_YR_0      SEX_0
              ________      ________      ________      ________      ________
 I              0.000
 S              0.276         0.000
 TX             0.106         0.101         0.000
 AGE_YR_0       0.107         0.105         0.076         0.000
 SEX_0          0.106         0.103         0.075         0.075         0.000


           EST./S.E. FOR ESTIMATED CORRELATION MATRIX FOR THE LATENT VARIABLES
              I             S             TX            AGE_YR_0      SEX_0
              ________      ________      ________      ________      ________
 I            999.000
 S              0.637       999.000
 TX            -0.275         2.519       999.000
 AGE_YR_0      -2.729         1.869         0.009       999.000
 SEX_0         -0.144         1.477        -0.862        -1.237       999.000


           TWO-TAILED P-VALUE FOR ESTIMATED CORRELATION MATRIX FOR THE LATENT VARIABLES
              I             S             TX            AGE_YR_0      SEX_0
              ________      ________      ________      ________      ________
 I              0.000
 S              0.524         0.000
 TX             0.784         0.012         0.000
 AGE_YR_0       0.006         0.062         0.993         0.000
 SEX_0          0.885         0.140         0.389         0.216         0.000


DIAGRAM INFORMATION

  Use View Diagram under the Diagram menu in the Mplus Editor to view the diagram.
  If running Mplus from the Mplus Diagrammer, the diagram opens automatically.

  Diagram output
    c:\users\lu dong\dropbox\harvey_lab_research\teen_sleep\6mfu_paper\analysis\mplus\growth_model_modified.dgm

     Beginning Time:  18:38:21
        Ending Time:  18:38:21
       Elapsed Time:  00:00:00



MUTHEN & MUTHEN
3463 Stoner Ave.
Los Angeles, CA  90066

Tel: (310) 391-9971
Fax: (310) 391-8971
Web: www.StatModel.com
Support: Support@StatModel.com

Copyright (c) 1998-2018 Muthen & Muthen
