Mplus VERSION 8.1
MUTHEN & MUTHEN
06/10/2018   4:46 PM

INPUT INSTRUCTIONS

  TITLE:	this is an example of a two-level
  	regression analysis for a continuous
  	dependent variable with a random intercept and an observed covariate
  DATA:	FILE = sleep_outcomes.csv;
  VARIABLE:	!NAMES = y x w xm clus;
      NAMES = ID Tx age_yr_0 sex_0 timepoint WD_TSTavg
              WD_Bedtimeavg TST_Avgdif Bedtime_Avgdif
              WakeTime_Avgdif SLEEPINESS PSQITOT
              CBCL_SLEEP CMEP;
      USEVAR = ID Tx timepoint CMEP TxTime;
  	WITHIN = timepoint;
  	BETWEEN = Tx;
  	CLUSTER = ID;
      MISSING = ALL(-999);
  !DEFINE:	CENTER x (GRANDMEAN);
  DEFINE: TxTime = Tx*timepoint;
  ANALYSIS:	TYPE = TWOLEVEL;
  MODEL:
  	%WITHIN%	
  	CMEP ON timepoint;
  	%BETWEEN%
  	CMEP ON Tx
              timepoint
              TxTime;


*** WARNING in VARIABLE command
  Note that only the first 8 characters of variable names are used in the output.
  Shorten variable names to avoid any confusion.
*** WARNING
  One or more individual-level variables have no variation within a
  cluster for the following clusters.

     Variable   Cluster IDs with no within-cluster variation

      CMEP        67 170 171 225 231 59
      TXTIME      79 33 94 112 120 25 146 151 48 173 177 199 212 26 263 24 11 69 13 84 87 27 28
                  93 97 98 105 106 110 37 39 121 19 129 131 133 134 138 45 153 161 5 167 168 171
                  175 183 184 185 192 53 207 55 211 213 215 218 219 225 58 231 232 233 234 235
                  236 237 59 244 245 248 249 250 253 258 60 268 22 23 282 2

*** ERROR in MODEL command
  Within-level variables cannot be used on the between level.
  Within-level variable used:  TIMEPOINT
*** ERROR
  The following MODEL statements are ignored:
  * Statements in the BETWEEN level:
    CMEP ON TIMEPOINT
*** WARNING
  Data set contains cases with missing on all variables.
  These cases were not included in the analysis.
  Number of cases with missing on all variables:  1
*** WARNING
  Data set contains cases with missing on all variables except
  x-variables.  These cases were not included in the analysis.
  Number of cases with missing on all variables except x-variables:  56


MUTHEN & MUTHEN
3463 Stoner Ave.
Los Angeles, CA  90066

Tel: (310) 391-9971
Fax: (310) 391-8971
Web: www.StatModel.com
Support: Support@StatModel.com

Copyright (c) 1998-2018 Muthen & Muthen
