-------------------------------------------------------------------------------------------------------------------------------
      name:  <unnamed>
       log:  C:\Users\dongl\OneDrive\Desktop\6mFU\composite_MLM_results.log
  log type:  text
 opened on:   4 Mar 2018, 17:12:58

. do "C:\Users\dongl\AppData\Local\Temp\STD13ca0_000000.tmp"

. *Composite scores
. mixed EMOTIONAL_COMPOSITE_2 Tx##time age_yr_0 sex_0 || ID: , nolog

Mixed-effects ML regression                     Number of obs     =        493
Group variable: ID                              Number of groups  =        175

                                                Obs per group:
                                                              min =          1
                                                              avg =        2.8
                                                              max =          3

                                                Wald chi2(7)      =     117.49
Log likelihood = -485.41934                     Prob > chi2       =     0.0000

---------------------------------------------------------------------------------------
EMOTIONAL_COMPOSITE_2 |      Coef.   Std. Err.      z    P>|z|     [95% Conf. Interval]
----------------------+----------------------------------------------------------------
                 1.Tx |    .101692   .1269462     0.80   0.423    -.1471179    .3505019
                      |
            timepoint |
                   1  |  -.3652468   .0702625    -5.20   0.000    -.5029588   -.2275349
                   2  |  -.4937506   .0705735    -7.00   0.000    -.6320721   -.3554292
                      |
         Tx#timepoint |
                 1 1  |  -.0123489   .0995428    -0.12   0.901    -.2074493    .1827514
                 1 2  |   -.023442   .1004642    -0.23   0.815    -.2203482    .1734642
                      |
             age_yr_0 |   .0538251   .0315603     1.71   0.088     -.008032    .1156822
                sex_0 |   .2283564   .1172595     1.95   0.051    -.0014679    .4581807
                _cons |  -.6610755   .4871288    -1.36   0.175     -1.61583    .2936794
---------------------------------------------------------------------------------------

------------------------------------------------------------------------------
  Random-effects Parameters  |   Estimate   Std. Err.     [95% Conf. Interval]
-----------------------------+------------------------------------------------
ID: Identity                 |
                  var(_cons) |   .5002966   .0634979      .3901151    .6415972
-----------------------------+------------------------------------------------
               var(Residual) |   .2022765   .0162391      .1728262    .2367452
------------------------------------------------------------------------------
LR test vs. linear model: chibar2(01) = 229.40        Prob >= chibar2 = 0.0000

. contrast r.Tx##ib1.time

Contrasts of marginal linear predictions

Margins      : asbalanced

------------------------------------------------
             |         df        chi2     P>chi2
-------------+----------------------------------
EMOTIONAL_~2 |
          Tx |          1        0.61     0.4354
             |
   timepoint |          2      110.01     0.0000
             |
Tx#timepoint |          2        0.05     0.9731
------------------------------------------------

-----------------------------------------------------------------------
                      |   Contrast   Std. Err.     [95% Conf. Interval]
----------------------+------------------------------------------------
EMOTIONAL_COMPOSITE_2 |
                   Tx |
            (1 vs 0)  |   .0897617   .1150832     -.1357973    .3153206
                      |
            timepoint |
         (0 vs base)  |   .3714213   .0497751      .2738639    .4689787
         (2 vs base)  |  -.1340503   .0507874     -.2335917   -.0345089
                      |
         Tx#timepoint |
(1 vs 0) (0 vs base)  |   .0123489   .0995428     -.1827514    .2074493
(1 vs 0) (2 vs base)  |   -.011093   .1015793     -.2101849    .1879988
-----------------------------------------------------------------------

. 
. mixed COGNITIVE_COMP_2 Tx##time age_yr_0 sex_0 || ID: , nolog

Mixed-effects ML regression                     Number of obs     =        465
Group variable: ID                              Number of groups  =        175

                                                Obs per group:
                                                              min =          1
                                                              avg =        2.7
                                                              max =          3

                                                Wald chi2(7)      =      27.64
Log likelihood = -489.06377                     Prob > chi2       =     0.0003

----------------------------------------------------------------------------------
COGNITIVE_COMP_2 |      Coef.   Std. Err.      z    P>|z|     [95% Conf. Interval]
-----------------+----------------------------------------------------------------
            1.Tx |   .0141551    .121166     0.12   0.907     -.223326    .2516362
                 |
       timepoint |
              1  |    .117541   .0844984     1.39   0.164    -.0480728    .2831549
              2  |  -.2386376   .0870136    -2.74   0.006    -.4091812   -.0680941
                 |
    Tx#timepoint |
            1 1  |   -.162311   .1194194    -1.36   0.174    -.3963688    .0717468
            1 2  |   .0122988   .1220958     0.10   0.920    -.2270047    .2516022
                 |
        age_yr_0 |   .0064514   .0284777     0.23   0.821    -.0493638    .0622666
           sex_0 |  -.1902831   .1057612    -1.80   0.072    -.3975713    .0170051
           _cons |   .0922428   .4405019     0.21   0.834    -.7711252    .9556107
----------------------------------------------------------------------------------

------------------------------------------------------------------------------
  Random-effects Parameters  |   Estimate   Std. Err.     [95% Conf. Interval]
-----------------------------+------------------------------------------------
ID: Identity                 |
                  var(_cons) |    .357922   .0515636      .2698739    .4746962
-----------------------------+------------------------------------------------
               var(Residual) |   .2758335   .0230405      .2341777     .324899
------------------------------------------------------------------------------
LR test vs. linear model: chibar2(01) = 124.17        Prob >= chibar2 = 0.0000

. contrast r.Tx##ib1.time

Contrasts of marginal linear predictions

Margins      : asbalanced

------------------------------------------------
             |         df        chi2     P>chi2
-------------+----------------------------------
COGNITIVE_~2 |
          Tx |          1        0.12     0.7300
             |
   timepoint |          2       21.69     0.0000
             |
Tx#timepoint |          2        2.53     0.2825
------------------------------------------------

-----------------------------------------------------------------------
                      |   Contrast   Std. Err.     [95% Conf. Interval]
----------------------+------------------------------------------------
COGNITIVE_COMP_2      |
                   Tx |
            (1 vs 0)  |   -.035849   .1038897     -.2394691    .1677712
                      |
            timepoint |
         (0 vs base)  |  -.0363855   .0597103     -.1534157    .0806446
         (2 vs base)  |  -.2688738   .0625293      -.391429   -.1463186
                      |
         Tx#timepoint |
(1 vs 0) (0 vs base)  |    .162311   .1194194     -.0717468    .3963688
(1 vs 0) (2 vs base)  |   .1746097   .1250782      -.070539    .4197584
-----------------------------------------------------------------------

. 
. mixed BEHAVIORAL_COMPOSITE_2 Tx##time age_yr_0 sex_0 || ID: , nolog

Mixed-effects ML regression                     Number of obs     =        468
Group variable: ID                              Number of groups  =        175

                                                Obs per group:
                                                              min =          1
                                                              avg =        2.7
                                                              max =          3

                                                Wald chi2(7)      =      27.58
Log likelihood = -350.01906                     Prob > chi2       =     0.0003

----------------------------------------------------------------------------------------
BEHAVIORAL_COMPOSITE_2 |      Coef.   Std. Err.      z    P>|z|     [95% Conf. Interval]
-----------------------+----------------------------------------------------------------
                  1.Tx |   .0676367   .1195073     0.57   0.571    -.1665933    .3018668
                       |
             timepoint |
                    1  |   .0822154   .0487897     1.69   0.092    -.0134107    .1778414
                    2  |  -.0353723   .0508265    -0.70   0.486    -.1349905    .0642458
                       |
          Tx#timepoint |
                  1 1  |  -.0579088   .0695377    -0.83   0.405    -.1942002    .0783826
                  1 2  |   .0149521   .0715252     0.21   0.834    -.1252348     .155139
                       |
              age_yr_0 |    .125458    .031189     4.02   0.000     .0643287    .1865874
                 sex_0 |  -.2055252   .1161816    -1.77   0.077     -.433237    .0221866
                 _cons |  -1.757768   .4806405    -3.66   0.000    -2.699806   -.8157295
----------------------------------------------------------------------------------------

------------------------------------------------------------------------------
  Random-effects Parameters  |   Estimate   Std. Err.     [95% Conf. Interval]
-----------------------------+------------------------------------------------
ID: Identity                 |
                  var(_cons) |   .5271376   .0605229      .4209145    .6601674
-----------------------------+------------------------------------------------
               var(Residual) |   .0936192   .0077366      .0796201    .1100796
------------------------------------------------------------------------------
LR test vs. linear model: chibar2(01) = 403.55        Prob >= chibar2 = 0.0000

. contrast r.Tx##ib1.time

Contrasts of marginal linear predictions

Margins      : asbalanced

------------------------------------------------
             |         df        chi2     P>chi2
-------------+----------------------------------
BEHAVIORAL~2 |
          Tx |          1        0.22     0.6399
             |
   timepoint |          2        5.17     0.0753
             |
Tx#timepoint |          2        1.14     0.5644
------------------------------------------------

------------------------------------------------------------------------
                       |   Contrast   Std. Err.     [95% Conf. Interval]
-----------------------+------------------------------------------------
BEHAVIORAL_COMPOSITE_2 |
                    Tx |
             (1 vs 0)  |   .0533178   .1139649     -.1700493     .276685
                       |
             timepoint |
          (0 vs base)  |   -.053261   .0347684     -.1214057    .0148838
          (2 vs base)  |  -.0811572   .0365472     -.1527884   -.0095261
                       |
          Tx#timepoint |
 (1 vs 0) (0 vs base)  |   .0579088   .0695377     -.0783826    .1942002
 (1 vs 0) (2 vs base)  |    .072861   .0730968     -.0704061     .216128
------------------------------------------------------------------------

. 
. mixed SOCIAL_COMP_2 Tx##time age_yr_0 sex_0 || ID: , nolog

Mixed-effects ML regression                     Number of obs     =        461
Group variable: ID                              Number of groups  =        175

                                                Obs per group:
                                                              min =          1
                                                              avg =        2.6
                                                              max =          3

                                                Wald chi2(7)      =      43.87
Log likelihood = -409.08796                     Prob > chi2       =     0.0000

-------------------------------------------------------------------------------
SOCIAL_COMP_2 |      Coef.   Std. Err.      z    P>|z|     [95% Conf. Interval]
--------------+----------------------------------------------------------------
         1.Tx |  -.1216016   .0995695    -1.22   0.222    -.3167543    .0735511
              |
    timepoint |
           1  |  -.0337525    .074751    -0.45   0.652    -.1802618    .1127567
           2  |  -.3978944   .0769703    -5.17   0.000    -.5487534   -.2470354
              |
 Tx#timepoint |
         1 1  |  -.0170471   .1057888    -0.16   0.872    -.2243894    .1902952
         1 2  |   .1573734   .1081457     1.46   0.146    -.0545882    .3693351
              |
     age_yr_0 |  -.0140295   .0226194    -0.62   0.535    -.0583627    .0303037
        sex_0 |    .018155   .0840411     0.22   0.829    -.1465624    .1828725
        _cons |   .3751402   .3503297     1.07   0.284    -.3114934    1.061774
-------------------------------------------------------------------------------

------------------------------------------------------------------------------
  Random-effects Parameters  |   Estimate   Std. Err.     [95% Conf. Interval]
-----------------------------+------------------------------------------------
ID: Identity                 |
                  var(_cons) |   .2096096   .0328442      .1541823    .2849626
-----------------------------+------------------------------------------------
               var(Residual) |   .2145266   .0180334      .1819399    .2529496
------------------------------------------------------------------------------
LR test vs. linear model: chibar2(01) = 90.53         Prob >= chibar2 = 0.0000

. contrast r.Tx##ib1.time

Contrasts of marginal linear predictions

Margins      : asbalanced

------------------------------------------------
             |         df        chi2     P>chi2
-------------+----------------------------------
SOCIAL_COM~2 |
          Tx |          1        0.82     0.3649
             |
   timepoint |          2       39.72     0.0000
             |
Tx#timepoint |          2        3.02     0.2211
------------------------------------------------

-----------------------------------------------------------------------
                      |   Contrast   Std. Err.     [95% Conf. Interval]
----------------------+------------------------------------------------
SOCIAL_COMP_2         |
                   Tx |
            (1 vs 0)  |  -.0748261   .0825906     -.2367008    .0870485
                      |
            timepoint |
         (0 vs base)  |   .0422761   .0528969        -.0614    .1459522
         (2 vs base)  |  -.2769316   .0552596     -.3852385   -.1686248
                      |
         Tx#timepoint |
(1 vs 0) (0 vs base)  |   .0170471   .1057888     -.1902952    .2243894
(1 vs 0) (2 vs base)  |   .1744205   .1105398     -.0422335    .3910746
-----------------------------------------------------------------------

. 
. mixed PHYSICAL_COMPOSITE_2 Tx##time age_yr_0 sex_0 || ID: , nolog

Mixed-effects ML regression                     Number of obs     =        468
Group variable: ID                              Number of groups  =        175

                                                Obs per group:
                                                              min =          1
                                                              avg =        2.7
                                                              max =          3

                                                Wald chi2(7)      =      54.11
Log likelihood = -440.58017                     Prob > chi2       =     0.0000

--------------------------------------------------------------------------------------
PHYSICAL_COMPOSITE_2 |      Coef.   Std. Err.      z    P>|z|     [95% Conf. Interval]
---------------------+----------------------------------------------------------------
                1.Tx |   .0446956    .106754     0.42   0.675    -.1645384    .2539295
                     |
           timepoint |
                  1  |  -.1747765   .0757935    -2.31   0.021     -.323329    -.026224
                  2  |  -.3156118   .0787478    -4.01   0.000    -.4699546    -.161269
                     |
        Tx#timepoint |
                1 1  |  -.0036356   .1078919    -0.03   0.973    -.2150998    .2078286
                1 2  |   -.131414   .1107913    -1.19   0.236    -.3485609    .0857329
                     |
            age_yr_0 |   .0175668   .0247986     0.71   0.479    -.0310376    .0661711
               sex_0 |   .1828492   .0920218     1.99   0.047     .0024898    .3632086
               _cons |  -.1971646   .3835434    -0.51   0.607    -.9488959    .5545666
--------------------------------------------------------------------------------------

------------------------------------------------------------------------------
  Random-effects Parameters  |   Estimate   Std. Err.     [95% Conf. Interval]
-----------------------------+------------------------------------------------
ID: Identity                 |
                  var(_cons) |    .264588   .0379778      .1997065    .3505484
-----------------------------+------------------------------------------------
               var(Residual) |   .2287342   .0187359      .1948086    .2685679
------------------------------------------------------------------------------
LR test vs. linear model: chibar2(01) = 121.92        Prob >= chibar2 = 0.0000

. contrast r.Tx##ib1.time

Contrasts of marginal linear predictions

Margins      : asbalanced

------------------------------------------------
             |         df        chi2     P>chi2
-------------+----------------------------------
PHYSICAL_C~2 |
          Tx |          1        0.00     0.9972
             |
   timepoint |          2       47.39     0.0000
             |
Tx#timepoint |          2        1.74     0.4189
------------------------------------------------

-----------------------------------------------------------------------
                      |   Contrast   Std. Err.     [95% Conf. Interval]
----------------------+------------------------------------------------
PHYSICAL_COMPOSITE_2  |
                   Tx |
            (1 vs 0)  |  -.0003209   .0904343     -.1775689     .176927
                      |
            timepoint |
         (0 vs base)  |   .1765943   .0539434      .0708672    .2823214
         (2 vs base)  |  -.2047245   .0567935     -.3160376   -.0934113
                      |
         Tx#timepoint |
(1 vs 0) (0 vs base)  |   .0036356   .1078919     -.2078286    .2150998
(1 vs 0) (2 vs base)  |  -.1277784   .1136001     -.3504304    .0948737
-----------------------------------------------------------------------

. 
. mixed CBCL_EMOTIONAL_COMPOSITE_2 Tx##time age_yr_0 sex_0 || ID: , nolog

Mixed-effects ML regression                     Number of obs     =        474
Group variable: ID                              Number of groups  =        175

                                                Obs per group:
                                                              min =          1
                                                              avg =        2.7
                                                              max =          3

                                                Wald chi2(7)      =       5.19
Log likelihood = -506.79646                     Prob > chi2       =     0.6363

--------------------------------------------------------------------------------------------
CBCL_EMOTIONAL_COMPOSITE_2 |      Coef.   Std. Err.      z    P>|z|     [95% Conf. Interval]
---------------------------+----------------------------------------------------------------
                      1.Tx |  -.1750415   .1352904    -1.29   0.196    -.4402058    .0901228
                           |
                 timepoint |
                        1  |  -.0521323   .0784642    -0.66   0.506    -.2059193    .1016547
                        2  |  -.0806103   .0803096    -1.00   0.316    -.2380142    .0767936
                           |
              Tx#timepoint |
                      1 1  |  -.0154535   .1104801    -0.14   0.889    -.2319905    .2010835
                      1 2  |   .0646663   .1149108     0.56   0.574    -.1605547    .2898874
                           |
                  age_yr_0 |   .0325978   .0333929     0.98   0.329    -.0328512    .0980467
                     sex_0 |   .0950503   .1240988     0.77   0.444    -.1481788    .3382794
                     _cons |   -.389263   .5162534    -0.75   0.451    -1.401101     .622575
--------------------------------------------------------------------------------------------

------------------------------------------------------------------------------
  Random-effects Parameters  |   Estimate   Std. Err.     [95% Conf. Interval]
-----------------------------+------------------------------------------------
ID: Identity                 |
                  var(_cons) |   .5481875    .070017      .4267856     .704123
-----------------------------+------------------------------------------------
               var(Residual) |   .2432403   .0199821      .2070665    .2857336
------------------------------------------------------------------------------
LR test vs. linear model: chibar2(01) = 209.85        Prob >= chibar2 = 0.0000

. contrast r.Tx##ib1.time

Contrasts of marginal linear predictions

Margins      : asbalanced

------------------------------------------------
             |         df        chi2     P>chi2
-------------+----------------------------------
CBCL_EMOTI~2 |
          Tx |          1        1.70     0.1929
             |
   timepoint |          2        1.31     0.5196
             |
Tx#timepoint |          2        0.53     0.7663
------------------------------------------------

----------------------------------------------------------------------------
                           |   Contrast   Std. Err.     [95% Conf. Interval]
---------------------------+------------------------------------------------
CBCL_EMOTIONAL_COMPOSITE_2 |
                        Tx |
                 (1 vs 0)  |  -.1586372   .1218235      -.397407    .0801325
                           |
                 timepoint |
              (0 vs base)  |    .059859   .0552462     -.0484214    .1681395
              (2 vs base)  |   .0115819   .0576665     -.1014425    .1246063
                           |
              Tx#timepoint |
     (1 vs 0) (0 vs base)  |   .0154535   .1104801     -.2010835    .2319905
     (1 vs 0) (2 vs base)  |   .0801198   .1153485     -.1459591    .3061987
----------------------------------------------------------------------------

. 
. mixed CBCL_COGNITIVE_COMPOSITE_2 Tx##time age_yr_0 sex_0 || ID: , nolog

Mixed-effects ML regression                     Number of obs     =        474
Group variable: ID                              Number of groups  =        175

                                                Obs per group:
                                                              min =          1
                                                              avg =        2.7
                                                              max =          3

                                                Wald chi2(7)      =      20.46
Log likelihood =  -461.0233                     Prob > chi2       =     0.0047

--------------------------------------------------------------------------------------------
CBCL_COGNITIVE_COMPOSITE_2 |      Coef.   Std. Err.      z    P>|z|     [95% Conf. Interval]
---------------------------+----------------------------------------------------------------
                      1.Tx |   -.025678   .1311765    -0.20   0.845    -.2827793    .2314233
                           |
                 timepoint |
                        1  |   .0207532   .0676876     0.31   0.759     -.111912    .1534184
                        2  |  -.1315149   .0693044    -1.90   0.058    -.2673491    .0043192
                           |
              Tx#timepoint |
                      1 1  |  -.2340419   .0953132    -2.46   0.014    -.4208524   -.0472314
                      1 2  |  -.0422572    .099183    -0.43   0.670    -.2366523    .1521379
                           |
                  age_yr_0 |   .0016901   .0331541     0.05   0.959    -.0632907    .0666708
                     sex_0 |  -.2088757   .1233294    -1.69   0.090     -.450597    .0328456
                     _cons |   .2009988   .5120047     0.39   0.695    -.8025119    1.204509
--------------------------------------------------------------------------------------------

------------------------------------------------------------------------------
  Random-effects Parameters  |   Estimate   Std. Err.     [95% Conf. Interval]
-----------------------------+------------------------------------------------
ID: Identity                 |
                  var(_cons) |   .5646295   .0679812      .4459429    .7149043
-----------------------------+------------------------------------------------
               var(Residual) |   .1804986   .0147221       .153832    .2117878
------------------------------------------------------------------------------
LR test vs. linear model: chibar2(01) = 287.77        Prob >= chibar2 = 0.0000

. contrast r.Tx##ib1.time

Contrasts of marginal linear predictions

Margins      : asbalanced

------------------------------------------------
             |         df        chi2     P>chi2
-------------+----------------------------------
CBCL_COGNI~2 |
          Tx |          1        0.95     0.3305
             |
   timepoint |          2        9.86     0.0072
             |
Tx#timepoint |          2        6.75     0.0342
------------------------------------------------

----------------------------------------------------------------------------
                           |   Contrast   Std. Err.     [95% Conf. Interval]
---------------------------+------------------------------------------------
CBCL_COGNITIVE_COMPOSITE_2 |
                        Tx |
                 (1 vs 0)  |  -.1177777    .121027     -.3549862    .1194308
                           |
                 timepoint |
              (0 vs base)  |   .0962677   .0476609       .002854    .1896815
              (2 vs base)  |  -.0563758   .0497115     -.1538086     .041057
                           |
              Tx#timepoint |
     (1 vs 0) (0 vs base)  |   .2340419   .0953132      .0472314    .4208524
     (1 vs 0) (2 vs base)  |   .1917847   .0994331     -.0031007    .3866701
----------------------------------------------------------------------------

. 
. mixed CBCL_BEHAVIORAL_COMPOSITE_2 Tx##time age_yr_0 sex_0 || ID: , nolog

Mixed-effects ML regression                     Number of obs     =        474
Group variable: ID                              Number of groups  =        175

                                                Obs per group:
                                                              min =          1
                                                              avg =        2.7
                                                              max =          3

                                                Wald chi2(7)      =       8.46
Log likelihood =   -498.722                     Prob > chi2       =     0.2935

---------------------------------------------------------------------------------------------
CBCL_BEHAVIORAL_COMPOSITE_2 |      Coef.   Std. Err.      z    P>|z|     [95% Conf. Interval]
----------------------------+----------------------------------------------------------------
                       1.Tx |  -.0904595   .1371787    -0.66   0.510    -.3593247    .1784058
                            |
                  timepoint |
                         1  |   .0139131    .075265     0.18   0.853    -.1336035    .1614297
                         2  |  -.0982351   .0770494    -1.27   0.202    -.2492492    .0527789
                            |
               Tx#timepoint |
                       1 1  |  -.0804437   .1059793    -0.76   0.448    -.2881593    .1272719
                       1 2  |   .1821761   .1102567     1.65   0.098    -.0339231    .3982753
                            |
                   age_yr_0 |  -.0161802   .0342721    -0.47   0.637    -.0833522    .0509918
                      sex_0 |  -.1841003   .1274283    -1.44   0.149    -.4338553    .0656546
                      _cons |   .4275136   .5295478     0.81   0.419     -.610381    1.465408
---------------------------------------------------------------------------------------------

------------------------------------------------------------------------------
  Random-effects Parameters  |   Estimate   Std. Err.     [95% Conf. Interval]
-----------------------------+------------------------------------------------
ID: Identity                 |
                  var(_cons) |    .590788   .0741411      .4619659    .7555329
-----------------------------+------------------------------------------------
               var(Residual) |   .2234865   .0184168      .1901544    .2626613
------------------------------------------------------------------------------
LR test vs. linear model: chibar2(01) = 232.28        Prob >= chibar2 = 0.0000

. contrast r.Tx##ib1.time

Contrasts of marginal linear predictions

Margins      : asbalanced

------------------------------------------------
             |         df        chi2     P>chi2
-------------+----------------------------------
CBCL_BEHAV~2 |
          Tx |          1        0.20     0.6512
             |
   timepoint |          2        0.26     0.8775
             |
Tx#timepoint |          2        5.83     0.0541
------------------------------------------------

-----------------------------------------------------------------------------
                            |   Contrast   Std. Err.     [95% Conf. Interval]
----------------------------+------------------------------------------------
CBCL_BEHAVIORAL_COMPOSITE_2 |
                         Tx |
                  (1 vs 0)  |  -.0565486   .1250707     -.3016827    .1885854
                            |
                  timepoint |
               (0 vs base)  |   .0263087    .052995     -.0775596     .130177
               (2 vs base)  |   .0191616   .0552959     -.0892164    .1275397
                            |
               Tx#timepoint |
      (1 vs 0) (0 vs base)  |   .0804437   .1059793     -.1272719    .2881593
      (1 vs 0) (2 vs base)  |   .2626198   .1106049      .0458382    .4794013
-----------------------------------------------------------------------------

. 
. mixed CBCL_SOCIAL_COMPOSITE_2 Tx##time age_yr_0 sex_0 || ID: , nolog

Mixed-effects ML regression                     Number of obs     =        474
Group variable: ID                              Number of groups  =        175

                                                Obs per group:
                                                              min =          1
                                                              avg =        2.7
                                                              max =          3

                                                Wald chi2(7)      =       6.66
Log likelihood = -588.06061                     Prob > chi2       =     0.4651

-----------------------------------------------------------------------------------------
CBCL_SOCIAL_COMPOSITE_2 |      Coef.   Std. Err.      z    P>|z|     [95% Conf. Interval]
------------------------+----------------------------------------------------------------
                   1.Tx |  -.2305448    .152123    -1.52   0.130    -.5287004    .0676107
                        |
              timepoint |
                     1  |   .0406784   .0975415     0.42   0.677    -.1504994    .2318561
                     2  |  -.1178979   .0997935    -1.18   0.237    -.3134894    .0776937
                        |
           Tx#timepoint |
                   1 1  |  -.0831266   .1373318    -0.61   0.545    -.3522921    .1860388
                   1 2  |   .0787537   .1427582     0.55   0.581    -.2010473    .3585547
                        |
               age_yr_0 |   -.028445   .0365482    -0.78   0.436    -.1000782    .0431883
                  sex_0 |   .0148894   .1356779     0.11   0.913    -.2510344    .2808132
                  _cons |   .5713243   .5657622     1.01   0.313    -.5375492    1.680198
-----------------------------------------------------------------------------------------

------------------------------------------------------------------------------
  Random-effects Parameters  |   Estimate   Std. Err.     [95% Conf. Interval]
-----------------------------+------------------------------------------------
ID: Identity                 |
                  var(_cons) |   .6220287   .0845162      .4766022    .8118295
-----------------------------+------------------------------------------------
               var(Residual) |   .3770727   .0310519      .3208697      .44312
------------------------------------------------------------------------------
LR test vs. linear model: chibar2(01) = 158.15        Prob >= chibar2 = 0.0000

. contrast r.Tx##ib1.time

Contrasts of marginal linear predictions

Margins      : asbalanced

------------------------------------------------
             |         df        chi2     P>chi2
-------------+----------------------------------
CBCL_SOCIA~2 |
          Tx |          1        3.03     0.0816
             |
   timepoint |          2        1.55     0.4615
             |
Tx#timepoint |          2        1.28     0.5280
------------------------------------------------

-------------------------------------------------------------------------
                        |   Contrast   Std. Err.     [95% Conf. Interval]
------------------------+------------------------------------------------
CBCL_SOCIAL_COMPOSITE_2 |
                     Tx |
              (1 vs 0)  |  -.2320025   .1332371     -.4931425    .0291375
                        |
              timepoint |
           (0 vs base)  |   .0008849   .0686749     -.1337153    .1354852
           (2 vs base)  |  -.0776361   .0717385     -.2182411    .0629689
                        |
           Tx#timepoint |
  (1 vs 0) (0 vs base)  |   .0831266   .1373318     -.1860388    .3522921
  (1 vs 0) (2 vs base)  |   .1618803   .1435014     -.1193773    .4431379
-------------------------------------------------------------------------

. 
. mixed CBCL_PHYSICAL_COMPOSITE_2 Tx##time age_yr_0 sex_0 || ID: , nolog

Mixed-effects ML regression                     Number of obs     =        474
Group variable: ID                              Number of groups  =        175

                                                Obs per group:
                                                              min =          1
                                                              avg =        2.7
                                                              max =          3

                                                Wald chi2(7)      =      17.01
Log likelihood = -590.47573                     Prob > chi2       =     0.0174

-------------------------------------------------------------------------------------------
CBCL_PHYSICAL_COMPOSITE_2 |      Coef.   Std. Err.      z    P>|z|     [95% Conf. Interval]
--------------------------+----------------------------------------------------------------
                     1.Tx |    .172776   .1520639     1.14   0.256    -.1252637    .4708157
                          |
                timepoint |
                       1  |  -.1488632   .0985268    -1.51   0.131    -.3419722    .0442458
                       2  |  -.1687742   .1007963    -1.67   0.094    -.3663314    .0287829
                          |
             Tx#timepoint |
                     1 1  |  -.0929587   .1387181    -0.67   0.503    -.3648411    .1789237
                     1 2  |  -.1294566   .1441891    -0.90   0.369    -.4120621    .1531488
                          |
                 age_yr_0 |   .0434038   .0364154     1.19   0.233     -.027969    .1147767
                    sex_0 |   .1617936   .1351671     1.20   0.231    -.1031291    .4267162
                    _cons |  -.6670204   .5637952    -1.18   0.237    -1.772039    .4379979
-------------------------------------------------------------------------------------------

------------------------------------------------------------------------------
  Random-effects Parameters  |   Estimate   Std. Err.     [95% Conf. Interval]
-----------------------------+------------------------------------------------
ID: Identity                 |
                  var(_cons) |   .6132837   .0843735      .4683343    .8030947
-----------------------------+------------------------------------------------
               var(Residual) |   .3848707   .0317743      .3273717    .4524687
------------------------------------------------------------------------------
LR test vs. linear model: chibar2(01) = 151.03        Prob >= chibar2 = 0.0000

. contrast r.Tx##ib1.time

Contrasts of marginal linear predictions

Margins      : asbalanced

------------------------------------------------
             |         df        chi2     P>chi2
-------------+----------------------------------
CBCL_PHYSI~2 |
          Tx |          1        0.55     0.4574
             |
   timepoint |          2       12.59     0.0018
             |
Tx#timepoint |          2        0.88     0.6432
------------------------------------------------

---------------------------------------------------------------------------
                          |   Contrast   Std. Err.     [95% Conf. Interval]
--------------------------+------------------------------------------------
CBCL_PHYSICAL_COMPOSITE_2 |
                       Tx |
                (1 vs 0)  |   .0986375   .1327408     -.1615297    .3588048
                          |
                timepoint |
             (0 vs base)  |   .1953425   .0693682      .0593833    .3313017
             (2 vs base)  |    -.03816   .0724691     -.1801968    .1038768
                          |
             Tx#timepoint |
    (1 vs 0) (0 vs base)  |   .0929587   .1387181     -.1789237    .3648411
    (1 vs 0) (2 vs base)  |  -.0364979   .1449633     -.3206208     .247625
---------------------------------------------------------------------------

. 
end of do-file

. log close
      name:  <unnamed>
       log:  C:\Users\dongl\OneDrive\Desktop\6mFU\composite_MLM_results.log
  log type:  text
 closed on:   4 Mar 2018, 17:13:26
-------------------------------------------------------------------------------------------------------------------------------
