-------------------------------------------------------------------------------------------------------------------------------
      name:  <unnamed>
       log:  C:\Users\dongl\OneDrive\Desktop\6mFU\composite_MLM_results_using_all_data.log
  log type:  text
 opened on:   5 Mar 2018, 14:16:49

. do "C:\Users\dongl\AppData\Local\Temp\STD13ca0_000000.tmp"

. *Composite scores
. mixed EMOTIONAL_COMPOSITE_2 Tx##time age_yr_0 sex_0 || ID: , nolog

Mixed-effects ML regression                     Number of obs     =        493
Group variable: ID                              Number of groups  =        175

                                                Obs per group:
                                                              min =          1
                                                              avg =        2.8
                                                              max =          3

                                                Wald chi2(7)      =      11.92
Log likelihood = -531.06914                     Prob > chi2       =     0.1033

---------------------------------------------------------------------------------------
EMOTIONAL_COMPOSITE_2 |      Coef.   Std. Err.      z    P>|z|     [95% Conf. Interval]
----------------------+----------------------------------------------------------------
                 1.Tx |   .1693942    .133361     1.27   0.204    -.0919887     .430777
                      |
                 time |
                   1  |  -.0490098   .0805785    -0.61   0.543    -.2069409    .1089212
                   2  |  -.0183993   .0807409    -0.23   0.820    -.1766486    .1398501
                      |
              Tx#time |
                 1 1  |  -.0826825   .1148769    -0.72   0.472    -.3078371    .1424721
                 1 2  |  -.1404013   .1146739    -1.22   0.221    -.3651581    .0843554
                      |
             age_yr_0 |    .055242   .0320151     1.73   0.084    -.0075066    .1179905
                sex_0 |   .2433245   .1188014     2.05   0.041      .010478    .4761709
                _cons |  -.9413816   .4950161    -1.90   0.057    -1.911595    .0288322
---------------------------------------------------------------------------------------

------------------------------------------------------------------------------
  Random-effects Parameters  |   Estimate   Std. Err.     [95% Conf. Interval]
-----------------------------+------------------------------------------------
ID: Identity                 |
                  var(_cons) |    .492557    .066043      .3787265    .6406004
-----------------------------+------------------------------------------------
               var(Residual) |   .2655072   .0214069      .2266977    .3109608
------------------------------------------------------------------------------
LR test vs. linear model: chibar2(01) = 176.03        Prob >= chibar2 = 0.0000

. contrast r.Tx##ib1.time

Contrasts of marginal linear predictions

Margins      : asbalanced

------------------------------------------------
             |         df        chi2     P>chi2
-------------+----------------------------------
EMOTIONAL_~2 |
          Tx |          1        0.66     0.4149
             |
        time |          2        3.25     0.1965
             |
     Tx#time |          2        1.52     0.4685
------------------------------------------------

-----------------------------------------------------------------------
                      |   Contrast   Std. Err.     [95% Conf. Interval]
----------------------+------------------------------------------------
EMOTIONAL_COMPOSITE_2 |
                   Tx |
            (1 vs 0)  |   .0950329   .1165734     -.1334468    .3235126
                      |
                 time |
         (0 vs base)  |   .0903511   .0574449     -.0222388     .202941
         (2 vs base)  |   .0017511   .0577436     -.1114242    .1149265
                      |
              Tx#time |
(1 vs 0) (0 vs base)  |   .0826825   .1148769     -.1424721    .3078371
(1 vs 0) (2 vs base)  |  -.0577189   .1154833     -.2840619    .1686242
-----------------------------------------------------------------------

. 
. mixed COGNITIVE_COMP_2 Tx##time age_yr_0 sex_0 || ID: , nolog

Mixed-effects ML regression                     Number of obs     =        465
Group variable: ID                              Number of groups  =        175

                                                Obs per group:
                                                              min =          1
                                                              avg =        2.7
                                                              max =          3

                                                Wald chi2(7)      =       9.15
Log likelihood = -497.90389                     Prob > chi2       =     0.2422

----------------------------------------------------------------------------------
COGNITIVE_COMP_2 |      Coef.   Std. Err.      z    P>|z|     [95% Conf. Interval]
-----------------+----------------------------------------------------------------
            1.Tx |  -.0080033   .1256481    -0.06   0.949    -.2542691    .2382625
                 |
            time |
              1  |  -.1397132    .089717    -1.56   0.119    -.3155554    .0361289
              2  |    -.03303   .0871797    -0.38   0.705    -.2038991    .1378391
                 |
         Tx#time |
            1 1  |   -.017726   .1260627    -0.14   0.888    -.2648044    .2293523
            1 2  |  -.0527022   .1240912    -0.42   0.671    -.2959166    .1905121
                 |
        age_yr_0 |   .0079646   .0285651     0.28   0.780     -.048022    .0639512
           sex_0 |  -.1875796   .1060946    -1.77   0.077    -.3955212    .0203619
           _cons |    .089421   .4420922     0.20   0.840    -.7770638    .9559057
----------------------------------------------------------------------------------

------------------------------------------------------------------------------
  Random-effects Parameters  |   Estimate   Std. Err.     [95% Conf. Interval]
-----------------------------+------------------------------------------------
ID: Identity                 |
                  var(_cons) |   .3546893   .0520301      .2660625    .4728383
-----------------------------+------------------------------------------------
               var(Residual) |   .2919577   .0243959      .2478528    .3439109
------------------------------------------------------------------------------
LR test vs. linear model: chibar2(01) = 115.71        Prob >= chibar2 = 0.0000

. contrast r.Tx##ib1.time

Contrasts of marginal linear predictions

Margins      : asbalanced

------------------------------------------------
             |         df        chi2     P>chi2
-------------+----------------------------------
COGNITIVE_~2 |
          Tx |          1        0.09     0.7623
             |
        time |          2        5.61     0.0605
             |
     Tx#time |          2        0.19     0.9110
------------------------------------------------

-----------------------------------------------------------------------
                      |   Contrast   Std. Err.     [95% Conf. Interval]
----------------------+------------------------------------------------
COGNITIVE_COMP_2      |
                   Tx |
            (1 vs 0)  |  -.0314794   .1040784     -.2354694    .1725105
                      |
                 time |
         (0 vs base)  |   .1485763   .0630341      .0250318    .2721208
         (2 vs base)  |   .0891951   .0630776     -.0344346    .2128249
                      |
              Tx#time |
(1 vs 0) (0 vs base)  |    .017726   .1260627     -.2293523    .2648044
(1 vs 0) (2 vs base)  |  -.0349762   .1261657     -.2822564     .212304
-----------------------------------------------------------------------

. 
. mixed BEHAVIORAL_COMPOSITE_2 Tx##time age_yr_0 sex_0 || ID: , nolog

Mixed-effects ML regression                     Number of obs     =        468
Group variable: ID                              Number of groups  =        175

                                                Obs per group:
                                                              min =          1
                                                              avg =        2.7
                                                              max =          3

                                                Wald chi2(7)      =      26.91
Log likelihood = -350.32781                     Prob > chi2       =     0.0003

----------------------------------------------------------------------------------------
BEHAVIORAL_COMPOSITE_2 |      Coef.   Std. Err.      z    P>|z|     [95% Conf. Interval]
-----------------------+----------------------------------------------------------------
                  1.Tx |   .0804448   .1209225     0.67   0.506     -.156559    .3174486
                       |
                  time |
                    1  |   .1110332   .0508365     2.18   0.029     .0113955    .2106709
                    2  |   .0173086   .0492479     0.35   0.725    -.0792155    .1138327
                       |
               Tx#time |
                  1 1  |  -.1073561   .0717068    -1.50   0.134    -.2478988    .0331867
                  1 2  |   .0097466    .070556     0.14   0.890    -.1285405    .1480337
                       |
              age_yr_0 |   .1262781   .0312195     4.04   0.000      .065089    .1874671
                 sex_0 |  -.2052374   .1162968    -1.76   0.078    -.4331748    .0227001
                 _cons |  -1.791755   .4811856    -3.72   0.000    -2.734862   -.8486487
----------------------------------------------------------------------------------------

------------------------------------------------------------------------------
  Random-effects Parameters  |   Estimate   Std. Err.     [95% Conf. Interval]
-----------------------------+------------------------------------------------
ID: Identity                 |
                  var(_cons) |   .5282878   .0606462      .4218467    .6615864
-----------------------------+------------------------------------------------
               var(Residual) |   .0936996    .007743      .0796889    .1101736
------------------------------------------------------------------------------
LR test vs. linear model: chibar2(01) = 403.74        Prob >= chibar2 = 0.0000

. contrast r.Tx##ib1.time

Contrasts of marginal linear predictions

Margins      : asbalanced

------------------------------------------------
             |         df        chi2     P>chi2
-------------+----------------------------------
BEHAVIORAL~2 |
          Tx |          1        0.18     0.6744
             |
        time |          2        2.59     0.2736
             |
     Tx#time |          2        3.25     0.1967
------------------------------------------------

------------------------------------------------------------------------
                       |   Contrast   Std. Err.     [95% Conf. Interval]
-----------------------+------------------------------------------------
BEHAVIORAL_COMPOSITE_2 |
                    Tx |
             (1 vs 0)  |   .0479083    .114022     -.1755707    .2713873
                       |
                  time |
          (0 vs base)  |  -.0573552   .0358541     -.1276279    .0129176
          (2 vs base)  |  -.0351732   .0358446     -.1054274    .0350809
                       |
               Tx#time |
 (1 vs 0) (0 vs base)  |   .1073561   .0717068     -.0331867    .2478988
 (1 vs 0) (2 vs base)  |   .1171027    .071692     -.0234111    .2576164
------------------------------------------------------------------------

. 
. mixed SOCIAL_COMP_2 Tx##time age_yr_0 sex_0 || ID: , nolog

Mixed-effects ML regression                     Number of obs     =        461
Group variable: ID                              Number of groups  =        175

                                                Obs per group:
                                                              min =          1
                                                              avg =        2.6
                                                              max =          3

                                                Wald chi2(7)      =       6.65
Log likelihood = -426.34276                     Prob > chi2       =     0.4664

-------------------------------------------------------------------------------
SOCIAL_COMP_2 |      Coef.   Std. Err.      z    P>|z|     [95% Conf. Interval]
--------------+----------------------------------------------------------------
         1.Tx |  -.1408224   .1050496    -1.34   0.180    -.3467159    .0650711
              |
         time |
           1  |   .0308753   .0818493     0.38   0.706    -.1295463    .1912969
           2  |  -.0902297   .0797298    -1.13   0.258    -.2464973    .0660378
              |
      Tx#time |
         1 1  |  -.0405879   .1149056    -0.35   0.724    -.2657987    .1846229
         1 2  |   .2022191   .1134631     1.78   0.075    -.0201646    .4246027
              |
     age_yr_0 |   -.009684   .0226492    -0.43   0.669    -.0540756    .0347075
        sex_0 |   .0246642   .0841546     0.29   0.769    -.1402758    .1896042
        _cons |   .2032455    .351173     0.58   0.563     -.485041     .891532
-------------------------------------------------------------------------------

------------------------------------------------------------------------------
  Random-effects Parameters  |   Estimate   Std. Err.     [95% Conf. Interval]
-----------------------------+------------------------------------------------
ID: Identity                 |
                  var(_cons) |   .2001583    .033166      .1446541    .2769597
-----------------------------+------------------------------------------------
               var(Residual) |   .2413634   .0202908      .2046978    .2845965
------------------------------------------------------------------------------
LR test vs. linear model: chibar2(01) = 75.12         Prob >= chibar2 = 0.0000

. contrast r.Tx##ib1.time

Contrasts of marginal linear predictions

Margins      : asbalanced

------------------------------------------------
             |         df        chi2     P>chi2
-------------+----------------------------------
SOCIAL_COM~2 |
          Tx |          1        1.11     0.2924
             |
        time |          2        0.05     0.9766
             |
     Tx#time |          2        5.20     0.0741
------------------------------------------------

-----------------------------------------------------------------------
                      |   Contrast   Std. Err.     [95% Conf. Interval]
----------------------+------------------------------------------------
SOCIAL_COMP_2         |
                   Tx |
            (1 vs 0)  |  -.0869454   .0825837     -.2488064    .0749156
                      |
                 time |
         (0 vs base)  |  -.0105813   .0574549     -.1231908    .1020282
         (2 vs base)  |   .0002985   .0573303     -.1120668    .1126638
                      |
              Tx#time |
(1 vs 0) (0 vs base)  |   .0405879   .1149056     -.1846229    .2657987
(1 vs 0) (2 vs base)  |   .2428069   .1146739      .0180503    .4675636
-----------------------------------------------------------------------

. 
. mixed PHYSICAL_COMPOSITE_2 Tx##time age_yr_0 sex_0 || ID: , nolog

Mixed-effects ML regression                     Number of obs     =        468
Group variable: ID                              Number of groups  =        175

                                                Obs per group:
                                                              min =          1
                                                              avg =        2.7
                                                              max =          3

                                                Wald chi2(7)      =      11.35
Log likelihood = -460.22843                     Prob > chi2       =     0.1240

--------------------------------------------------------------------------------------
PHYSICAL_COMPOSITE_2 |      Coef.   Std. Err.      z    P>|z|     [95% Conf. Interval]
---------------------+----------------------------------------------------------------
                1.Tx |   .0407142   .1126814     0.36   0.718    -.1801373    .2615657
                     |
                time |
                  1  |  -.1083804   .0839008    -1.29   0.196     -.272823    .0560622
                  2  |  -.0715457   .0812083    -0.88   0.378     -.230711    .0876195
                     |
             Tx#time |
                1 1  |   .0151098   .1182362     0.13   0.898    -.2166289    .2468486
                1 2  |  -.1127589     .11616    -0.97   0.332    -.3404283    .1149105
                     |
            age_yr_0 |   .0212807   .0249832     0.85   0.394    -.0276855     .070247
               sex_0 |   .1879386   .0926831     2.03   0.043     .0062831    .3695942
               _cons |  -.3459454   .3868489    -0.89   0.371    -1.104155    .4122645
--------------------------------------------------------------------------------------

------------------------------------------------------------------------------
  Random-effects Parameters  |   Estimate   Std. Err.     [95% Conf. Interval]
-----------------------------+------------------------------------------------
ID: Identity                 |
                  var(_cons) |   .2581948   .0388059      .1923155    .3466415
-----------------------------+------------------------------------------------
               var(Residual) |   .2591245   .0212514      .2206478    .3043109
------------------------------------------------------------------------------
LR test vs. linear model: chibar2(01) = 102.93        Prob >= chibar2 = 0.0000

. contrast r.Tx##ib1.time

Contrasts of marginal linear predictions

Margins      : asbalanced

------------------------------------------------
             |         df        chi2     P>chi2
-------------+----------------------------------
PHYSICAL_C~2 |
          Tx |          1        0.01     0.9285
             |
        time |          2        5.36     0.0685
             |
     Tx#time |          2        1.43     0.4903
------------------------------------------------

-----------------------------------------------------------------------
                      |   Contrast   Std. Err.     [95% Conf. Interval]
----------------------+------------------------------------------------
PHYSICAL_COMPOSITE_2  |
                   Tx |
            (1 vs 0)  |   .0081645   .0909679     -.1701293    .1864583
                      |
                 time |
         (0 vs base)  |   .1008255   .0591204     -.0150484    .2166994
         (2 vs base)  |  -.0270997   .0590727       -.14288    .0886806
                      |
              Tx#time |
(1 vs 0) (0 vs base)  |  -.0151098   .1182362     -.2468486    .2166289
(1 vs 0) (2 vs base)  |  -.1278687   .1181623     -.3594626    .1037251
-----------------------------------------------------------------------

. 
. mixed CBCL_EMOTIONAL_COMPOSITE_2 Tx##time age_yr_0 sex_0 || ID: , nolog

Mixed-effects ML regression                     Number of obs     =        474
Group variable: ID                              Number of groups  =        175

                                                Obs per group:
                                                              min =          1
                                                              avg =        2.7
                                                              max =          3

                                                Wald chi2(7)      =       5.32
Log likelihood = -506.72792                     Prob > chi2       =     0.6213

--------------------------------------------------------------------------------------------
CBCL_EMOTIONAL_COMPOSITE_2 |      Coef.   Std. Err.      z    P>|z|     [95% Conf. Interval]
---------------------------+----------------------------------------------------------------
                      1.Tx |  -.1152703   .1379086    -0.84   0.403    -.3855663    .1550256
                           |
                      time |
                        1  |  -.0136665   .0792748    -0.17   0.863    -.1690423    .1417094
                        2  |  -.0082374   .0790137    -0.10   0.917    -.1631015    .1466266
                           |
                   Tx#time |
                      1 1  |   -.028609   .1131295    -0.25   0.800    -.2503387    .1931207
                      1 2  |  -.1036371   .1128993    -0.92   0.359    -.3249156    .1176414
                           |
                  age_yr_0 |   .0318293   .0334685     0.95   0.342    -.0337679    .0974264
                     sex_0 |   .0966508   .1243887     0.78   0.437    -.1471465    .3404481
                     _cons |  -.4130629   .5175796    -0.80   0.425      -1.4275    .6013745
--------------------------------------------------------------------------------------------

------------------------------------------------------------------------------
  Random-effects Parameters  |   Estimate   Std. Err.     [95% Conf. Interval]
-----------------------------+------------------------------------------------
ID: Identity                 |
                  var(_cons) |   .5515981   .0703559      .4295885    .7082603
-----------------------------+------------------------------------------------
               var(Residual) |   .2424485   .0199183      .2063903    .2848063
------------------------------------------------------------------------------
LR test vs. linear model: chibar2(01) = 211.05        Prob >= chibar2 = 0.0000

. contrast r.Tx##ib1.time

Contrasts of marginal linear predictions

Margins      : asbalanced

------------------------------------------------
             |         df        chi2     P>chi2
-------------+----------------------------------
CBCL_EMOTI~2 |
          Tx |          1        1.71     0.1913
             |
        time |          2        1.13     0.5675
             |
     Tx#time |          2        0.90     0.6384
------------------------------------------------

----------------------------------------------------------------------------
                           |   Contrast   Std. Err.     [95% Conf. Interval]
---------------------------+------------------------------------------------
CBCL_EMOTIONAL_COMPOSITE_2 |
                        Tx |
                 (1 vs 0)  |  -.1593524   .1219573     -.3983843    .0796796
                           |
                      time |
              (0 vs base)  |    .027971   .0565801      -.082924    .1388659
              (2 vs base)  |   -.032085   .0566892     -.1431939    .0790239
                           |
                   Tx#time |
     (1 vs 0) (0 vs base)  |    .028609   .1131295     -.1931207    .2503387
     (1 vs 0) (2 vs base)  |  -.0750281   .1133745     -.2972379    .1471818
----------------------------------------------------------------------------

. 
. mixed CBCL_COGNITIVE_COMPOSITE_2 Tx##time age_yr_0 sex_0 || ID: , nolog

Mixed-effects ML regression                     Number of obs     =        474
Group variable: ID                              Number of groups  =        175

                                                Obs per group:
                                                              min =          1
                                                              avg =        2.7
                                                              max =          3

                                                Wald chi2(7)      =       6.29
Log likelihood =  -467.9041                     Prob > chi2       =     0.5066

--------------------------------------------------------------------------------------------
CBCL_COGNITIVE_COMPOSITE_2 |      Coef.   Std. Err.      z    P>|z|     [95% Conf. Interval]
---------------------------+----------------------------------------------------------------
                      1.Tx |  -.0889589   .1339446    -0.66   0.507    -.3514855    .1735677
                           |
                      time |
                        1  |   .0038503   .0699118     0.06   0.956    -.1331743    .1408749
                        2  |  -.0721512   .0697229    -1.03   0.301    -.2088056    .0645031
                           |
                   Tx#time |
                      1 1  |  -.0855096   .0998032    -0.86   0.392    -.2811204    .1101011
                      1 2  |   .0244431   .0996366     0.25   0.806    -.1708411    .2197273
                           |
                  age_yr_0 |   .0024811    .033267     0.07   0.941    -.0627209    .0676832
                     sex_0 |  -.2069385   .1237384    -1.67   0.094    -.4494614    .0355843
                     _cons |   .1787803   .5139572     0.35   0.728    -.8285573    1.186118
--------------------------------------------------------------------------------------------

------------------------------------------------------------------------------
  Random-effects Parameters  |   Estimate   Std. Err.     [95% Conf. Interval]
-----------------------------+------------------------------------------------
ID: Identity                 |
                  var(_cons) |   .5659123   .0684842      .4464167    .7173941
-----------------------------+------------------------------------------------
               var(Residual) |   .1882434   .0153565       .160428    .2208814
------------------------------------------------------------------------------
LR test vs. linear model: chibar2(01) = 278.80        Prob >= chibar2 = 0.0000

. contrast r.Tx##ib1.time

Contrasts of marginal linear predictions

Margins      : asbalanced

------------------------------------------------
             |         df        chi2     P>chi2
-------------+----------------------------------
CBCL_COGNI~2 |
          Tx |          1        0.81     0.3675
             |
        time |          2        1.49     0.4746
             |
     Tx#time |          2        1.33     0.5137
------------------------------------------------

----------------------------------------------------------------------------
                           |   Contrast   Std. Err.     [95% Conf. Interval]
---------------------------+------------------------------------------------
CBCL_COGNITIVE_COMPOSITE_2 |
                        Tx |
                 (1 vs 0)  |  -.1093144   .1213101     -.3470777    .1284489
                           |
                      time |
              (0 vs base)  |   .0389045   .0499128     -.0589228    .1367319
              (2 vs base)  |  -.0210252   .0500123     -.1190474    .0769971
                           |
                   Tx#time |
     (1 vs 0) (0 vs base)  |   .0855096   .0998032     -.1101011    .2811204
     (1 vs 0) (2 vs base)  |   .1099527   .1000214     -.0860856     .305991
----------------------------------------------------------------------------

. 
. mixed CBCL_BEHAVIORAL_COMPOSITE_2 Tx##time age_yr_0 sex_0 || ID: , nolog

Mixed-effects ML regression                     Number of obs     =        474
Group variable: ID                              Number of groups  =        175

                                                Obs per group:
                                                              min =          1
                                                              avg =        2.7
                                                              max =          3

                                                Wald chi2(7)      =       5.42
Log likelihood =  -500.2256                     Prob > chi2       =     0.6094

---------------------------------------------------------------------------------------------
CBCL_BEHAVIORAL_COMPOSITE_2 |      Coef.   Std. Err.      z    P>|z|     [95% Conf. Interval]
----------------------------+----------------------------------------------------------------
                       1.Tx |  -.0326077   .1395402    -0.23   0.815    -.3061015    .2408861
                            |
                       time |
                         1  |   .0078275   .0765246     0.10   0.919    -.1421579    .1578129
                         2  |  -.0667458   .0762957    -0.87   0.382    -.2162827    .0827911
                            |
                    Tx#time |
                       1 1  |  -.1146913   .1092246    -1.05   0.294    -.3287675     .099385
                       1 2  |   .0146941   .1090228     0.13   0.893    -.1989866    .2283749
                            |
                   age_yr_0 |  -.0178908   .0342723    -0.52   0.602    -.0850633    .0492816
                      sex_0 |  -.1842462   .1274286    -1.45   0.148    -.4340016    .0655091
                      _cons |   .4482106   .5297374     0.85   0.397    -.5900557    1.486477
---------------------------------------------------------------------------------------------

------------------------------------------------------------------------------
  Random-effects Parameters  |   Estimate   Std. Err.     [95% Conf. Interval]
-----------------------------+------------------------------------------------
ID: Identity                 |
                  var(_cons) |   .5900203   .0741208      .4612491    .7547419
-----------------------------+------------------------------------------------
               var(Residual) |   .2257214   .0185958      .1920647     .265276
------------------------------------------------------------------------------
LR test vs. linear model: chibar2(01) = 230.51        Prob >= chibar2 = 0.0000

. contrast r.Tx##ib1.time

Contrasts of marginal linear predictions

Margins      : asbalanced

------------------------------------------------
             |         df        chi2     P>chi2
-------------+----------------------------------
CBCL_BEHAV~2 |
          Tx |          1        0.28     0.5976
             |
        time |          2        1.36     0.5056
             |
     Tx#time |          2        1.67     0.4328
------------------------------------------------

-----------------------------------------------------------------------------
                            |   Contrast   Std. Err.     [95% Conf. Interval]
----------------------------+------------------------------------------------
CBCL_BEHAVIORAL_COMPOSITE_2 |
                         Tx |
                  (1 vs 0)  |  -.0659401   .1249327     -.3108038    .1789236
                            |
                       time |
               (0 vs base)  |   .0495181   .0546258     -.0575465    .1565828
               (2 vs base)  |  -.0098806    .054733     -.1171552    .0973941
                            |
                    Tx#time |
      (1 vs 0) (0 vs base)  |   .1146913   .1092246      -.099385    .3287675
      (1 vs 0) (2 vs base)  |   .1293854   .1094623     -.0851567    .3439275
-----------------------------------------------------------------------------

. 
. mixed CBCL_SOCIAL_COMPOSITE_2 Tx##time age_yr_0 sex_0 || ID: , nolog

Mixed-effects ML regression                     Number of obs     =        474
Group variable: ID                              Number of groups  =        175

                                                Obs per group:
                                                              min =          1
                                                              avg =        2.7
                                                              max =          3

                                                Wald chi2(7)      =       7.37
Log likelihood = -587.70386                     Prob > chi2       =     0.3916

-----------------------------------------------------------------------------------------
CBCL_SOCIAL_COMPOSITE_2 |      Coef.   Std. Err.      z    P>|z|     [95% Conf. Interval]
------------------------+----------------------------------------------------------------
                   1.Tx |  -.3444742   .1556557    -2.21   0.027    -.6495537   -.0393947
                        |
                   time |
                     1  |  -.0490275   .0984041    -0.50   0.618     -.241896     .143841
                     2  |  -.1534732   .0980099    -1.57   0.117     -.345569    .0386226
                        |
                Tx#time |
                   1 1  |   .1525969    .140367     1.09   0.277    -.1225174    .4277111
                   1 2  |   .1842385   .1400196     1.32   0.188    -.0901949     .458672
                        |
               age_yr_0 |  -.0286997   .0366924    -0.78   0.434    -.1006155    .0432161
                  sex_0 |   .0185736   .1362337     0.14   0.892    -.2484394    .2855867
                  _cons |   .6181328   .5681674     1.09   0.277    -.4954549     1.73172
-----------------------------------------------------------------------------------------

------------------------------------------------------------------------------
  Random-effects Parameters  |   Estimate   Std. Err.     [95% Conf. Interval]
-----------------------------+------------------------------------------------
ID: Identity                 |
                  var(_cons) |   .6294931   .0852982      .4826703    .8209778
-----------------------------+------------------------------------------------
               var(Residual) |   .3743608   .0308471      .3185311    .4399759
------------------------------------------------------------------------------
LR test vs. linear model: chibar2(01) = 160.16        Prob >= chibar2 = 0.0000

. contrast r.Tx##ib1.time

Contrasts of marginal linear predictions

Margins      : asbalanced

------------------------------------------------
             |         df        chi2     P>chi2
-------------+----------------------------------
CBCL_SOCIA~2 |
          Tx |          1        3.02     0.0822
             |
        time |          2        1.67     0.4342
             |
     Tx#time |          2        1.98     0.3714
------------------------------------------------

-------------------------------------------------------------------------
                        |   Contrast   Std. Err.     [95% Conf. Interval]
------------------------+------------------------------------------------
CBCL_SOCIAL_COMPOSITE_2 |
                     Tx |
              (1 vs 0)  |  -.2321958   .1335827      -.494013    .0296215
                        |
                   time |
           (0 vs base)  |  -.0272709   .0702064     -.1648729    .1103311
           (2 vs base)  |  -.0886248   .0703363     -.2264815    .0492318
                        |
                Tx#time |
  (1 vs 0) (0 vs base)  |  -.1525969    .140367     -.4277111    .1225174
  (1 vs 0) (2 vs base)  |   .0316417   .1406672     -.2440609    .3073443
-------------------------------------------------------------------------

. 
. mixed CBCL_PHYSICAL_COMPOSITE_2 Tx##time age_yr_0 sex_0 || ID: , nolog

Mixed-effects ML regression                     Number of obs     =        474
Group variable: ID                              Number of groups  =        175

                                                Obs per group:
                                                              min =          1
                                                              avg =        2.7
                                                              max =          3

                                                Wald chi2(7)      =       7.31
Log likelihood = -595.20148                     Prob > chi2       =     0.3975

-------------------------------------------------------------------------------------------
CBCL_PHYSICAL_COMPOSITE_2 |      Coef.   Std. Err.      z    P>|z|     [95% Conf. Interval]
--------------------------+----------------------------------------------------------------
                     1.Tx |    .122269   .1563511     0.78   0.434    -.1841736    .4287115
                          |
                     time |
                       1  |  -.0684643   .1010886    -0.68   0.498    -.2665944    .1296658
                       2  |  -.1434186   .1006645    -1.42   0.154    -.3407174    .0538801
                          |
                  Tx#time |
                     1 1  |  -.0446133   .1441794    -0.31   0.757    -.3271997    .2379732
                     1 2  |   .0204177   .1438057     0.14   0.887    -.2614364    .3022717
                          |
                 age_yr_0 |   .0453988   .0365622     1.24   0.214    -.0262619    .1170595
                    sex_0 |   .1671724   .1357129     1.23   0.218      -.09882    .4331649
                    _cons |  -.7297738   .5663589    -1.29   0.198    -1.839817    .3802691
-------------------------------------------------------------------------------------------

------------------------------------------------------------------------------
  Random-effects Parameters  |   Estimate   Std. Err.     [95% Conf. Interval]
-----------------------------+------------------------------------------------
ID: Identity                 |
                  var(_cons) |   .6155854   .0853455      .4691122    .8077928
-----------------------------+------------------------------------------------
               var(Residual) |   .3952939   .0326785      .3361648    .4648235
------------------------------------------------------------------------------
LR test vs. linear model: chibar2(01) = 146.57        Prob >= chibar2 = 0.0000

. contrast r.Tx##ib1.time

Contrasts of marginal linear predictions

Margins      : asbalanced

------------------------------------------------
             |         df        chi2     P>chi2
-------------+----------------------------------
CBCL_PHYSI~2 |
          Tx |          1        0.74     0.3908
             |
        time |          2        3.58     0.1667
             |
     Tx#time |          2        0.21     0.8995
------------------------------------------------

---------------------------------------------------------------------------
                          |   Contrast   Std. Err.     [95% Conf. Interval]
--------------------------+------------------------------------------------
CBCL_PHYSICAL_COMPOSITE_2 |
                       Tx |
                (1 vs 0)  |   .1142038    .133075     -.1466185     .375026
                          |
                     time |
             (0 vs base)  |   .0907709   .0721143     -.0505704    .2321123
             (2 vs base)  |  -.0424389   .0722462     -.1840388     .099161
                          |
                  Tx#time |
    (1 vs 0) (0 vs base)  |   .0446133   .1441794     -.2379732    .3271997
    (1 vs 0) (2 vs base)  |   .0650309   .1444866     -.2181577    .3482195
---------------------------------------------------------------------------

. 
end of do-file

. log close
      name:  <unnamed>
       log:  C:\Users\dongl\OneDrive\Desktop\6mFU\composite_MLM_results_using_all_data.log
  log type:  text
 closed on:   5 Mar 2018, 14:17:13
-------------------------------------------------------------------------------------------------------------------------------
