Mplus VERSION 8.1 (Mac)
MUTHEN & MUTHEN
06/12/2018   1:11 PM

INPUT INSTRUCTIONS


    TITLE:	this is an example of a LCA with
    	continuous latent class indicators using
    	user-specified starting values without
    	random starts

    DATA:	FILE = sleep_health_6dims.csv;

    VARIABLE:	
    	NAMES ARE ID duration age sex
    		      timing quality alert	
    		      efficiency regular;
    	
    	USEVARIABLES ARE duration timing
    	 	          quality alert	
    			   efficiency regular;
    	CLASSES = c (1);
    	MISSING = ALL (-999);

    ANALYSIS:	TYPE = MIXTURE;
    		!STARTS = 100 10;

    OUTPUT:	TECH1 TECH8;



*** WARNING in VARIABLE command
  Note that only the first 8 characters of variable names are used in the output.
  Shorten variable names to avoid any confusion.
*** WARNING in MODEL command
  All variables are uncorrelated with all other variables within class.
  Check that this is what is intended.
*** WARNING
  Data set contains cases with missing on all variables.
  These cases were not included in the analysis.
  Number of cases with missing on all variables:  8
   3 WARNING(S) FOUND IN THE INPUT INSTRUCTIONS



this is an example of a LCA with
continuous latent class indicators using
user-specified starting values without
random starts

SUMMARY OF ANALYSIS

Number of groups                                                 1
Number of observations                                         177

Number of dependent variables                                    6
Number of independent variables                                  0
Number of continuous latent variables                            0
Number of categorical latent variables                           1

Observed dependent variables

  Continuous
   DURATION    TIMING      QUALITY     ALERT       EFFICIENCY  REGULAR

Categorical latent variables
   C


Estimator                                                      MLR
Information matrix                                        OBSERVED
Optimization Specifications for the Quasi-Newton Algorithm for
Continuous Outcomes
  Maximum number of iterations                                 100
  Convergence criterion                                  0.100D-05
Optimization Specifications for the EM Algorithm
  Maximum number of iterations                                 500
  Convergence criteria
    Loglikelihood change                                 0.100D-06
    Relative loglikelihood change                        0.100D-06
    Derivative                                           0.100D-05
Optimization Specifications for the M step of the EM Algorithm for
Categorical Latent variables
  Number of M step iterations                                    1
  M step convergence criterion                           0.100D-05
  Basis for M step termination                           ITERATION
Optimization Specifications for the M step of the EM Algorithm for
Censored, Binary or Ordered Categorical (Ordinal), Unordered
Categorical (Nominal) and Count Outcomes
  Number of M step iterations                                    1
  M step convergence criterion                           0.100D-05
  Basis for M step termination                           ITERATION
  Maximum value for logit thresholds                            15
  Minimum value for logit thresholds                           -15
  Minimum expected cell size for chi-square              0.100D-01
Maximum number of iterations for H1                           2000
Convergence criterion for H1                             0.100D-03
Optimization algorithm                                         EMA

Input data file(s)
  sleep_health_6dims.csv
Input data format  FREE


SUMMARY OF DATA

     Number of missing data patterns             6
     Number of y missing data patterns           6
     Number of u missing data patterns           0


COVARIANCE COVERAGE OF DATA

Minimum covariance coverage value   0.100


     PROPORTION OF DATA PRESENT FOR Y


           Covariance Coverage
              DURATION      TIMING        QUALITY       ALERT         EFFICIEN
              ________      ________      ________      ________      ________
 DURATION       0.949
 TIMING         0.949         0.949
 QUALITY        0.904         0.904         0.955
 ALERT          0.932         0.932         0.955         0.983
 EFFICIEN       0.949         0.949         0.904         0.932         0.949
 REGULAR        0.904         0.904         0.864         0.887         0.904


           Covariance Coverage
              REGULAR
              ________
 REGULAR        0.904



UNIVARIATE SAMPLE STATISTICS


     UNIVARIATE HIGHER-ORDER MOMENT DESCRIPTIVE STATISTICS

         Variable/         Mean/     Skewness/   Minimum/ % with                Percentiles
        Sample Size      Variance    Kurtosis    Maximum  Min/Max      20%/60%    40%/80%    Median

     DURATION            468.158      -0.190     291.430    0.60%     414.290    455.000    475.915
             168.000    3456.687      -0.175     601.670    0.60%     486.500    517.500
     TIMING               27.426       0.847      25.880    0.60%      26.800     27.210     27.400
             168.000       0.553       1.822      30.270    0.60%      27.570     27.920
     QUALITY               1.462       0.079       0.000    4.73%       1.000      1.000      1.000
             169.000       0.426      -0.213       3.000    4.14%       2.000      2.000
     ALERT                 6.161       0.404       0.000   11.49%       2.000      5.000      6.000
             174.000      17.905      -0.488      19.000    0.57%       7.000     10.000
     EFFICIENCY           90.336      -1.873      54.740    0.60%      86.090     90.790     92.135
             168.000      45.181       4.919      99.650    0.60%      93.400     95.360
     REGULAR               1.856       0.733       0.000    0.62%       0.697      1.442      1.695
             160.000       1.534       0.288       5.860    0.62%       1.983      2.750


THE MODEL ESTIMATION TERMINATED NORMALLY



MODEL FIT INFORMATION

Number of Free Parameters                       12

Loglikelihood

          H0 Value                       -2596.701
          H0 Scaling Correction Factor      1.2564
            for MLR

Information Criteria

          Akaike (AIC)                    5217.403
          Bayesian (BIC)                  5255.517
          Sample-Size Adjusted BIC        5217.515
            (n* = (n + 2) / 24)



FINAL CLASS COUNTS AND PROPORTIONS FOR THE LATENT CLASSES
BASED ON THE ESTIMATED MODEL

    Latent
   Classes

       1        177.00000          1.00000


FINAL CLASS COUNTS AND PROPORTIONS FOR THE LATENT CLASSES
BASED ON ESTIMATED POSTERIOR PROBABILITIES

    Latent
   Classes

       1        177.00000          1.00000


FINAL CLASS COUNTS AND PROPORTIONS FOR THE LATENT CLASSES
BASED ON THEIR MOST LIKELY LATENT CLASS MEMBERSHIP

Class Counts and Proportions

    Latent
   Classes

       1              177          1.00000


Average Latent Class Probabilities for Most Likely Latent Class Membership (Row)
by Latent Class (Column)

           1

    1   1.000


Classification Probabilities for the Most Likely Latent Class Membership (Column)
by Latent Class (Row)

           1

    1   1.000


Logits for the Classification Probabilities for the Most Likely Latent Class Membership (Column)
by Latent Class (Row)

              1

    1      0.000


MODEL RESULTS

                                                    Two-Tailed
                    Estimate       S.E.  Est./S.E.    P-Value

Latent Class 1

 Means
    DURATION         468.158      4.536    103.209      0.000
    TIMING            27.426      0.057    478.198      0.000
    QUALITY            1.462      0.050     29.109      0.000
    ALERT              6.161      0.321     19.206      0.000
    EFFICIENCY        90.336      0.519    174.196      0.000
    REGULAR            1.856      0.098     18.957      0.000

 Variances
    DURATION        3456.689    360.309      9.594      0.000
    TIMING             0.553      0.083      6.630      0.000
    QUALITY            0.426      0.044      9.725      0.000
    ALERT             17.905      1.669     10.726      0.000
    EFFICIENCY        45.181      9.169      4.928      0.000
    REGULAR            1.534      0.183      8.363      0.000


QUALITY OF NUMERICAL RESULTS

     Condition Number for the Information Matrix              0.229E-03
       (ratio of smallest to largest eigenvalue)


TECHNICAL 1 OUTPUT


     PARAMETER SPECIFICATION FOR LATENT CLASS 1


           NU
              DURATION      TIMING        QUALITY       ALERT         EFFICIEN
              ________      ________      ________      ________      ________
                    1             2             3             4             5


           NU
              REGULAR
              ________
                    6


           THETA
              DURATION      TIMING        QUALITY       ALERT         EFFICIEN
              ________      ________      ________      ________      ________
 DURATION           7
 TIMING             0             8
 QUALITY            0             0             9
 ALERT              0             0             0            10
 EFFICIEN           0             0             0             0            11
 REGULAR            0             0             0             0             0


           THETA
              REGULAR
              ________
 REGULAR           12


     PARAMETER SPECIFICATION FOR LATENT CLASS REGRESSION MODEL PART


           ALPHA(C)
              C#1
              ________
                    0


     STARTING VALUES FOR LATENT CLASS 1


           NU
              DURATION      TIMING        QUALITY       ALERT         EFFICIEN
              ________      ________      ________      ________      ________
              468.158        27.426         1.462         6.161        90.336


           NU
              REGULAR
              ________
                1.856


           THETA
              DURATION      TIMING        QUALITY       ALERT         EFFICIEN
              ________      ________      ________      ________      ________
 DURATION    1728.344
 TIMING         0.000         0.276
 QUALITY        0.000         0.000         0.213
 ALERT          0.000         0.000         0.000         8.953
 EFFICIEN       0.000         0.000         0.000         0.000        22.591
 REGULAR        0.000         0.000         0.000         0.000         0.000


           THETA
              REGULAR
              ________
 REGULAR        0.767


     STARTING VALUES FOR LATENT CLASS REGRESSION MODEL PART


           ALPHA(C)
              C#1
              ________
                0.000


TECHNICAL 8 OUTPUT


  ITER  LOGLIKELIHOOD    ABS CHANGE   REL CHANGE      CLASS COUNTS    ALGORITHM
     1 -0.27512019D+04    0.0000000    0.0000000    177.000              EM
     2 -0.25967015D+04  154.5003914    0.0561574    177.000              EM
     3 -0.25967015D+04    0.0000000    0.0000000    177.000              EM


     Beginning Time:  13:11:09
        Ending Time:  13:11:09
       Elapsed Time:  00:00:00



MUTHEN & MUTHEN
3463 Stoner Ave.
Los Angeles, CA  90066

Tel: (310) 391-9971
Fax: (310) 391-8971
Web: www.StatModel.com
Support: Support@StatModel.com

Copyright (c) 1998-2018 Muthen & Muthen
