Mplus VERSION 8.1 (Mac)
MUTHEN & MUTHEN
06/12/2018   1:05 PM

INPUT INSTRUCTIONS


    TITLE:	this is an example of a LCA with
    	continuous latent class indicators using
    	user-specified starting values without
    	random starts

    DATA:	FILE = sleep_health_6dims.csv;

    VARIABLE:	
    	NAMES ARE ID duration age sex
    		      timing quality alert	
    		      efficiency regular;
    	
    	USEVARIABLES ARE duration timing
    	 	          quality alert	
    			   efficiency regular;
    	CLASSES = c (3);
    	MISSING = ALL (-999);

    ANALYSIS:	TYPE = MIXTURE;
    		!STARTS = 100 10;

    OUTPUT:	TECH1 TECH8;



*** WARNING in VARIABLE command
  Note that only the first 8 characters of variable names are used in the output.
  Shorten variable names to avoid any confusion.
*** WARNING in MODEL command
  All variables are uncorrelated with all other variables within class.
  Check that this is what is intended.
*** WARNING
  Data set contains cases with missing on all variables.
  These cases were not included in the analysis.
  Number of cases with missing on all variables:  8
   3 WARNING(S) FOUND IN THE INPUT INSTRUCTIONS



this is an example of a LCA with
continuous latent class indicators using
user-specified starting values without
random starts

SUMMARY OF ANALYSIS

Number of groups                                                 1
Number of observations                                         177

Number of dependent variables                                    6
Number of independent variables                                  0
Number of continuous latent variables                            0
Number of categorical latent variables                           1

Observed dependent variables

  Continuous
   DURATION    TIMING      QUALITY     ALERT       EFFICIENCY  REGULAR

Categorical latent variables
   C


Estimator                                                      MLR
Information matrix                                        OBSERVED
Optimization Specifications for the Quasi-Newton Algorithm for
Continuous Outcomes
  Maximum number of iterations                                 100
  Convergence criterion                                  0.100D-05
Optimization Specifications for the EM Algorithm
  Maximum number of iterations                                 500
  Convergence criteria
    Loglikelihood change                                 0.100D-06
    Relative loglikelihood change                        0.100D-06
    Derivative                                           0.100D-05
Optimization Specifications for the M step of the EM Algorithm for
Categorical Latent variables
  Number of M step iterations                                    1
  M step convergence criterion                           0.100D-05
  Basis for M step termination                           ITERATION
Optimization Specifications for the M step of the EM Algorithm for
Censored, Binary or Ordered Categorical (Ordinal), Unordered
Categorical (Nominal) and Count Outcomes
  Number of M step iterations                                    1
  M step convergence criterion                           0.100D-05
  Basis for M step termination                           ITERATION
  Maximum value for logit thresholds                            15
  Minimum value for logit thresholds                           -15
  Minimum expected cell size for chi-square              0.100D-01
Maximum number of iterations for H1                           2000
Convergence criterion for H1                             0.100D-03
Optimization algorithm                                         EMA
Random Starts Specifications
  Number of initial stage random starts                         20
  Number of final stage optimizations                            4
  Number of initial stage iterations                            10
  Initial stage convergence criterion                    0.100D+01
  Random starts scale                                    0.500D+01
  Random seed for generating random starts                       0

Input data file(s)
  sleep_health_6dims.csv
Input data format  FREE


SUMMARY OF DATA

     Number of missing data patterns             6
     Number of y missing data patterns           6
     Number of u missing data patterns           0


COVARIANCE COVERAGE OF DATA

Minimum covariance coverage value   0.100


     PROPORTION OF DATA PRESENT FOR Y


           Covariance Coverage
              DURATION      TIMING        QUALITY       ALERT         EFFICIEN
              ________      ________      ________      ________      ________
 DURATION       0.949
 TIMING         0.949         0.949
 QUALITY        0.904         0.904         0.955
 ALERT          0.932         0.932         0.955         0.983
 EFFICIEN       0.949         0.949         0.904         0.932         0.949
 REGULAR        0.904         0.904         0.864         0.887         0.904


           Covariance Coverage
              REGULAR
              ________
 REGULAR        0.904



UNIVARIATE SAMPLE STATISTICS


     UNIVARIATE HIGHER-ORDER MOMENT DESCRIPTIVE STATISTICS

         Variable/         Mean/     Skewness/   Minimum/ % with                Percentiles
        Sample Size      Variance    Kurtosis    Maximum  Min/Max      20%/60%    40%/80%    Median

     DURATION            468.158      -0.190     291.430    0.60%     414.290    455.000    475.915
             168.000    3456.687      -0.175     601.670    0.60%     486.500    517.500
     TIMING               27.426       0.847      25.880    0.60%      26.800     27.210     27.400
             168.000       0.553       1.822      30.270    0.60%      27.570     27.920
     QUALITY               1.462       0.079       0.000    4.73%       1.000      1.000      1.000
             169.000       0.426      -0.213       3.000    4.14%       2.000      2.000
     ALERT                 6.161       0.404       0.000   11.49%       2.000      5.000      6.000
             174.000      17.905      -0.488      19.000    0.57%       7.000     10.000
     EFFICIENCY           90.336      -1.873      54.740    0.60%      86.090     90.790     92.135
             168.000      45.181       4.919      99.650    0.60%      93.400     95.360
     REGULAR               1.856       0.733       0.000    0.62%       0.697      1.442      1.695
             160.000       1.534       0.288       5.860    0.62%       1.983      2.750

RANDOM STARTS RESULTS RANKED FROM THE BEST TO THE WORST LOGLIKELIHOOD VALUES

Final stage loglikelihood values at local maxima, seeds, and initial stage start numbers:

           -2533.208  608496           4
           -2533.208  637345           19
           -2534.527  939021           8
           -2534.527  93468            3



THE BEST LOGLIKELIHOOD VALUE HAS BEEN REPLICATED.  RERUN WITH AT LEAST TWICE THE
RANDOM STARTS TO CHECK THAT THE BEST LOGLIKELIHOOD IS STILL OBTAINED AND REPLICATED.


THE MODEL ESTIMATION TERMINATED NORMALLY



MODEL FIT INFORMATION

Number of Free Parameters                       26

Loglikelihood

          H0 Value                       -2533.208
          H0 Scaling Correction Factor      1.3775
            for MLR

Information Criteria

          Akaike (AIC)                    5118.415
          Bayesian (BIC)                  5200.995
          Sample-Size Adjusted BIC        5118.658
            (n* = (n + 2) / 24)



FINAL CLASS COUNTS AND PROPORTIONS FOR THE LATENT CLASSES
BASED ON THE ESTIMATED MODEL

    Latent
   Classes

       1        118.97375          0.67217
       2         40.56829          0.22920
       3         17.45796          0.09863


FINAL CLASS COUNTS AND PROPORTIONS FOR THE LATENT CLASSES
BASED ON ESTIMATED POSTERIOR PROBABILITIES

    Latent
   Classes

       1        118.97375          0.67217
       2         40.56829          0.22920
       3         17.45796          0.09863


FINAL CLASS COUNTS AND PROPORTIONS FOR THE LATENT CLASSES
BASED ON THEIR MOST LIKELY LATENT CLASS MEMBERSHIP

Class Counts and Proportions

    Latent
   Classes

       1              128          0.72316
       2               33          0.18644
       3               16          0.09040


CLASSIFICATION QUALITY

     Entropy                         0.738


Average Latent Class Probabilities for Most Likely Latent Class Membership (Row)
by Latent Class (Column)

           1        2        3

    1   0.884    0.103    0.013
    2   0.169    0.822    0.009
    3   0.016    0.016    0.968


Classification Probabilities for the Most Likely Latent Class Membership (Column)
by Latent Class (Row)

           1        2        3

    1   0.951    0.047    0.002
    2   0.325    0.669    0.006
    3   0.096    0.017    0.887


Logits for the Classification Probabilities for the Most Likely Latent Class Membership (Column)
by Latent Class (Row)

              1        2        3

    1      6.111    3.100    0.000
    2      3.918    4.640    0.000
    3     -2.226   -3.947    0.000


MODEL RESULTS

                                                    Two-Tailed
                    Estimate       S.E.  Est./S.E.    P-Value

Latent Class 1

 Means
    DURATION         492.461     13.144     37.466      0.000
    TIMING            27.151      0.118    230.739      0.000
    QUALITY            1.445      0.121     11.988      0.000
    ALERT              5.494      1.213      4.530      0.000
    EFFICIENCY        92.090      0.658    139.925      0.000
    REGULAR            1.738      0.168     10.350      0.000

 Variances
    DURATION        2118.361    380.521      5.567      0.000
    TIMING             0.375      0.080      4.682      0.000
    QUALITY            0.414      0.042      9.936      0.000
    ALERT             16.984      2.831      5.999      0.000
    EFFICIENCY        18.651      3.595      5.188      0.000
    REGULAR            1.439      0.182      7.901      0.000

Latent Class 2

 Means
    DURATION         429.880     18.918     22.723      0.000
    TIMING            28.162      0.549     51.299      0.000
    QUALITY            1.374      0.321      4.279      0.000
    ALERT              7.696      1.930      3.987      0.000
    EFFICIENCY        91.863      1.386     66.285      0.000
    REGULAR            2.391      0.500      4.787      0.000

 Variances
    DURATION        2118.361    380.521      5.567      0.000
    TIMING             0.375      0.080      4.682      0.000
    QUALITY            0.414      0.042      9.936      0.000
    ALERT             16.984      2.831      5.999      0.000
    EFFICIENCY        18.651      3.595      5.188      0.000
    REGULAR            1.439      0.182      7.901      0.000

Latent Class 3

 Means
    DURATION         389.427     13.765     28.292      0.000
    TIMING            27.614      0.226    122.404      0.000
    QUALITY            1.768      0.169     10.445      0.000
    ALERT              7.032      1.300      5.409      0.000
    EFFICIENCY        74.704      2.218     33.678      0.000
    REGULAR            1.396      0.211      6.611      0.000

 Variances
    DURATION        2118.361    380.521      5.567      0.000
    TIMING             0.375      0.080      4.682      0.000
    QUALITY            0.414      0.042      9.936      0.000
    ALERT             16.984      2.831      5.999      0.000
    EFFICIENCY        18.651      3.595      5.188      0.000
    REGULAR            1.439      0.182      7.901      0.000

Categorical Latent Variables

 Means
    C#1                1.919      0.417      4.597      0.000
    C#2                0.843      0.873      0.966      0.334


QUALITY OF NUMERICAL RESULTS

     Condition Number for the Information Matrix              0.686E-04
       (ratio of smallest to largest eigenvalue)


TECHNICAL 1 OUTPUT


     PARAMETER SPECIFICATION FOR LATENT CLASS 1


           NU
              DURATION      TIMING        QUALITY       ALERT         EFFICIEN
              ________      ________      ________      ________      ________
                    1             2             3             4             5


           NU
              REGULAR
              ________
                    6


           THETA
              DURATION      TIMING        QUALITY       ALERT         EFFICIEN
              ________      ________      ________      ________      ________
 DURATION           7
 TIMING             0             8
 QUALITY            0             0             9
 ALERT              0             0             0            10
 EFFICIEN           0             0             0             0            11
 REGULAR            0             0             0             0             0


           THETA
              REGULAR
              ________
 REGULAR           12


     PARAMETER SPECIFICATION FOR LATENT CLASS 2


           NU
              DURATION      TIMING        QUALITY       ALERT         EFFICIEN
              ________      ________      ________      ________      ________
                   13            14            15            16            17


           NU
              REGULAR
              ________
                   18


           THETA
              DURATION      TIMING        QUALITY       ALERT         EFFICIEN
              ________      ________      ________      ________      ________
 DURATION           7
 TIMING             0             8
 QUALITY            0             0             9
 ALERT              0             0             0            10
 EFFICIEN           0             0             0             0            11
 REGULAR            0             0             0             0             0


           THETA
              REGULAR
              ________
 REGULAR           12


     PARAMETER SPECIFICATION FOR LATENT CLASS 3


           NU
              DURATION      TIMING        QUALITY       ALERT         EFFICIEN
              ________      ________      ________      ________      ________
                   19            20            21            22            23


           NU
              REGULAR
              ________
                   24


           THETA
              DURATION      TIMING        QUALITY       ALERT         EFFICIEN
              ________      ________      ________      ________      ________
 DURATION           7
 TIMING             0             8
 QUALITY            0             0             9
 ALERT              0             0             0            10
 EFFICIEN           0             0             0             0            11
 REGULAR            0             0             0             0             0


           THETA
              REGULAR
              ________
 REGULAR           12


     PARAMETER SPECIFICATION FOR LATENT CLASS REGRESSION MODEL PART


           ALPHA(C)
              C#1           C#2           C#3
              ________      ________      ________
                   25            26             0


     STARTING VALUES FOR LATENT CLASS 1


           NU
              DURATION      TIMING        QUALITY       ALERT         EFFICIEN
              ________      ________      ________      ________      ________
              409.365        26.683         0.809         1.929        83.615


           NU
              REGULAR
              ________
                0.618


           THETA
              DURATION      TIMING        QUALITY       ALERT         EFFICIEN
              ________      ________      ________      ________      ________
 DURATION    1728.344
 TIMING         0.000         0.276
 QUALITY        0.000         0.000         0.213
 ALERT          0.000         0.000         0.000         8.953
 EFFICIEN       0.000         0.000         0.000         0.000        22.591
 REGULAR        0.000         0.000         0.000         0.000         0.000


           THETA
              REGULAR
              ________
 REGULAR        0.767


     STARTING VALUES FOR LATENT CLASS 2


           NU
              DURATION      TIMING        QUALITY       ALERT         EFFICIEN
              ________      ________      ________      ________      ________
              468.158        27.426         1.462         6.161        90.336


           NU
              REGULAR
              ________
                1.856


           THETA
              DURATION      TIMING        QUALITY       ALERT         EFFICIEN
              ________      ________      ________      ________      ________
 DURATION    1728.344
 TIMING         0.000         0.276
 QUALITY        0.000         0.000         0.213
 ALERT          0.000         0.000         0.000         8.953
 EFFICIEN       0.000         0.000         0.000         0.000        22.591
 REGULAR        0.000         0.000         0.000         0.000         0.000


           THETA
              REGULAR
              ________
 REGULAR        0.767


     STARTING VALUES FOR LATENT CLASS 3


           NU
              DURATION      TIMING        QUALITY       ALERT         EFFICIEN
              ________      ________      ________      ________      ________
              526.952        28.170         2.114        10.392        97.058


           NU
              REGULAR
              ________
                3.094


           THETA
              DURATION      TIMING        QUALITY       ALERT         EFFICIEN
              ________      ________      ________      ________      ________
 DURATION    1728.344
 TIMING         0.000         0.276
 QUALITY        0.000         0.000         0.213
 ALERT          0.000         0.000         0.000         8.953
 EFFICIEN       0.000         0.000         0.000         0.000        22.591
 REGULAR        0.000         0.000         0.000         0.000         0.000


           THETA
              REGULAR
              ________
 REGULAR        0.767


     STARTING VALUES FOR LATENT CLASS REGRESSION MODEL PART


           ALPHA(C)
              C#1           C#2           C#3
              ________      ________      ________
                0.000         0.000         0.000


TECHNICAL 8 OUTPUT


  INITIAL STAGE ITERATIONS


  TECHNICAL 8 OUTPUT FOR UNPERTURBED STARTING VALUE SET


  ITER  LOGLIKELIHOOD    ABS CHANGE   REL CHANGE      CLASS COUNTS    ALGORITHM
     1 -0.28097998D+04    0.0000000    0.0000000     24.041   127.294    EM
                                                     25.665
     2 -0.25889248D+04  220.8749933    0.0786088     21.101   133.063    EM
                                                     22.836
     3 -0.25649429D+04   23.9818882    0.0092633     21.194   133.033    EM
                                                     22.773
     4 -0.25443863D+04   20.5566168    0.0080145     20.139   132.972    EM
                                                     23.889
     5 -0.25392027D+04    5.1835539    0.0020373     19.088   132.416    EM
                                                     25.496
     6 -0.25382020D+04    1.0006680    0.0003941     18.559   131.379    EM
                                                     27.063
     7 -0.25378262D+04    0.3758605    0.0001481     18.323   130.097    EM
                                                     28.581


  TECHNICAL 8 OUTPUT FOR STARTING VALUE SET 1


  ITER  LOGLIKELIHOOD    ABS CHANGE   REL CHANGE      CLASS COUNTS    ALGORITHM
     1 -0.59528481D+04    0.0000000    0.0000000    126.600    32.336    EM
                                                     18.065
     2 -0.25933395D+04 3359.5085847    0.5643532    129.263    28.120    EM
                                                     19.616
     3 -0.25846360D+04    8.7034659    0.0033561    127.835    28.049    EM
                                                     21.116
     4 -0.25802976D+04    4.3383986    0.0016785    125.631    28.933    EM
                                                     22.436
     5 -0.25767255D+04    3.5721862    0.0013844    123.282    29.924    EM
                                                     23.794
     6 -0.25729592D+04    3.7662314    0.0014616    120.809    30.839    EM
                                                     25.351
     7 -0.25682699D+04    4.6893652    0.0018226    118.265    31.444    EM
                                                     27.290
     8 -0.25622356D+04    6.0342252    0.0023495    116.181    31.158    EM
                                                     29.661
     9 -0.25558966D+04    6.3390692    0.0024740    115.318    29.349    EM
                                                     32.333
    10 -0.25504248D+04    5.4718038    0.0021409    115.471    26.264    EM
                                                     35.265


  TECHNICAL 8 OUTPUT FOR STARTING VALUE SET 2


  ITER  LOGLIKELIHOOD    ABS CHANGE   REL CHANGE      CLASS COUNTS    ALGORITHM
     1 -0.53796906D+04    0.0000000    0.0000000      0.057   104.836    EM
                                                     72.106
     2 -0.25991372D+04 2780.5533742    0.5168612      1.138   101.956    EM
                                                     73.906
     3 -0.25735178D+04   25.6193953    0.0098569      1.094    99.119    EM
                                                     76.787
     4 -0.25678478D+04    5.6700491    0.0022032      1.064    95.473    EM
                                                     80.462
     5 -0.25644240D+04    3.4237968    0.0013333      1.061    91.586    EM
                                                     84.352
     6 -0.25622587D+04    2.1652439    0.0008443      1.062    87.790    EM
                                                     88.148
     7 -0.25608934D+04    1.3653411    0.0005329      1.062    84.245    EM
                                                     91.693
     8 -0.25599875D+04    0.9058518    0.0003537      1.062    81.004    EM
                                                     94.933


  TECHNICAL 8 OUTPUT FOR STARTING VALUE SET 3


  ITER  LOGLIKELIHOOD    ABS CHANGE   REL CHANGE      CLASS COUNTS    ALGORITHM
     1 -0.48517380D+04    0.0000000    0.0000000      2.410   146.309    EM
                                                     28.282
     2 -0.25664043D+04 2285.3337326    0.4710340      4.743   147.813    EM
                                                     24.444
     3 -0.25542616D+04   12.1427364    0.0047314      9.325   143.815    EM
                                                     23.860
     4 -0.25412267D+04   13.0348964    0.0051032     12.860   140.528    EM
                                                     23.612
     5 -0.25366240D+04    4.6026570    0.0018112     15.001   138.544    EM
                                                     23.456
     6 -0.25352084D+04    1.4156094    0.0005581     16.308   137.372    EM
                                                     23.319
     7 -0.25347389D+04    0.4695299    0.0001852     17.043   136.766    EM
                                                     23.192


  TECHNICAL 8 OUTPUT FOR STARTING VALUE SET 4


  ITER  LOGLIKELIHOOD    ABS CHANGE   REL CHANGE      CLASS COUNTS    ALGORITHM
     1 -0.58293247D+04    0.0000000    0.0000000     98.447    72.318    EM
                                                      6.235
     2 -0.25895181D+04 3239.8066676    0.5557774     99.202    70.494    EM
                                                      7.304
     3 -0.25745065D+04   15.0115529    0.0057970     99.461    67.796    EM
                                                      9.743
     4 -0.25545084D+04   19.9981574    0.0077678     98.191    66.303    EM
                                                     12.507
     5 -0.25387232D+04   15.7851873    0.0061793     97.672    64.359    EM
                                                     14.969
     6 -0.25354117D+04    3.3114980    0.0013044     97.863    62.730    EM
                                                     16.407
     7 -0.25346838D+04    0.7278892    0.0002871     98.453    61.466    EM
                                                     17.082


  TECHNICAL 8 OUTPUT FOR STARTING VALUE SET 5


  ITER  LOGLIKELIHOOD    ABS CHANGE   REL CHANGE      CLASS COUNTS    ALGORITHM
     1 -0.50175745D+04    0.0000000    0.0000000    108.935    50.888    EM
                                                     17.177
     2 -0.25978419D+04 2419.7326467    0.4822515    114.103    47.051    EM
                                                     15.846
     3 -0.25864990D+04   11.3428242    0.0043662    115.404    44.088    EM
                                                     17.508
     4 -0.25776922D+04    8.8068579    0.0034049    115.004    41.441    EM
                                                     20.555
     5 -0.25709062D+04    6.7859920    0.0026326    114.261    39.436    EM
                                                     23.303
     6 -0.25657830D+04    5.1232082    0.0019928    113.425    38.051    EM
                                                     25.524
     7 -0.25583850D+04    7.3980189    0.0028833    112.825    37.469    EM
                                                     26.706
     8 -0.25495001D+04    8.8849150    0.0034729    113.657    37.717    EM
                                                     25.626
     9 -0.25424462D+04    7.0538696    0.0027668    115.597    38.242    EM
                                                     23.161
    10 -0.25378700D+04    4.5762278    0.0017999    117.503    38.678    EM
                                                     20.820


  TECHNICAL 8 OUTPUT FOR STARTING VALUE SET 6


  ITER  LOGLIKELIHOOD    ABS CHANGE   REL CHANGE      CLASS COUNTS    ALGORITHM
     1 -0.49329043D+04    0.0000000    0.0000000      6.569   161.227    EM
                                                      9.204
     2 -0.25903304D+04 2342.5738738    0.4748874      5.234   163.049    EM
                                                      8.718
     3 -0.25866309D+04    3.6995108    0.0014282      5.947   161.202    EM
                                                      9.850
     4 -0.25847121D+04    1.9187964    0.0007418      7.138   158.656    EM
                                                     11.206
     5 -0.25824160D+04    2.2961127    0.0008883      8.762   155.793    EM
                                                     12.445
     6 -0.25800681D+04    2.3479644    0.0009092     10.785   153.178    EM
                                                     13.037
     7 -0.25786474D+04    1.4206593    0.0005506     13.073   150.773    EM
                                                     13.154
     8 -0.25777162D+04    0.9311637    0.0003611     15.492   148.422    EM
                                                     13.086


  TECHNICAL 8 OUTPUT FOR STARTING VALUE SET 7


  ITER  LOGLIKELIHOOD    ABS CHANGE   REL CHANGE      CLASS COUNTS    ALGORITHM
     1 -0.63091418D+04    0.0000000    0.0000000     29.368   132.389    EM
                                                     15.242
     2 -0.25974081D+04 3711.7337243    0.5883104     24.362   137.192    EM
                                                     15.446
     3 -0.25885084D+04    8.8997372    0.0034264     22.844   137.585    EM
                                                     16.571
     4 -0.25851444D+04    3.3640014    0.0012996     22.520   137.025    EM
                                                     17.455
     5 -0.25829924D+04    2.1519859    0.0008324     22.934   136.307    EM
                                                     17.759
     6 -0.25814240D+04    1.5683879    0.0006072     23.702   135.535    EM
                                                     17.763
     7 -0.25802222D+04    1.2017813    0.0004655     24.419   134.835    EM
                                                     17.747
     8 -0.25793527D+04    0.8695503    0.0003370     24.784   134.398    EM
                                                     17.818


  TECHNICAL 8 OUTPUT FOR STARTING VALUE SET 8


  ITER  LOGLIKELIHOOD    ABS CHANGE   REL CHANGE      CLASS COUNTS    ALGORITHM
     1 -0.48571769D+04    0.0000000    0.0000000    137.742     9.766    EM
                                                     29.492
     2 -0.25890746D+04 2268.1023256    0.4669590    141.781     6.840    EM
                                                     28.379
     3 -0.25808307D+04    8.2438479    0.0031841    143.432     5.833    EM
                                                     27.734
     4 -0.25660642D+04   14.7665388    0.0057216    141.403     8.205    EM
                                                     27.392
     5 -0.25461055D+04   19.9586946    0.0077779    137.977    11.888    EM
                                                     27.135
     6 -0.25381337D+04    7.9717558    0.0031310    135.634    14.406    EM
                                                     26.960
     7 -0.25358004D+04    2.3332987    0.0009193    134.191    15.954    EM
                                                     26.855
     8 -0.25351047D+04    0.6956886    0.0002743    133.408    16.812    EM
                                                     26.781


  TECHNICAL 8 OUTPUT FOR STARTING VALUE SET 9


  ITER  LOGLIKELIHOOD    ABS CHANGE   REL CHANGE      CLASS COUNTS    ALGORITHM
     1 -0.37352705D+04    0.0000000    0.0000000      1.085   169.004    EM
                                                      6.912
     2 -0.25706619D+04 1164.6085918    0.3117869      1.065   170.158    EM
                                                      5.776
     3 -0.25694886D+04    1.1732890    0.0004564      1.062   170.068    EM
                                                      5.871
     4 -0.25690879D+04    0.4007019    0.0001559      1.061   169.612    EM
                                                      6.327


  TECHNICAL 8 OUTPUT FOR STARTING VALUE SET 10


  ITER  LOGLIKELIHOOD    ABS CHANGE   REL CHANGE      CLASS COUNTS    ALGORITHM
     1 -0.49293315D+04    0.0000000    0.0000000     43.973    98.495    EM
                                                     34.532
     2 -0.25966063D+04 2332.7252222    0.4732336     38.572   101.682    EM
                                                     36.746
     3 -0.25781095D+04   18.4968602    0.0071235     32.768   103.484    EM
                                                     40.748
     4 -0.25623281D+04   15.7813651    0.0061213     27.338   105.186    EM
                                                     44.476
     5 -0.25522217D+04   10.1064346    0.0039442     23.042   106.313    EM
                                                     47.645
     6 -0.25470530D+04    5.1686975    0.0020252     20.347   106.152    EM
                                                     50.501
     7 -0.25448512D+04    2.2017796    0.0008644     18.951   104.790    EM
                                                     53.258
     8 -0.25439492D+04    0.9019819    0.0003544     18.295   102.632    EM
                                                     56.073


  TECHNICAL 8 OUTPUT FOR STARTING VALUE SET 11


  ITER  LOGLIKELIHOOD    ABS CHANGE   REL CHANGE      CLASS COUNTS    ALGORITHM
     1 -0.69668937D+04    0.0000000    0.0000000     89.683    30.468    EM
                                                     56.849
     2 -0.25957613D+04 4371.1324526    0.6274148     87.939    29.286    EM
                                                     59.775
     3 -0.25758890D+04   19.8722236    0.0076556     84.752    28.270    EM
                                                     63.978
     4 -0.25673180D+04    8.5710268    0.0033274     81.202    27.400    EM
                                                     68.398
     5 -0.25639621D+04    3.3559615    0.0013072     77.850    26.500    EM
                                                     72.650
     6 -0.25624099D+04    1.5521815    0.0006054     74.744    25.616    EM
                                                     76.640
     7 -0.25613862D+04    1.0236928    0.0003995     71.831    24.837    EM
                                                     80.332
     8 -0.25605853D+04    0.8008681    0.0003127     69.070    24.205    EM
                                                     83.725


  TECHNICAL 8 OUTPUT FOR STARTING VALUE SET 12


  ITER  LOGLIKELIHOOD    ABS CHANGE   REL CHANGE      CLASS COUNTS    ALGORITHM
     1 -0.44531208D+04    0.0000000    0.0000000      9.635   161.129    EM
                                                      6.236
     2 -0.25736363D+04 1879.4844841    0.4220601     12.315   159.998    EM
                                                      4.686
     3 -0.25533945D+04   20.2417808    0.0078651     15.144   156.404    EM
                                                      5.452
     4 -0.25476426D+04    5.7519089    0.0022527     16.639   153.518    EM
                                                      6.843
     5 -0.25463584D+04    1.2842167    0.0005041     17.393   151.051    EM
                                                      8.556
     6 -0.25456029D+04    0.7555314    0.0002967     17.768   148.782    EM
                                                     10.449


  TECHNICAL 8 OUTPUT FOR STARTING VALUE SET 13


  ITER  LOGLIKELIHOOD    ABS CHANGE   REL CHANGE      CLASS COUNTS    ALGORITHM
     1 -0.59204079D+04    0.0000000    0.0000000     19.812   143.327    EM
                                                     13.861
     2 -0.25758452D+04 3344.5626092    0.5649210     18.306   145.448    EM
                                                     13.246
     3 -0.25518621D+04   23.9831306    0.0093108     17.281   146.760    EM
                                                     12.959
     4 -0.25429966D+04    8.8655382    0.0034741     16.688   146.020    EM
                                                     14.292
     5 -0.25414411D+04    1.5555062    0.0006117     16.558   144.187    EM
                                                     16.254
     6 -0.25405209D+04    0.9201484    0.0003621     16.635   141.910    EM
                                                     18.455


  TECHNICAL 8 OUTPUT FOR STARTING VALUE SET 14


  ITER  LOGLIKELIHOOD    ABS CHANGE   REL CHANGE      CLASS COUNTS    ALGORITHM
     1 -0.53997340D+04    0.0000000    0.0000000     10.798   144.459    EM
                                                     21.742
     2 -0.25946316D+04 2805.1023847    0.5194890     10.373   146.601    EM
                                                     20.026
     3 -0.25901994D+04    4.4322332    0.0017082     11.599   144.213    EM
                                                     21.188
     4 -0.25887753D+04    1.4240953    0.0005498     13.102   141.190    EM
                                                     22.708
     5 -0.25877889D+04    0.9864002    0.0003810     14.702   137.862    EM
                                                     24.436


  TECHNICAL 8 OUTPUT FOR STARTING VALUE SET 15


  ITER  LOGLIKELIHOOD    ABS CHANGE   REL CHANGE      CLASS COUNTS    ALGORITHM
     1 -0.53283948D+04    0.0000000    0.0000000     98.648    18.603    EM
                                                     59.748
     2 -0.26035619D+04 2724.8329316    0.5113797    101.227    16.293    EM
                                                     59.479
     3 -0.25934786D+04   10.0832780    0.0038729    100.800    16.496    EM
                                                     59.704
     4 -0.25913646D+04    2.1139852    0.0008151     99.780    17.110    EM
                                                     60.111
     5 -0.25904043D+04    0.9602698    0.0003706     98.508    17.975    EM
                                                     60.517


  TECHNICAL 8 OUTPUT FOR STARTING VALUE SET 16


  ITER  LOGLIKELIHOOD    ABS CHANGE   REL CHANGE      CLASS COUNTS    ALGORITHM
     1 -0.54819972D+04    0.0000000    0.0000000    144.756    11.899    EM
                                                     20.345
     2 -0.25887541D+04 2893.2431440    0.5277717    148.045    10.529    EM
                                                     18.426
     3 -0.25827472D+04    6.0069264    0.0023204    146.241    12.292    EM
                                                     18.467
     4 -0.25807013D+04    2.0458620    0.0007921    143.776    14.801    EM
                                                     18.423
     5 -0.25791713D+04    1.5300330    0.0005929    141.382    17.477    EM
                                                     18.142
     6 -0.25779219D+04    1.2493164    0.0004844    139.230    20.122    EM
                                                     17.648
     7 -0.25769041D+04    1.0178289    0.0003948    137.267    22.708    EM
                                                     17.025
     8 -0.25760639D+04    0.8402027    0.0003261    135.405    25.252    EM
                                                     16.342


  TECHNICAL 8 OUTPUT FOR STARTING VALUE SET 17


  ITER  LOGLIKELIHOOD    ABS CHANGE   REL CHANGE      CLASS COUNTS    ALGORITHM
     1 -0.74606323D+04    0.0000000    0.0000000     74.636    78.860    EM
                                                     23.504
     2 -0.25936423D+04 4866.9899783    0.6523562     70.772    81.184    EM
                                                     25.043
     3 -0.25849928D+04    8.6495222    0.0033349     66.670    83.057    EM
                                                     27.273
     4 -0.25810892D+04    3.9036236    0.0015101     62.661    84.388    EM
                                                     29.952
     5 -0.25777659D+04    3.3233244    0.0012876     58.777    85.125    EM
                                                     33.099
     6 -0.25739107D+04    3.8551371    0.0014955     54.964    85.557    EM
                                                     36.479
     7 -0.25700739D+04    3.8368110    0.0014907     51.538    86.182    EM
                                                     39.280
     8 -0.25675271D+04    2.5468054    0.0009909     48.622    87.240    EM
                                                     41.138
     9 -0.25660065D+04    1.5205793    0.0005922     46.072    88.724    EM
                                                     42.203
    10 -0.25648078D+04    1.1987288    0.0004672     43.792    90.583    EM
                                                     42.625


  TECHNICAL 8 OUTPUT FOR STARTING VALUE SET 18


  ITER  LOGLIKELIHOOD    ABS CHANGE   REL CHANGE      CLASS COUNTS    ALGORITHM
     1 -0.49399816D+04    0.0000000    0.0000000    154.670    21.466    EM
                                                      0.864
     2 -0.25875064D+04 2352.4751272    0.4762113    154.199    21.717    EM
                                                      1.084
     3 -0.25816846D+04    5.8218640    0.0022500    151.936    23.461    EM
                                                      1.603
     4 -0.25770674D+04    4.6172017    0.0017884    149.166    25.519    EM
                                                      2.315
     5 -0.25717635D+04    5.3038688    0.0020581    146.062    27.971    EM
                                                      2.967
     6 -0.25661456D+04    5.6178820    0.0021844    143.643    29.942    EM
                                                      3.416
     7 -0.25608399D+04    5.3056888    0.0020676    143.073    29.991    EM
                                                      3.936
     8 -0.25564107D+04    4.4292573    0.0017296    143.966    27.999    EM
                                                      5.035
     9 -0.25504549D+04    5.9557453    0.0023297    145.225    25.214    EM
                                                      6.560
    10 -0.25449053D+04    5.5496753    0.0021760    146.203    22.480    EM
                                                      8.317


  TECHNICAL 8 OUTPUT FOR STARTING VALUE SET 19


  ITER  LOGLIKELIHOOD    ABS CHANGE   REL CHANGE      CLASS COUNTS    ALGORITHM
     1 -0.63513344D+04    0.0000000    0.0000000     62.806    94.043    EM
                                                     20.151
     2 -0.25780418D+04 3773.2926466    0.5940945     51.379   102.871    EM
                                                     22.750
     3 -0.25667853D+04   11.2565106    0.0043663     45.378   107.620    EM
                                                     24.002
     4 -0.25603752D+04    6.4100979    0.0024973     40.544   111.988    EM
                                                     24.468
     5 -0.25554992D+04    4.8760179    0.0019044     36.086   116.253    EM
                                                     24.661
     6 -0.25512167D+04    4.2824399    0.0016758     31.879   120.207    EM
                                                     24.914
     7 -0.25460720D+04    5.1446644    0.0020166     27.742   123.633    EM
                                                     25.625
     8 -0.25406534D+04    5.4186594    0.0021282     23.935   126.332    EM
                                                     26.733
     9 -0.25365926D+04    4.0607921    0.0015983     21.126   128.094    EM
                                                     27.780
    10 -0.25345438D+04    2.0487632    0.0008077     19.368   128.959    EM
                                                     28.672


  TECHNICAL 8 OUTPUT FOR STARTING VALUE SET 20


  ITER  LOGLIKELIHOOD    ABS CHANGE   REL CHANGE      CLASS COUNTS    ALGORITHM
     1 -0.36052831D+04    0.0000000    0.0000000      0.036     4.649    EM
                                                    172.315
     2 -0.25912524D+04 1014.0307616    0.2812624      1.024     4.403    EM
                                                    171.573
     3 -0.25842227D+04    7.0296672    0.0027128      1.285     5.731    EM
                                                    169.983
     4 -0.25759213D+04    8.3013598    0.0032123      2.161     8.389    EM
                                                    166.450
     5 -0.25665674D+04    9.3539588    0.0036313      2.519    11.030    EM
                                                    163.451
     6 -0.25643376D+04    2.2297572    0.0008688      3.119    13.169    EM
                                                    160.712
     7 -0.25618154D+04    2.5221807    0.0009836      4.854    14.837    EM
                                                    157.309
     8 -0.25543672D+04    7.4482394    0.0029074      8.798    16.081    EM
                                                    152.121
     9 -0.25429358D+04   11.4314500    0.0044753     12.249    17.018    EM
                                                    147.733
    10 -0.25374367D+04    5.4990302    0.0021625     14.624    17.703    EM
                                                    144.673


  FINAL STAGE ITERATIONS


  TECHNICAL 8 OUTPUT FOR STARTING VALUE SET 19


    10 -0.25345438D+04    2.0487632    0.0008077     19.368   128.959    EM
                                                     28.672
    11 -0.25337782D+04    0.7656504    0.0003021     18.416   129.193    EM
                                                     29.391
    12 -0.25335446D+04    0.2335555    0.0000922     17.946   129.077    EM
                                                     29.978
    13 -0.25334694D+04    0.0752304    0.0000297     17.721   128.795    EM
                                                     30.483
    14 -0.25334344D+04    0.0350444    0.0000138     17.613   128.447    EM
                                                     30.940
    15 -0.25334106D+04    0.0237201    0.0000094     17.559   128.077    EM
                                                     31.364
    16 -0.25333913D+04    0.0193338    0.0000076     17.530   127.706    EM
                                                     31.763
    17 -0.25333745D+04    0.0168330    0.0000066     17.514   127.344    EM
                                                     32.142
    18 -0.25333595D+04    0.0149902    0.0000059     17.504   126.993    EM
                                                     32.503
    19 -0.25333460D+04    0.0134721    0.0000053     17.497   126.656    EM
                                                     32.847
    20 -0.25333338D+04    0.0121650    0.0000048     17.492   126.332    EM
                                                     33.176
    21 -0.25333228D+04    0.0110180    0.0000043     17.487   126.022    EM
                                                     33.491
    22 -0.25333128D+04    0.0100012    0.0000039     17.484   125.724    EM
                                                     33.793
    23 -0.25333037D+04    0.0090938    0.0000036     17.481   125.438    EM
                                                     34.081
    24 -0.25332954D+04    0.0082802    0.0000033     17.478   125.164    EM
                                                     34.358
    25 -0.25332879D+04    0.0075480    0.0000030     17.475   124.901    EM
                                                     34.624
    26 -0.25332810D+04    0.0068869    0.0000027     17.473   124.649    EM
                                                     34.878
    27 -0.25332747D+04    0.0062887    0.0000025     17.471   124.407    EM
                                                     35.122
    28 -0.25332690D+04    0.0057459    0.0000023     17.470   124.175    EM
                                                     35.356
    29 -0.25332637D+04    0.0052527    0.0000021     17.468   123.952    EM
                                                     35.580
    30 -0.25332589D+04    0.0048038    0.0000019     17.467   123.738    EM
                                                     35.795
    31 -0.25332545D+04    0.0043946    0.0000017     17.466   123.533    EM
                                                     36.001
    32 -0.25332505D+04    0.0040212    0.0000016     17.464   123.336    EM
                                                     36.199
    33 -0.25332468D+04    0.0036802    0.0000015     17.463   123.148    EM
                                                     36.389
    34 -0.25332435D+04    0.0033684    0.0000013     17.463   122.967    EM
                                                     36.571
    35 -0.25332404D+04    0.0030833    0.0000012     17.462   122.793    EM
                                                     36.745
    36 -0.25332376D+04    0.0028223    0.0000011     17.461   122.627    EM
                                                     36.912
    37 -0.25332350D+04    0.0025833    0.0000010     17.460   122.467    EM
                                                     37.073
    38 -0.25332326D+04    0.0023645    0.0000009     17.460   122.314    EM
                                                     37.226
    39 -0.25332236D+04    0.0090115    0.0000036     17.454   121.258    FS
                                                     38.289
    40 -0.25332205D+04    0.0030456    0.0000012     17.459   121.041    FS
                                                     38.500
    41 -0.25332172D+04    0.0033011    0.0000013     17.458   120.959    EM
                                                     38.583
    42 -0.25332162D+04    0.0010388    0.0000004     17.457   120.879    EM
                                                     38.664
    43 -0.25332154D+04    0.0008333    0.0000003     17.456   120.800    EM
                                                     38.744
    44 -0.25332146D+04    0.0007271    0.0000003     17.456   120.723    EM
                                                     38.821
    45 -0.25332140D+04    0.0006475    0.0000003     17.456   120.648    EM
                                                     38.896
    46 -0.25332134D+04    0.0005821    0.0000002     17.456   120.576    EM
                                                     38.968
    47 -0.25332129D+04    0.0005262    0.0000002     17.456   120.505    EM
                                                     39.039
    48 -0.25332124D+04    0.0004773    0.0000002     17.456   120.438    EM
                                                     39.106
    49 -0.25332120D+04    0.0004338    0.0000002     17.456   120.372    EM
                                                     39.171
    50 -0.25332116D+04    0.0003947    0.0000002     17.456   120.310    EM
                                                     39.234
    51 -0.25332112D+04    0.0003594    0.0000001     17.456   120.250    EM
                                                     39.294
    52 -0.25332109D+04    0.0003275    0.0000001     17.456   120.192    EM
                                                     39.352
    53 -0.25332106D+04    0.0002984    0.0000001     17.456   120.137    EM
                                                     39.407
    54 -0.25332103D+04    0.0002719    0.0000001     17.456   120.084    EM
                                                     39.460
    55 -0.25332101D+04    0.0002478    0.0000001     17.456   120.033    EM
                                                     39.511
    56 -0.25332099D+04    0.0002258    0.0000001     17.456   119.985    EM
                                                     39.559
    57 -0.25332096D+04    0.0002057    0.0000001     17.456   119.938    EM
                                                     39.605
    58 -0.25332095D+04    0.0001874    0.0000001     17.456   119.894    EM
                                                     39.650
    59 -0.25332093D+04    0.0001707    0.0000001     17.457   119.852    EM
                                                     39.692
    60 -0.25332091D+04    0.0001555    0.0000001     17.457   119.811    EM
                                                     39.732
    61 -0.25332090D+04    0.0001416    0.0000001     17.457   119.773    EM
                                                     39.771
    62 -0.25332089D+04    0.0001289    0.0000001     17.457   119.736    EM
                                                     39.808
    63 -0.25332087D+04    0.0001174    0.0000000     17.457   119.701    EM
                                                     39.843
    64 -0.25332086D+04    0.0001069    0.0000000     17.457   119.667    EM
                                                     39.876
    65 -0.25332085D+04    0.0000973    0.0000000     17.457   119.635    EM
                                                     39.908
    66 -0.25332085D+04    0.0000886    0.0000000     17.457   119.604    EM
                                                     39.939
    67 -0.25332084D+04    0.0000806    0.0000000     17.457   119.575    EM
                                                     39.968
    68 -0.25332076D+04    0.0008091    0.0000003     17.458   118.974    QN
                                                     40.568
    69 -0.25332076D+04    0.0000000    0.0000000     17.458   118.974    EM
                                                     40.568


  TECHNICAL 8 OUTPUT FOR STARTING VALUE SET 4


     7 -0.25346838D+04    0.7278892    0.0002871     98.453    61.466    EM
                                                     17.082
     8 -0.25344392D+04    0.2446125    0.0000965     99.238    60.380    EM
                                                     17.382
     9 -0.25342964D+04    0.1428165    0.0000564    100.107    59.375    EM
                                                     17.518
    10 -0.25341810D+04    0.1153987    0.0000455    101.007    58.412    EM
                                                     17.581
    11 -0.25340767D+04    0.1042189    0.0000411    101.914    57.475    EM
                                                     17.611
    12 -0.25339792D+04    0.0975227    0.0000385    102.818    56.559    EM
                                                     17.623
    13 -0.25338872D+04    0.0919735    0.0000363    103.709    55.665    EM
                                                     17.626
    14 -0.25338011D+04    0.0861605    0.0000340    104.580    54.796    EM
                                                     17.624
    15 -0.25337217D+04    0.0794300    0.0000313    105.426    53.956    EM
                                                     17.619
    16 -0.25336500D+04    0.0716766    0.0000283    106.240    53.150    EM
                                                     17.611
    17 -0.25335868D+04    0.0632044    0.0000249    107.016    52.383    EM
                                                     17.601
    18 -0.25335322D+04    0.0545572    0.0000215    107.751    51.658    EM
                                                     17.591
    19 -0.25334859D+04    0.0463045    0.0000183    108.443    50.977    EM
                                                     17.580
    20 -0.25334470D+04    0.0388684    0.0000153    109.091    50.339    EM
                                                     17.569
    21 -0.25334146D+04    0.0324699    0.0000128    109.696    49.745    EM
                                                     17.559
    22 -0.25333874D+04    0.0271416    0.0000107    110.258    49.192    EM
                                                     17.549
    23 -0.25333646D+04    0.0227934    0.0000090    110.781    48.678    EM
                                                     17.541
    24 -0.25333454D+04    0.0192765    0.0000076    111.267    48.200    EM
                                                     17.532
    25 -0.25333289D+04    0.0164317    0.0000065    111.719    47.756    EM
                                                     17.525
    26 -0.25333148D+04    0.0141155    0.0000056    112.139    47.343    EM
                                                     17.518
    27 -0.25333026D+04    0.0122113    0.0000048    112.529    46.958    EM
                                                     17.513
    28 -0.25332920D+04    0.0106275    0.0000042    112.894    46.599    EM
                                                     17.507
    29 -0.25332827D+04    0.0092954    0.0000037    113.233    46.264    EM
                                                     17.503
    30 -0.25332745D+04    0.0081633    0.0000032    113.551    45.951    EM
                                                     17.498
    31 -0.25332673D+04    0.0071930    0.0000028    113.848    45.658    EM
                                                     17.495
    32 -0.25332610D+04    0.0063553    0.0000025    114.126    45.383    EM
                                                     17.491
    33 -0.25332553D+04    0.0056281    0.0000022    114.387    45.125    EM
                                                     17.488
    34 -0.25332504D+04    0.0049937    0.0000020    114.632    44.883    EM
                                                     17.486
    35 -0.25332459D+04    0.0044382    0.0000018    114.862    44.655    EM
                                                     17.483
    36 -0.25332420D+04    0.0039503    0.0000016    115.078    44.441    EM
                                                     17.481
    37 -0.25332384D+04    0.0035206    0.0000014    115.281    44.239    EM
                                                     17.479
    38 -0.25332252D+04    0.0132245    0.0000052    116.774    42.745    FS
                                                     17.481
    39 -0.25332200D+04    0.0051874    0.0000020    116.858    42.667    EM
                                                     17.475
    40 -0.25332184D+04    0.0016239    0.0000006    116.945    42.584    EM
                                                     17.472
    41 -0.25332171D+04    0.0012727    0.0000005    117.031    42.500    EM
                                                     17.470
    42 -0.25332161D+04    0.0010567    0.0000004    117.116    42.416    EM
                                                     17.468
    43 -0.25332152D+04    0.0009016    0.0000004    117.198    42.334    EM
                                                     17.467
    44 -0.25332144D+04    0.0007826    0.0000003    117.279    42.255    EM
                                                     17.466
    45 -0.25332137D+04    0.0006872    0.0000003    117.357    42.178    EM
                                                     17.466
    46 -0.25332131D+04    0.0006085    0.0000002    117.432    42.103    EM
                                                     17.465
    47 -0.25332126D+04    0.0005419    0.0000002    117.504    42.032    EM
                                                     17.464
    48 -0.25332121D+04    0.0004845    0.0000002    117.573    41.963    EM
                                                     17.464
    49 -0.25332116D+04    0.0004346    0.0000002    117.639    41.897    EM
                                                     17.463
    50 -0.25332112D+04    0.0003907    0.0000002    117.703    41.834    EM
                                                     17.463
    51 -0.25332109D+04    0.0003517    0.0000001    117.763    41.774    EM
                                                     17.463
    52 -0.25332106D+04    0.0003171    0.0000001    117.821    41.717    EM
                                                     17.462
    53 -0.25332103D+04    0.0002861    0.0000001    117.876    41.662    EM
                                                     17.462
    54 -0.25332100D+04    0.0002583    0.0000001    117.929    41.610    EM
                                                     17.462
    55 -0.25332098D+04    0.0002334    0.0000001    117.979    41.560    EM
                                                     17.461
    56 -0.25332096D+04    0.0002109    0.0000001    118.026    41.513    EM
                                                     17.461
    57 -0.25332094D+04    0.0001907    0.0000001    118.072    41.467    EM
                                                     17.461
    58 -0.25332092D+04    0.0001725    0.0000001    118.115    41.424    EM
                                                     17.461
    59 -0.25332091D+04    0.0001561    0.0000001    118.156    41.383    EM
                                                     17.461
    60 -0.25332089D+04    0.0001412    0.0000001    118.195    41.345    EM
                                                     17.460
    61 -0.25332088D+04    0.0001278    0.0000001    118.232    41.307    EM
                                                     17.460
    62 -0.25332087D+04    0.0001157    0.0000000    118.268    41.272    EM
                                                     17.460
    63 -0.25332086D+04    0.0001048    0.0000000    118.302    41.238    EM
                                                     17.460
    64 -0.25332076D+04    0.0010149    0.0000004    118.974    40.568    QN
                                                     17.458
    65 -0.25332076D+04    0.0000000    0.0000000    118.974    40.568    EM
                                                     17.458


  TECHNICAL 8 OUTPUT FOR STARTING VALUE SET 3


     7 -0.25347389D+04    0.4695299    0.0001852     17.043   136.766    EM
                                                     23.192
     8 -0.25345981D+04    0.1407448    0.0000555     17.434   136.489    EM
                                                     23.077
     9 -0.25345576D+04    0.0405655    0.0000160     17.638   136.387    EM
                                                     22.975
    10 -0.25345452D+04    0.0123391    0.0000049     17.744   136.373    EM
                                                     22.883
    11 -0.25345408D+04    0.0044022    0.0000017     17.799   136.403    EM
                                                     22.798
    12 -0.25345388D+04    0.0020735    0.0000008     17.828   136.454    EM
                                                     22.718
    13 -0.25345374D+04    0.0013212    0.0000005     17.843   136.514    EM
                                                     22.643
    14 -0.25345364D+04    0.0010306    0.0000004     17.851   136.578    EM
                                                     22.571
    15 -0.25345355D+04    0.0008857    0.0000003     17.856   136.642    EM
                                                     22.502
    16 -0.25345347D+04    0.0007923    0.0000003     17.859   136.705    EM
                                                     22.436
    17 -0.25345340D+04    0.0007206    0.0000003     17.861   136.767    EM
                                                     22.372
    18 -0.25345333D+04    0.0006595    0.0000003     17.862   136.826    EM
                                                     22.312
    19 -0.25345327D+04    0.0006047    0.0000002     17.863   136.883    EM
                                                     22.254
    20 -0.25345322D+04    0.0005544    0.0000002     17.864   136.938    EM
                                                     22.198
    21 -0.25345317D+04    0.0005076    0.0000002     17.865   136.990    EM
                                                     22.145
    22 -0.25345312D+04    0.0004639    0.0000002     17.866   137.040    EM
                                                     22.094
    23 -0.25345308D+04    0.0004230    0.0000002     17.866   137.088    EM
                                                     22.046
    24 -0.25345304D+04    0.0003848    0.0000002     17.867   137.133    EM
                                                     22.000
    25 -0.25345301D+04    0.0003492    0.0000001     17.868   137.176    EM
                                                     21.956
    26 -0.25345297D+04    0.0003161    0.0000001     17.868   137.217    EM
                                                     21.915
    27 -0.25345295D+04    0.0002855    0.0000001     17.869   137.255    EM
                                                     21.876
    28 -0.25345292D+04    0.0002573    0.0000001     17.870   137.292    EM
                                                     21.838
    29 -0.25345290D+04    0.0002313    0.0000001     17.870   137.327    EM
                                                     21.803
    30 -0.25345288D+04    0.0002076    0.0000001     17.871   137.360    EM
                                                     21.770
    31 -0.25345286D+04    0.0001859    0.0000001     17.871   137.391    EM
                                                     21.738
    32 -0.25345284D+04    0.0001661    0.0000001     17.871   137.420    EM
                                                     21.708
    33 -0.25345283D+04    0.0001482    0.0000001     17.872   137.448    EM
                                                     21.680
    34 -0.25345281D+04    0.0001320    0.0000001     17.872   137.474    EM
                                                     21.654
    35 -0.25345280D+04    0.0001173    0.0000000     17.873   137.499    EM
                                                     21.629
    36 -0.25345279D+04    0.0001041    0.0000000     17.873   137.522    EM
                                                     21.605
    37 -0.25345278D+04    0.0000923    0.0000000     17.873   137.543    EM
                                                     21.583
    38 -0.25345277D+04    0.0000817    0.0000000     17.874   137.564    EM
                                                     21.563
    39 -0.25345277D+04    0.0000722    0.0000000     17.874   137.583    EM
                                                     21.543
    40 -0.25345276D+04    0.0000637    0.0000000     17.874   137.601    EM
                                                     21.525
    41 -0.25345275D+04    0.0000562    0.0000000     17.874   137.618    EM
                                                     21.508
    42 -0.25345275D+04    0.0000495    0.0000000     17.875   137.634    EM
                                                     21.491
    43 -0.25345274D+04    0.0001080    0.0000000     17.877   137.729    FS
                                                     21.395
    44 -0.25345273D+04    0.0001229    0.0000000     17.876   137.735    EM
                                                     21.389
    45 -0.25345272D+04    0.0000199    0.0000000     17.876   137.742    EM
                                                     21.381
    46 -0.25345272D+04    0.0000132    0.0000000     17.876   137.750    EM
                                                     21.374
    47 -0.25345272D+04    0.0000110    0.0000000     17.876   137.757    EM
                                                     21.366
    48 -0.25345272D+04    0.0000095    0.0000000     17.877   137.764    EM
                                                     21.359
    49 -0.25345272D+04    0.0000083    0.0000000     17.877   137.771    EM
                                                     21.353
    50 -0.25345272D+04    0.0000072    0.0000000     17.877   137.777    EM
                                                     21.347
    51 -0.25345272D+04    0.0000063    0.0000000     17.877   137.782    EM
                                                     21.341
    52 -0.25345272D+04    0.0000055    0.0000000     17.877   137.787    EM
                                                     21.336
    53 -0.25345272D+04    0.0000048    0.0000000     17.877   137.792    EM
                                                     21.331
    54 -0.25345272D+04    0.0000041    0.0000000     17.877   137.797    EM
                                                     21.326
    55 -0.25345272D+04    0.0000036    0.0000000     17.877   137.801    EM
                                                     21.322
    56 -0.25345272D+04    0.0000031    0.0000000     17.877   137.805    EM
                                                     21.318
    57 -0.25345272D+04    0.0000027    0.0000000     17.877   137.809    EM
                                                     21.314
    58 -0.25345272D+04    0.0000024    0.0000000     17.877   137.812    EM
                                                     21.311
    59 -0.25345272D+04    0.0000021    0.0000000     17.877   137.815    EM
                                                     21.307
    60 -0.25345272D+04    0.0000018    0.0000000     17.877   137.818    EM
                                                     21.304
    61 -0.25345272D+04    0.0000016    0.0000000     17.877   137.821    EM
                                                     21.302
    62 -0.25345272D+04    0.0000013    0.0000000     17.877   137.824    EM
                                                     21.299
    63 -0.25345272D+04    0.0000012    0.0000000     17.877   137.826    EM
                                                     21.296
    64 -0.25345272D+04    0.0000010    0.0000000     17.877   137.828    EM
                                                     21.294
    65 -0.25345272D+04    0.0000009    0.0000000     17.877   137.830    EM
                                                     21.292
    66 -0.25345272D+04    0.0000008    0.0000000     17.877   137.832    EM
                                                     21.290
    67 -0.25345272D+04    0.0000007    0.0000000     17.877   137.834    EM
                                                     21.288
    68 -0.25345271D+04    0.0000043    0.0000000     17.878   137.859    QN
                                                     21.263
    69 -0.25345271D+04    0.0000000    0.0000000     17.878   137.859    EM
                                                     21.263


  TECHNICAL 8 OUTPUT FOR STARTING VALUE SET 8


     8 -0.25351047D+04    0.6956886    0.0002743    133.408    16.812    EM
                                                     26.781
     9 -0.25348892D+04    0.2154929    0.0000850    133.021    17.262    EM
                                                     26.718
    10 -0.25348155D+04    0.0737707    0.0000291    132.847    17.494    EM
                                                     26.659
    11 -0.25347806D+04    0.0348908    0.0000138    132.786    17.615    EM
                                                     26.599
    12 -0.25347565D+04    0.0241110    0.0000095    132.788    17.679    EM
                                                     26.534
    13 -0.25347356D+04    0.0208576    0.0000082    132.827    17.714    EM
                                                     26.460
    14 -0.25347160D+04    0.0195889    0.0000077    132.889    17.734    EM
                                                     26.377
    15 -0.25346973D+04    0.0187670    0.0000074    132.969    17.747    EM
                                                     26.285
    16 -0.25346793D+04    0.0179221    0.0000071    133.059    17.756    EM
                                                     26.185
    17 -0.25346624D+04    0.0168927    0.0000067    133.159    17.763    EM
                                                     26.078
    18 -0.25346468D+04    0.0156254    0.0000062    133.264    17.770    EM
                                                     25.967
    19 -0.25346327D+04    0.0141288    0.0000056    133.372    17.775    EM
                                                     25.852
    20 -0.25346202D+04    0.0124630    0.0000049    133.483    17.781    EM
                                                     25.736
    21 -0.25346095D+04    0.0107182    0.0000042    133.594    17.786    EM
                                                     25.620
    22 -0.25346005D+04    0.0090031    0.0000036    133.705    17.791    EM
                                                     25.504
    23 -0.25345931D+04    0.0074140    0.0000029    133.815    17.796    EM
                                                     25.389
    24 -0.25345871D+04    0.0060226    0.0000024    133.924    17.801    EM
                                                     25.275
    25 -0.25345822D+04    0.0048660    0.0000019    134.032    17.805    EM
                                                     25.163
    26 -0.25345783D+04    0.0039483    0.0000016    134.139    17.809    EM
                                                     25.053
    27 -0.25345750D+04    0.0032500    0.0000013    134.244    17.812    EM
                                                     24.944
    28 -0.25345723D+04    0.0027376    0.0000011    134.349    17.815    EM
                                                     24.836
    29 -0.25345699D+04    0.0023733    0.0000009    134.453    17.818    EM
                                                     24.729
    30 -0.25345678D+04    0.0021209    0.0000008    134.556    17.821    EM
                                                     24.623
    31 -0.25345658D+04    0.0019493    0.0000008    134.658    17.824    EM
                                                     24.518
    32 -0.25345640D+04    0.0018336    0.0000007    134.760    17.826    EM
                                                     24.414
    33 -0.25345622D+04    0.0017552    0.0000007    134.861    17.828    EM
                                                     24.310
    34 -0.25345605D+04    0.0017003    0.0000007    134.962    17.830    EM
                                                     24.208
    35 -0.25345589D+04    0.0016594    0.0000007    135.062    17.832    EM
                                                     24.106
    36 -0.25345572D+04    0.0016258    0.0000006    135.161    17.834    EM
                                                     24.005
    37 -0.25345557D+04    0.0015954    0.0000006    135.259    17.836    EM
                                                     23.905
    38 -0.25345541D+04    0.0015652    0.0000006    135.355    17.838    EM
                                                     23.807
    39 -0.25345526D+04    0.0015336    0.0000006    135.451    17.840    EM
                                                     23.709
    40 -0.25345511D+04    0.0014995    0.0000006    135.546    17.841    EM
                                                     23.613
    41 -0.25345461D+04    0.0049957    0.0000020    136.099    17.854    FS
                                                     23.047
    42 -0.25345421D+04    0.0039631    0.0000016    136.162    17.854    EM
                                                     22.984
    43 -0.25345408D+04    0.0013078    0.0000005    136.236    17.854    EM
                                                     22.910
    44 -0.25345397D+04    0.0010990    0.0000004    136.312    17.855    EM
                                                     22.834
    45 -0.25345387D+04    0.0010206    0.0000004    136.386    17.856    EM
                                                     22.758
    46 -0.25345377D+04    0.0009596    0.0000004    136.459    17.857    EM
                                                     22.684
    47 -0.25345368D+04    0.0009016    0.0000004    136.530    17.858    EM
                                                     22.612
    48 -0.25345360D+04    0.0008449    0.0000003    136.598    17.859    EM
                                                     22.543
    49 -0.25345352D+04    0.0007892    0.0000003    136.664    17.860    EM
                                                     22.476
    50 -0.25345344D+04    0.0007348    0.0000003    136.728    17.861    EM
                                                     22.412
    51 -0.25345338D+04    0.0006820    0.0000003    136.789    17.862    EM
                                                     22.350
    52 -0.25345331D+04    0.0006310    0.0000002    136.847    17.863    EM
                                                     22.290
    53 -0.25345325D+04    0.0005820    0.0000002    136.903    17.864    EM
                                                     22.233
    54 -0.25345320D+04    0.0005352    0.0000002    136.957    17.864    EM
                                                     22.179
    55 -0.25345315D+04    0.0004907    0.0000002    137.008    17.865    EM
                                                     22.127
    56 -0.25345311D+04    0.0004487    0.0000002    137.057    17.866    EM
                                                     22.077
    57 -0.25345307D+04    0.0004091    0.0000002    137.104    17.867    EM
                                                     22.030
    58 -0.25345303D+04    0.0003720    0.0000001    137.148    17.867    EM
                                                     21.985
    59 -0.25345299D+04    0.0003374    0.0000001    137.190    17.868    EM
                                                     21.942
    60 -0.25345296D+04    0.0003052    0.0000001    137.230    17.869    EM
                                                     21.901
    61 -0.25345294D+04    0.0002755    0.0000001    137.268    17.869    EM
                                                     21.862
    62 -0.25345291D+04    0.0002481    0.0000001    137.304    17.870    EM
                                                     21.826
    63 -0.25345289D+04    0.0002229    0.0000001    137.338    17.870    EM
                                                     21.791
    64 -0.25345287D+04    0.0001999    0.0000001    137.371    17.871    EM
                                                     21.759
    65 -0.25345271D+04    0.0015509    0.0000006    137.859    17.878    QN
                                                     21.263
    66 -0.25345271D+04    0.0000000    0.0000000    137.859    17.878    EM
                                                     21.263


     Beginning Time:  13:05:38
        Ending Time:  13:05:38
       Elapsed Time:  00:00:00



MUTHEN & MUTHEN
3463 Stoner Ave.
Los Angeles, CA  90066

Tel: (310) 391-9971
Fax: (310) 391-8971
Web: www.StatModel.com
Support: Support@StatModel.com

Copyright (c) 1998-2018 Muthen & Muthen
